[2025-08-07 14:12:27] Shell.ssd_write()              : read 10, content 0xC1F1FB6E, for_script is True
[2025-08-07 14:12:27] Shell.ssd_write()              : [Write] Done - 10, 0xC1F1FB6E
[2025-08-07 14:12:27] Shell.ssd_write()              : read 11, content 0x95149B70, for_script is True
[2025-08-07 14:12:27] Shell.ssd_write()              : [Write] Done - 11, 0x95149B70
[2025-08-07 14:12:27] Shell.ssd_read()               : read 7, for_script is True
[2025-08-07 14:12:27] Shell.read_output()            : function executed
[2025-08-07 14:12:27] Shell.read_output()            : {'0': '0x9D627766'}
[2025-08-07 14:12:27] Shell.ssd_read()               : [Read] LBA 7 : 0x9D627766
[2025-08-07 14:12:27] Shell.ssd_read()               : read 8, for_script is True
[2025-08-07 14:12:27] Shell.read_output()            : function executed
[2025-08-07 14:12:27] Shell.read_output()            : {'0': '0x0575C169'}
[2025-08-07 14:12:27] Shell.ssd_read()               : [Read] LBA 8 : 0x0575C169
[2025-08-07 14:12:27] Shell.ssd_read()               : read 9, for_script is True
[2025-08-07 14:12:27] Shell.read_output()            : function executed
[2025-08-07 14:12:27] Shell.read_output()            : {'0': '0xF14DC969'}
[2025-08-07 14:12:27] Shell.ssd_read()               : [Read] LBA 9 : 0xF14DC969
[2025-08-07 14:12:27] Shell.ssd_read()               : read 10, for_script is True
[2025-08-07 14:12:27] Shell.read_output()            : function executed
[2025-08-07 14:12:27] Shell.read_output()            : {'0': '0xC1F1FB6E'}
[2025-08-07 14:12:27] Shell.ssd_read()               : [Read] LBA 10 : 0xC1F1FB6E
[2025-08-07 14:12:27] Shell.ssd_read()               : read 11, for_script is True
[2025-08-07 14:12:27] Shell.read_output()            : function executed
[2025-08-07 14:12:27] Shell.read_output()            : {'0': '0x95149B70'}
[2025-08-07 14:12:27] Shell.ssd_read()               : [Read] LBA 11 : 0x95149B70
[2025-08-07 14:12:27] Shell.ssd_write()              : read 8, content 0x33533D93, for_script is True
[2025-08-07 14:12:27] Shell.ssd_write()              : [Write] Done - 8, 0x33533D93
[2025-08-07 14:12:27] Shell.ssd_write()              : read 9, content 0x94CDA194, for_script is True
[2025-08-07 14:12:28] Shell.ssd_write()              : [Write] Done - 9, 0x94CDA194
[2025-08-07 14:12:28] Shell.ssd_write()              : read 10, content 0xF84AF993, for_script is True
[2025-08-07 14:12:28] Shell.ssd_write()              : [Write] Done - 10, 0xF84AF993
[2025-08-07 14:12:28] Shell.ssd_write()              : read 11, content 0x13E2099B, for_script is True
[2025-08-07 14:12:28] Shell.ssd_write()              : [Write] Done - 11, 0x13E2099B
[2025-08-07 14:12:28] Shell.ssd_write()              : read 12, content 0x54C7F99B, for_script is True
[2025-08-07 14:12:28] Shell.ssd_write()              : [Write] Done - 12, 0x54C7F99B
[2025-08-07 14:12:28] Shell.ssd_read()               : read 8, for_script is True
[2025-08-07 14:12:28] Shell.read_output()            : function executed
[2025-08-07 14:12:28] Shell.read_output()            : {'0': '0x33533D93'}
[2025-08-07 14:12:28] Shell.ssd_read()               : [Read] LBA 8 : 0x33533D93
[2025-08-07 14:12:28] Shell.ssd_read()               : read 9, for_script is True
[2025-08-07 14:12:28] Shell.read_output()            : function executed
[2025-08-07 14:12:28] Shell.read_output()            : {'0': '0x94CDA194'}
[2025-08-07 14:12:28] Shell.ssd_read()               : [Read] LBA 9 : 0x94CDA194
[2025-08-07 14:12:28] Shell.ssd_read()               : read 10, for_script is True
[2025-08-07 14:12:28] Shell.read_output()            : function executed
[2025-08-07 14:12:28] Shell.read_output()            : {'0': '0xF84AF993'}
[2025-08-07 14:12:28] Shell.ssd_read()               : [Read] LBA 10 : 0xF84AF993
[2025-08-07 14:12:28] Shell.ssd_read()               : read 11, for_script is True
[2025-08-07 14:12:28] Shell.read_output()            : function executed
[2025-08-07 14:12:28] Shell.read_output()            : {'0': '0x13E2099B'}
[2025-08-07 14:12:28] Shell.ssd_read()               : [Read] LBA 11 : 0x13E2099B
[2025-08-07 14:12:28] Shell.ssd_read()               : read 12, for_script is True
[2025-08-07 14:12:28] Shell.read_output()            : function executed
[2025-08-07 14:12:28] Shell.read_output()            : {'0': '0x54C7F99B'}
[2025-08-07 14:12:28] Shell.ssd_read()               : [Read] LBA 12 : 0x54C7F99B
[2025-08-07 14:12:28] Shell.ssd_write()              : read 9, content 0xACEFDDB9, for_script is True
[2025-08-07 14:12:28] Shell.ssd_write()              : [Write] Done - 9, 0xACEFDDB9
[2025-08-07 14:12:28] Shell.ssd_write()              : read 10, content 0x9A4857BB, for_script is True
[2025-08-07 14:12:28] Shell.ssd_write()              : [Write] Done - 10, 0x9A4857BB
[2025-08-07 14:12:28] Shell.ssd_write()              : read 11, content 0x220449C3, for_script is True
[2025-08-07 14:12:28] Shell.ssd_write()              : [Write] Done - 11, 0x220449C3
[2025-08-07 14:12:28] Shell.ssd_write()              : read 12, content 0x64C9D5C6, for_script is True
[2025-08-07 14:12:28] Shell.ssd_write()              : [Write] Done - 12, 0x64C9D5C6
[2025-08-07 14:12:28] Shell.ssd_write()              : read 13, content 0x675EF3CD, for_script is True
[2025-08-07 14:12:28] Shell.ssd_write()              : [Write] Done - 13, 0x675EF3CD
[2025-08-07 14:12:28] Shell.ssd_read()               : read 9, for_script is True
[2025-08-07 14:12:28] Shell.read_output()            : function executed
[2025-08-07 14:12:28] Shell.read_output()            : {'0': '0xACEFDDB9'}
[2025-08-07 14:12:28] Shell.ssd_read()               : [Read] LBA 9 : 0xACEFDDB9
[2025-08-07 14:12:28] Shell.ssd_read()               : read 10, for_script is True
[2025-08-07 14:12:28] Shell.read_output()            : function executed
[2025-08-07 14:12:28] Shell.read_output()            : {'0': '0x9A4857BB'}
[2025-08-07 14:12:28] Shell.ssd_read()               : [Read] LBA 10 : 0x9A4857BB
[2025-08-07 14:12:28] Shell.ssd_read()               : read 11, for_script is True
[2025-08-07 14:12:28] Shell.read_output()            : function executed
[2025-08-07 14:12:28] Shell.read_output()            : {'0': '0x220449C3'}
[2025-08-07 14:12:28] Shell.ssd_read()               : [Read] LBA 11 : 0x220449C3
[2025-08-07 14:12:28] Shell.ssd_read()               : read 12, for_script is True
[2025-08-07 14:12:28] Shell.read_output()            : function executed
[2025-08-07 14:12:28] Shell.read_output()            : {'0': '0x64C9D5C6'}
[2025-08-07 14:12:28] Shell.ssd_read()               : [Read] LBA 12 : 0x64C9D5C6
[2025-08-07 14:12:28] Shell.ssd_read()               : read 13, for_script is True
[2025-08-07 14:12:29] Shell.read_output()            : function executed
[2025-08-07 14:12:29] Shell.read_output()            : {'0': '0x675EF3CD'}
[2025-08-07 14:12:29] Shell.ssd_read()               : [Read] LBA 13 : 0x675EF3CD
[2025-08-07 14:12:29] Shell.read_command()           : wait command, preset command: 1_FullWriteAndReadCompare
[2025-08-07 14:12:29] Shell.read_command()           : input command: 1_FullWriteAndReadCompare
[2025-08-07 14:12:29] Shell.valid_check()            : command_args: ['1_FullWriteAndReadCompare']
[2025-08-07 14:12:29] Shell.is_valid_format()        : command_args: ['1_FullWriteAndReadCompare']
[2025-08-07 14:12:29] Shell.is_invalid_command()     : command_args: ['1_FullWriteAndReadCompare']
[2025-08-07 14:12:29] Shell.is_invalid_command()     : return False
[2025-08-07 14:12:29] Shell.is_invalid_para_length() : command_args: ['1_FullWriteAndReadCompare']
[2025-08-07 14:12:29] Shell.run_command()            : run command with 1_FullWriteAndReadCompare
[2025-08-07 14:12:29] Shell.script_1()               : script1 executed
[2025-08-07 14:12:29] Shell.ssd_write()              : read 0, content 0xFBDA000E, for_script is True
[2025-08-07 14:12:29] Shell.ssd_write()              : [Write] Done - 0, 0xFBDA000E
[2025-08-07 14:12:29] Shell.ssd_write()              : read 1, content 0x19969A16, for_script is True
[2025-08-07 14:12:29] Shell.ssd_write()              : [Write] Done - 1, 0x19969A16
[2025-08-07 14:12:29] Shell.ssd_write()              : read 2, content 0xB580C018, for_script is True
[2025-08-07 14:12:29] Shell.ssd_write()              : [Write] Done - 2, 0xB580C018
[2025-08-07 14:12:29] Shell.ssd_write()              : read 3, content 0xD8F7E21B, for_script is True
[2025-08-07 14:12:29] Shell.ssd_write()              : [Write] Done - 3, 0xD8F7E21B
[2025-08-07 14:12:29] Shell.ssd_write()              : read 4, content 0x1A898E21, for_script is True
[2025-08-07 14:12:29] Shell.ssd_write()              : [Write] Done - 4, 0x1A898E21
[2025-08-07 14:12:29] Shell.ssd_read()               : read 0, for_script is True
[2025-08-07 14:12:29] Shell.read_output()            : function executed
[2025-08-07 14:12:29] Shell.read_output()            : {'0': '0xFBDA000E'}
[2025-08-07 14:12:29] Shell.ssd_read()               : [Read] LBA 0 : 0xFBDA000E
[2025-08-07 14:12:29] Shell.ssd_read()               : read 1, for_script is True
[2025-08-07 14:12:29] Shell.read_output()            : function executed
[2025-08-07 14:12:29] Shell.read_output()            : {'0': '0x19969A16'}
[2025-08-07 14:12:29] Shell.ssd_read()               : [Read] LBA 1 : 0x19969A16
[2025-08-07 14:12:29] Shell.ssd_read()               : read 2, for_script is True
[2025-08-07 14:12:29] Shell.read_output()            : function executed
[2025-08-07 14:12:29] Shell.read_output()            : {'0': '0xB580C018'}
[2025-08-07 14:12:29] Shell.ssd_read()               : [Read] LBA 2 : 0xB580C018
[2025-08-07 14:12:29] Shell.ssd_read()               : read 3, for_script is True
[2025-08-07 14:12:29] Shell.read_output()            : function executed
[2025-08-07 14:12:29] Shell.read_output()            : {'0': '0xD8F7E21B'}
[2025-08-07 14:12:29] Shell.ssd_read()               : [Read] LBA 3 : 0xD8F7E21B
[2025-08-07 14:12:29] Shell.ssd_read()               : read 4, for_script is True
[2025-08-07 14:12:29] Shell.read_output()            : function executed
[2025-08-07 14:12:29] Shell.read_output()            : {'0': '0x1A898E21'}
