[2025-08-07 14:12:29] Shell.ssd_read()               : [Read] LBA 4 : 0x1A898E21
[2025-08-07 14:12:29] Shell.ssd_write()              : read 1, content 0x549CF834, for_script is True
[2025-08-07 14:12:29] Shell.ssd_write()              : [Write] Done - 1, 0x549CF834
[2025-08-07 14:12:29] Shell.ssd_write()              : read 2, content 0x4E1B303A, for_script is True
[2025-08-07 14:12:29] Shell.ssd_write()              : [Write] Done - 2, 0x4E1B303A
[2025-08-07 14:12:29] Shell.ssd_write()              : read 3, content 0x49685243, for_script is True
[2025-08-07 14:12:29] Shell.ssd_write()              : [Write] Done - 3, 0x49685243
[2025-08-07 14:12:29] Shell.ssd_write()              : read 4, content 0x055DA84D, for_script is True
[2025-08-07 14:12:29] Shell.ssd_write()              : [Write] Done - 4, 0x055DA84D
[2025-08-07 14:12:29] Shell.ssd_write()              : read 5, content 0x2AFFA064, for_script is True
[2025-08-07 14:12:29] Shell.ssd_write()              : [Write] Done - 5, 0x2AFFA064
[2025-08-07 14:12:29] Shell.ssd_read()               : read 1, for_script is True
[2025-08-07 14:12:29] Shell.read_output()            : function executed
[2025-08-07 14:12:29] Shell.read_output()            : {'0': '0x549CF834'}
[2025-08-07 14:12:29] Shell.ssd_read()               : [Read] LBA 1 : 0x549CF834
[2025-08-07 14:12:29] Shell.ssd_read()               : read 2, for_script is True
[2025-08-07 14:12:29] Shell.read_output()            : function executed
[2025-08-07 14:12:29] Shell.read_output()            : {'0': '0x4E1B303A'}
[2025-08-07 14:12:29] Shell.ssd_read()               : [Read] LBA 2 : 0x4E1B303A
[2025-08-07 14:12:29] Shell.ssd_read()               : read 3, for_script is True
[2025-08-07 14:12:30] Shell.read_output()            : function executed
[2025-08-07 14:12:30] Shell.read_output()            : {'0': '0x49685243'}
[2025-08-07 14:12:30] Shell.ssd_read()               : [Read] LBA 3 : 0x49685243
[2025-08-07 14:12:30] Shell.ssd_read()               : read 4, for_script is True
[2025-08-07 14:12:30] Shell.read_output()            : function executed
[2025-08-07 14:12:30] Shell.read_output()            : {'0': '0x055DA84D'}
[2025-08-07 14:12:30] Shell.ssd_read()               : [Read] LBA 4 : 0x055DA84D
[2025-08-07 14:12:30] Shell.ssd_read()               : read 5, for_script is True
[2025-08-07 14:12:30] Shell.read_output()            : function executed
[2025-08-07 14:12:30] Shell.read_output()            : {'0': '0x2AFFA064'}
[2025-08-07 14:12:30] Shell.ssd_read()               : [Read] LBA 5 : 0x2AFFA064
[2025-08-07 14:12:30] Shell.ssd_write()              : read 2, content 0x16B1B280, for_script is True
[2025-08-07 14:12:30] Shell.ssd_write()              : [Write] Done - 2, 0x16B1B280
[2025-08-07 14:12:30] Shell.ssd_write()              : read 3, content 0x5B633C81, for_script is True
[2025-08-07 14:12:30] Shell.ssd_write()              : [Write] Done - 3, 0x5B633C81
[2025-08-07 14:12:30] Shell.ssd_write()              : read 4, content 0xDD15FC84, for_script is True
[2025-08-07 14:12:30] Shell.ssd_write()              : [Write] Done - 4, 0xDD15FC84
[2025-08-07 14:12:30] Shell.ssd_write()              : read 5, content 0x3B1B9E86, for_script is True
[2025-08-07 14:12:30] Shell.ssd_write()              : [Write] Done - 5, 0x3B1B9E86
[2025-08-07 14:12:30] Shell.ssd_write()              : read 6, content 0x4EF21E8F, for_script is True
[2025-08-07 14:12:30] Shell.ssd_write()              : [Write] Done - 6, 0x4EF21E8F
[2025-08-07 14:12:30] Shell.ssd_read()               : read 2, for_script is True
[2025-08-07 14:12:30] Shell.read_output()            : function executed
[2025-08-07 14:12:30] Shell.read_output()            : {'0': '0x16B1B280'}
[2025-08-07 14:12:30] Shell.ssd_read()               : [Read] LBA 2 : 0x16B1B280
[2025-08-07 14:12:30] Shell.ssd_read()               : read 3, for_script is True
[2025-08-07 14:12:30] Shell.read_output()            : function executed
[2025-08-07 14:12:30] Shell.read_output()            : {'0': '0x5B633C81'}
[2025-08-07 14:12:30] Shell.ssd_read()               : [Read] LBA 3 : 0x5B633C81
[2025-08-07 14:12:30] Shell.ssd_read()               : read 4, for_script is True
[2025-08-07 14:12:30] Shell.read_output()            : function executed
[2025-08-07 14:12:30] Shell.read_output()            : {'0': '0xDD15FC84'}
[2025-08-07 14:12:30] Shell.ssd_read()               : [Read] LBA 4 : 0xDD15FC84
[2025-08-07 14:12:30] Shell.ssd_read()               : read 5, for_script is True
[2025-08-07 14:12:30] Shell.read_output()            : function executed
[2025-08-07 14:12:30] Shell.read_output()            : {'0': '0x3B1B9E86'}
[2025-08-07 14:12:30] Shell.ssd_read()               : [Read] LBA 5 : 0x3B1B9E86
[2025-08-07 14:12:30] Shell.ssd_read()               : read 6, for_script is True
[2025-08-07 14:12:30] Shell.read_output()            : function executed
[2025-08-07 14:12:30] Shell.read_output()            : {'0': '0x4EF21E8F'}
[2025-08-07 14:12:30] Shell.ssd_read()               : [Read] LBA 6 : 0x4EF21E8F
[2025-08-07 14:12:30] Shell.ssd_write()              : read 3, content 0xBBC894A8, for_script is True
[2025-08-07 14:12:30] Shell.ssd_write()              : [Write] Done - 3, 0xBBC894A8
[2025-08-07 14:12:30] Shell.ssd_write()              : read 4, content 0x8033A4AC, for_script is True
[2025-08-07 14:12:30] Shell.ssd_write()              : [Write] Done - 4, 0x8033A4AC
[2025-08-07 14:12:30] Shell.ssd_write()              : read 5, content 0xF93452AD, for_script is True
[2025-08-07 14:12:30] Shell.ssd_write()              : [Write] Done - 5, 0xF93452AD
[2025-08-07 14:12:30] Shell.ssd_write()              : read 6, content 0xE80BBABD, for_script is True
[2025-08-07 14:12:30] Shell.ssd_write()              : [Write] Done - 6, 0xE80BBABD
[2025-08-07 14:12:30] Shell.ssd_write()              : read 7, content 0x708A0CBE, for_script is True
[2025-08-07 14:12:30] Shell.ssd_write()              : [Write] Done - 7, 0x708A0CBE
[2025-08-07 14:12:30] Shell.ssd_read()               : read 3, for_script is True
[2025-08-07 14:12:31] Shell.read_output()            : function executed
[2025-08-07 14:12:31] Shell.read_output()            : {'0': '0xBBC894A8'}
[2025-08-07 14:12:31] Shell.ssd_read()               : [Read] LBA 3 : 0xBBC894A8
[2025-08-07 14:12:31] Shell.ssd_read()               : read 4, for_script is True
[2025-08-07 14:12:31] Shell.read_output()            : function executed
[2025-08-07 14:12:31] Shell.read_output()            : {'0': '0x8033A4AC'}
[2025-08-07 14:12:31] Shell.ssd_read()               : [Read] LBA 4 : 0x8033A4AC
[2025-08-07 14:12:31] Shell.ssd_read()               : read 5, for_script is True
[2025-08-07 14:12:31] Shell.read_output()            : function executed
[2025-08-07 14:12:31] Shell.read_output()            : {'0': '0xF93452AD'}
[2025-08-07 14:12:31] Shell.ssd_read()               : [Read] LBA 5 : 0xF93452AD
[2025-08-07 14:12:31] Shell.ssd_read()               : read 6, for_script is True
[2025-08-07 14:12:31] Shell.read_output()            : function executed
[2025-08-07 14:12:31] Shell.read_output()            : {'0': '0xE80BBABD'}
[2025-08-07 14:12:31] Shell.ssd_read()               : [Read] LBA 6 : 0xE80BBABD
[2025-08-07 14:12:31] Shell.ssd_read()               : read 7, for_script is True
[2025-08-07 14:12:31] Shell.read_output()            : function executed
[2025-08-07 14:12:31] Shell.read_output()            : {'0': '0x708A0CBE'}
[2025-08-07 14:12:31] Shell.ssd_read()               : [Read] LBA 7 : 0x708A0CBE
[2025-08-07 14:12:31] Shell.ssd_write()              : read 4, content 0xD70278EE, for_script is True
[2025-08-07 14:12:31] Shell.ssd_write()              : [Write] Done - 4, 0xD70278EE
[2025-08-07 14:12:31] Shell.ssd_write()              : read 5, content 0x89E9FD01, for_script is True
[2025-08-07 14:12:31] Shell.ssd_write()              : [Write] Done - 5, 0x89E9FD01
[2025-08-07 14:12:31] Shell.ssd_write()              : read 6, content 0xE2E2FF02, for_script is True
[2025-08-07 14:12:31] Shell.ssd_write()              : [Write] Done - 6, 0xE2E2FF02
[2025-08-07 14:12:31] Shell.ssd_write()              : read 7, content 0xF3859903, for_script is True
[2025-08-07 14:12:31] Shell.ssd_write()              : [Write] Done - 7, 0xF3859903
[2025-08-07 14:12:31] Shell.ssd_write()              : read 8, content 0x8E692302, for_script is True
[2025-08-07 14:12:31] Shell.ssd_write()              : [Write] Done - 8, 0x8E692302
[2025-08-07 14:12:31] Shell.ssd_read()               : read 4, for_script is True
[2025-08-07 14:12:31] Shell.read_output()            : function executed
[2025-08-07 14:12:31] Shell.read_output()            : {'0': '0xD70278EE'}
[2025-08-07 14:12:31] Shell.ssd_read()               : [Read] LBA 4 : 0xD70278EE
[2025-08-07 14:12:31] Shell.ssd_read()               : read 5, for_script is True
[2025-08-07 14:12:31] Shell.read_output()            : function executed
[2025-08-07 14:12:31] Shell.read_output()            : {'0': '0x89E9FD01'}
[2025-08-07 14:12:31] Shell.ssd_read()               : [Read] LBA 5 : 0x89E9FD01
[2025-08-07 14:12:31] Shell.ssd_read()               : read 6, for_script is True
[2025-08-07 14:12:31] Shell.read_output()            : function executed
[2025-08-07 14:12:31] Shell.read_output()            : {'0': '0xE2E2FF02'}
[2025-08-07 14:12:31] Shell.ssd_read()               : [Read] LBA 6 : 0xE2E2FF02
[2025-08-07 14:12:31] Shell.ssd_read()               : read 7, for_script is True
[2025-08-07 14:12:31] Shell.read_output()            : function executed
[2025-08-07 14:12:31] Shell.read_output()            : {'0': '0xF3859903'}
[2025-08-07 14:12:31] Shell.ssd_read()               : [Read] LBA 7 : 0xF3859903
[2025-08-07 14:12:31] Shell.ssd_read()               : read 8, for_script is True
[2025-08-07 14:12:31] Shell.read_output()            : function executed
[2025-08-07 14:12:31] Shell.read_output()            : {'0': '0x8E692302'}
[2025-08-07 14:12:31] Shell.ssd_read()               : [Read] LBA 8 : 0x8E692302
[2025-08-07 14:12:31] Shell.ssd_write()              : read 5, content 0xE60A4322, for_script is True
