[2025-08-07 14:15:27] Shell.ssd_read()               : read 2, for_script is True
[2025-08-07 14:15:27] Shell.read_output()            : function executed
[2025-08-07 14:15:27] Shell.read_output()            : {'0': '0x80E14266'}
[2025-08-07 14:15:27] Shell.ssd_read()               : [Read] LBA 2 : 0x80E14266
[2025-08-07 14:15:27] Shell.ssd_read()               : read 3, for_script is True
[2025-08-07 14:15:28] Shell.read_output()            : function executed
[2025-08-07 14:15:28] Shell.read_output()            : {'0': '0xC5744869'}
[2025-08-07 14:15:28] Shell.ssd_read()               : [Read] LBA 3 : 0xC5744869
[2025-08-07 14:15:28] Shell.ssd_read()               : read 4, for_script is True
[2025-08-07 14:15:28] Shell.read_output()            : function executed
[2025-08-07 14:15:28] Shell.read_output()            : {'0': '0x7321DC6A'}
[2025-08-07 14:15:28] Shell.ssd_read()               : [Read] LBA 4 : 0x7321DC6A
[2025-08-07 14:15:28] Shell.ssd_read()               : read 5, for_script is True
[2025-08-07 14:15:28] Shell.read_output()            : function executed
[2025-08-07 14:15:28] Shell.read_output()            : {'0': '0xDA9B9C70'}
[2025-08-07 14:15:28] Shell.ssd_read()               : [Read] LBA 5 : 0xDA9B9C70
[2025-08-07 14:15:28] Shell.ssd_read()               : read 6, for_script is True
[2025-08-07 14:15:28] Shell.read_output()            : function executed
[2025-08-07 14:15:28] Shell.read_output()            : {'0': '0x15ED647F'}
[2025-08-07 14:15:28] Shell.ssd_read()               : [Read] LBA 6 : 0x15ED647F
[2025-08-07 14:15:28] Shell.ssd_write()              : read 3, content 0x5E02D2A0, for_script is True
[2025-08-07 14:15:28] Shell.ssd_write()              : [Write] Done - 3, 0x5E02D2A0
[2025-08-07 14:15:28] Shell.ssd_write()              : read 4, content 0x5317F6A9, for_script is True
[2025-08-07 14:15:28] Shell.ssd_write()              : [Write] Done - 4, 0x5317F6A9
[2025-08-07 14:15:28] Shell.ssd_write()              : read 5, content 0x4F0282B0, for_script is True
[2025-08-07 14:15:28] Shell.ssd_write()              : [Write] Done - 5, 0x4F0282B0
[2025-08-07 14:15:28] Shell.ssd_write()              : read 6, content 0x9DA416B1, for_script is True
[2025-08-07 14:15:28] Shell.ssd_write()              : [Write] Done - 6, 0x9DA416B1
[2025-08-07 14:15:28] Shell.ssd_write()              : read 7, content 0xB9570AB7, for_script is True
[2025-08-07 14:15:28] Shell.ssd_write()              : [Write] Done - 7, 0xB9570AB7
[2025-08-07 14:15:28] Shell.ssd_read()               : read 3, for_script is True
[2025-08-07 14:15:28] Shell.read_output()            : function executed
[2025-08-07 14:15:28] Shell.read_output()            : {'0': '0x5E02D2A0'}
[2025-08-07 14:15:28] Shell.ssd_read()               : [Read] LBA 3 : 0x5E02D2A0
[2025-08-07 14:15:28] Shell.ssd_read()               : read 4, for_script is True
[2025-08-07 14:15:28] Shell.read_output()            : function executed
[2025-08-07 14:15:28] Shell.read_output()            : {'0': '0x5317F6A9'}
[2025-08-07 14:15:28] Shell.ssd_read()               : [Read] LBA 4 : 0x5317F6A9
[2025-08-07 14:15:28] Shell.ssd_read()               : read 5, for_script is True
[2025-08-07 14:15:28] Shell.read_output()            : function executed
[2025-08-07 14:15:28] Shell.read_output()            : {'0': '0x4F0282B0'}
[2025-08-07 14:15:28] Shell.ssd_read()               : [Read] LBA 5 : 0x4F0282B0
[2025-08-07 14:15:28] Shell.ssd_read()               : read 6, for_script is True
[2025-08-07 14:15:28] Shell.read_output()            : function executed
[2025-08-07 14:15:28] Shell.read_output()            : {'0': '0x9DA416B1'}
[2025-08-07 14:15:28] Shell.ssd_read()               : [Read] LBA 6 : 0x9DA416B1
[2025-08-07 14:15:28] Shell.ssd_read()               : read 7, for_script is True
[2025-08-07 14:15:28] Shell.read_output()            : function executed
[2025-08-07 14:15:28] Shell.read_output()            : {'0': '0xB9570AB7'}
[2025-08-07 14:15:28] Shell.ssd_read()               : [Read] LBA 7 : 0xB9570AB7
[2025-08-07 14:15:28] Shell.ssd_write()              : read 4, content 0xACF5F4D2, for_script is True
[2025-08-07 14:15:28] Shell.ssd_write()              : [Write] Done - 4, 0xACF5F4D2
[2025-08-07 14:15:28] Shell.ssd_write()              : read 5, content 0x307E60D4, for_script is True
[2025-08-07 14:15:28] Shell.ssd_write()              : [Write] Done - 5, 0x307E60D4
[2025-08-07 14:15:28] Shell.ssd_write()              : read 6, content 0xFF8EC0DA, for_script is True
[2025-08-07 14:15:28] Shell.ssd_write()              : [Write] Done - 6, 0xFF8EC0DA
[2025-08-07 14:15:28] Shell.ssd_write()              : read 7, content 0x2F0A44DC, for_script is True
[2025-08-07 14:15:28] Shell.ssd_write()              : [Write] Done - 7, 0x2F0A44DC
[2025-08-07 14:15:28] Shell.ssd_write()              : read 8, content 0x2F5C1CDF, for_script is True
[2025-08-07 14:15:29] Shell.ssd_write()              : [Write] Done - 8, 0x2F5C1CDF
[2025-08-07 14:15:29] Shell.ssd_read()               : read 4, for_script is True
[2025-08-07 14:15:29] Shell.read_output()            : function executed
[2025-08-07 14:15:29] Shell.read_output()            : {'0': '0xACF5F4D2'}
[2025-08-07 14:15:29] Shell.ssd_read()               : [Read] LBA 4 : 0xACF5F4D2
[2025-08-07 14:15:29] Shell.ssd_read()               : read 5, for_script is True
[2025-08-07 14:15:29] Shell.read_output()            : function executed
[2025-08-07 14:15:29] Shell.read_output()            : {'0': '0x307E60D4'}
[2025-08-07 14:15:29] Shell.ssd_read()               : [Read] LBA 5 : 0x307E60D4
[2025-08-07 14:15:29] Shell.ssd_read()               : read 6, for_script is True
[2025-08-07 14:15:29] Shell.read_output()            : function executed
[2025-08-07 14:15:29] Shell.read_output()            : {'0': '0xFF8EC0DA'}
[2025-08-07 14:15:29] Shell.ssd_read()               : [Read] LBA 6 : 0xFF8EC0DA
[2025-08-07 14:15:29] Shell.ssd_read()               : read 7, for_script is True
[2025-08-07 14:15:29] Shell.read_output()            : function executed
[2025-08-07 14:15:29] Shell.read_output()            : {'0': '0x2F0A44DC'}
[2025-08-07 14:15:29] Shell.ssd_read()               : [Read] LBA 7 : 0x2F0A44DC
[2025-08-07 14:15:29] Shell.ssd_read()               : read 8, for_script is True
[2025-08-07 14:15:29] Shell.read_output()            : function executed
[2025-08-07 14:15:29] Shell.read_output()            : {'0': '0x2F5C1CDF'}
[2025-08-07 14:15:29] Shell.ssd_read()               : [Read] LBA 8 : 0x2F5C1CDF
[2025-08-07 14:15:29] Shell.ssd_write()              : read 5, content 0x2AAE7AEC, for_script is True
[2025-08-07 14:15:29] Shell.ssd_write()              : [Write] Done - 5, 0x2AAE7AEC
[2025-08-07 14:15:29] Shell.ssd_write()              : read 6, content 0x34AE1EEE, for_script is True
[2025-08-07 14:15:29] Shell.ssd_write()              : [Write] Done - 6, 0x34AE1EEE
[2025-08-07 14:15:29] Shell.ssd_write()              : read 7, content 0x2E37F4F2, for_script is True
[2025-08-07 14:15:29] Shell.ssd_write()              : [Write] Done - 7, 0x2E37F4F2
[2025-08-07 14:15:29] Shell.ssd_write()              : read 8, content 0xB551C2FB, for_script is True
[2025-08-07 14:15:29] Shell.ssd_write()              : [Write] Done - 8, 0xB551C2FB
[2025-08-07 14:15:29] Shell.ssd_write()              : read 9, content 0x2A06F4FF, for_script is True
[2025-08-07 14:15:29] Shell.ssd_write()              : [Write] Done - 9, 0x2A06F4FF
[2025-08-07 14:15:29] Shell.ssd_read()               : read 5, for_script is True
[2025-08-07 14:15:29] Shell.read_output()            : function executed
[2025-08-07 14:15:29] Shell.read_output()            : {'0': '0x2AAE7AEC'}
[2025-08-07 14:15:29] Shell.ssd_read()               : [Read] LBA 5 : 0x2AAE7AEC
[2025-08-07 14:15:29] Shell.ssd_read()               : read 6, for_script is True
[2025-08-07 14:15:29] Shell.read_output()            : function executed
[2025-08-07 14:15:29] Shell.read_output()            : {'0': '0x34AE1EEE'}
[2025-08-07 14:15:29] Shell.ssd_read()               : [Read] LBA 6 : 0x34AE1EEE
[2025-08-07 14:15:29] Shell.ssd_read()               : read 7, for_script is True
[2025-08-07 14:15:29] Shell.read_output()            : function executed
[2025-08-07 14:15:29] Shell.read_output()            : {'0': '0x2E37F4F2'}
[2025-08-07 14:15:29] Shell.ssd_read()               : [Read] LBA 7 : 0x2E37F4F2
[2025-08-07 14:15:29] Shell.ssd_read()               : read 8, for_script is True
[2025-08-07 14:15:29] Shell.read_output()            : function executed
[2025-08-07 14:15:29] Shell.read_output()            : {'0': '0xB551C2FB'}
[2025-08-07 14:15:29] Shell.ssd_read()               : [Read] LBA 8 : 0xB551C2FB
[2025-08-07 14:15:29] Shell.ssd_read()               : read 9, for_script is True
[2025-08-07 14:15:29] Shell.read_output()            : function executed
[2025-08-07 14:15:29] Shell.read_output()            : {'0': '0x2A06F4FF'}
[2025-08-07 14:15:29] Shell.ssd_read()               : [Read] LBA 9 : 0x2A06F4FF
[2025-08-07 14:15:29] Shell.ssd_write()              : read 6, content 0x39E11B17, for_script is True
[2025-08-07 14:15:29] Shell.ssd_write()              : [Write] Done - 6, 0x39E11B17
[2025-08-07 14:15:29] Shell.ssd_write()              : read 7, content 0x996B4319, for_script is True
[2025-08-07 14:15:29] Shell.ssd_write()              : [Write] Done - 7, 0x996B4319
[2025-08-07 14:15:29] Shell.ssd_write()              : read 8, content 0x06AB871F, for_script is True
[2025-08-07 14:15:30] Shell.ssd_write()              : [Write] Done - 8, 0x06AB871F
[2025-08-07 14:15:30] Shell.ssd_write()              : read 9, content 0x88AB0F23, for_script is True
[2025-08-07 14:15:30] Shell.ssd_write()              : [Write] Done - 9, 0x88AB0F23
[2025-08-07 14:15:30] Shell.ssd_write()              : read 10, content 0xF3A71725, for_script is True
[2025-08-07 14:15:30] Shell.ssd_write()              : [Write] Done - 10, 0xF3A71725
[2025-08-07 14:15:30] Shell.ssd_read()               : read 6, for_script is True
[2025-08-07 14:15:30] Shell.read_output()            : function executed
[2025-08-07 14:15:30] Shell.read_output()            : {'0': '0x39E11B17'}
