[2025-08-07 14:19:24] Shell.read_output()            : function executed
[2025-08-07 14:19:24] Shell.read_output()            : {'0': '0x4BA9EFD3'}
[2025-08-07 14:19:24] Shell.ssd_read()               : [Read] LBA 9 : 0x4BA9EFD3
[2025-08-07 14:19:24] Shell.ssd_read()               : read 10, for_script is True
[2025-08-07 14:19:24] Shell.read_output()            : function executed
[2025-08-07 14:19:24] Shell.read_output()            : {'0': '0x16AFADD9'}
[2025-08-07 14:19:24] Shell.ssd_read()               : [Read] LBA 10 : 0x16AFADD9
[2025-08-07 14:19:24] Shell.ssd_read()               : read 11, for_script is True
[2025-08-07 14:19:24] Shell.read_output()            : function executed
[2025-08-07 14:19:24] Shell.read_output()            : {'0': '0xCBF241DD'}
[2025-08-07 14:19:24] Shell.ssd_read()               : [Read] LBA 11 : 0xCBF241DD
[2025-08-07 14:19:24] Shell.ssd_read()               : read 12, for_script is True
[2025-08-07 14:19:24] Shell.read_output()            : function executed
[2025-08-07 14:19:24] Shell.read_output()            : {'0': '0xA83CD3DD'}
[2025-08-07 14:19:24] Shell.ssd_read()               : [Read] LBA 12 : 0xA83CD3DD
[2025-08-07 14:19:24] Shell.ssd_read()               : read 13, for_script is True
[2025-08-07 14:19:24] Shell.read_output()            : function executed
[2025-08-07 14:19:24] Shell.read_output()            : {'0': '0xD15B87DF'}
[2025-08-07 14:19:24] Shell.ssd_read()               : [Read] LBA 13 : 0xD15B87DF
[2025-08-07 14:19:24] Shell.read_command()           : wait command, preset command: 1_FullWriteAndReadCompare
[2025-08-07 14:19:24] Shell.read_command()           : input command: 1_FullWriteAndReadCompare
[2025-08-07 14:19:24] Shell.valid_check()            : command_args: ['1_FullWriteAndReadCompare']
[2025-08-07 14:19:24] Shell.is_valid_format()        : command_args: ['1_FullWriteAndReadCompare']
[2025-08-07 14:19:24] Shell.is_invalid_command()     : command_args: ['1_FullWriteAndReadCompare']
[2025-08-07 14:19:24] Shell.is_invalid_command()     : return False
[2025-08-07 14:19:24] Shell.is_invalid_para_length() : command_args: ['1_FullWriteAndReadCompare']
[2025-08-07 14:19:24] Shell.run_command()            : run command with 1_FullWriteAndReadCompare
[2025-08-07 14:19:24] Shell.script_1()               : script1 executed
[2025-08-07 14:19:24] Shell.ssd_write()              : read 0, content 0x3B1CD808, for_script is True
[2025-08-07 14:19:24] Shell.ssd_write()              : [Write] Done - 0, 0x3B1CD808
[2025-08-07 14:19:24] Shell.ssd_write()              : read 1, content 0xD6C5420B, for_script is True
[2025-08-07 14:19:25] Shell.ssd_write()              : [Write] Done - 1, 0xD6C5420B
[2025-08-07 14:19:25] Shell.ssd_write()              : read 2, content 0xDED43C1D, for_script is True
[2025-08-07 14:19:25] Shell.ssd_write()              : [Write] Done - 2, 0xDED43C1D
[2025-08-07 14:19:25] Shell.ssd_write()              : read 3, content 0x677BB41F, for_script is True
[2025-08-07 14:19:25] Shell.ssd_write()              : [Write] Done - 3, 0x677BB41F
[2025-08-07 14:19:25] Shell.ssd_write()              : read 4, content 0x2C7B4A23, for_script is True
[2025-08-07 14:19:25] Shell.ssd_write()              : [Write] Done - 4, 0x2C7B4A23
[2025-08-07 14:19:25] Shell.ssd_read()               : read 0, for_script is True
[2025-08-07 14:19:25] Shell.read_output()            : function executed
[2025-08-07 14:19:25] Shell.read_output()            : {'0': '0x3B1CD808'}
[2025-08-07 14:19:25] Shell.ssd_read()               : [Read] LBA 0 : 0x3B1CD808
[2025-08-07 14:19:25] Shell.ssd_read()               : read 1, for_script is True
[2025-08-07 14:19:25] Shell.read_output()            : function executed
[2025-08-07 14:19:25] Shell.read_output()            : {'0': '0xD6C5420B'}
[2025-08-07 14:19:25] Shell.ssd_read()               : [Read] LBA 1 : 0xD6C5420B
[2025-08-07 14:19:25] Shell.ssd_read()               : read 2, for_script is True
[2025-08-07 14:19:25] Shell.read_output()            : function executed
[2025-08-07 14:19:25] Shell.read_output()            : {'0': '0xDED43C1D'}
[2025-08-07 14:19:25] Shell.ssd_read()               : [Read] LBA 2 : 0xDED43C1D
[2025-08-07 14:19:25] Shell.ssd_read()               : read 3, for_script is True
[2025-08-07 14:19:25] Shell.read_output()            : function executed
[2025-08-07 14:19:25] Shell.read_output()            : {'0': '0x677BB41F'}
[2025-08-07 14:19:25] Shell.ssd_read()               : [Read] LBA 3 : 0x677BB41F
[2025-08-07 14:19:25] Shell.ssd_read()               : read 4, for_script is True
[2025-08-07 14:19:25] Shell.read_output()            : function executed
[2025-08-07 14:19:25] Shell.read_output()            : {'0': '0x2C7B4A23'}
[2025-08-07 14:19:25] Shell.ssd_read()               : [Read] LBA 4 : 0x2C7B4A23
[2025-08-07 14:19:25] Shell.ssd_write()              : read 1, content 0x5FA4C455, for_script is True
[2025-08-07 14:19:25] Shell.ssd_write()              : [Write] Done - 1, 0x5FA4C455
[2025-08-07 14:19:25] Shell.ssd_write()              : read 2, content 0x1099D85C, for_script is True
[2025-08-07 14:19:25] Shell.ssd_write()              : [Write] Done - 2, 0x1099D85C
[2025-08-07 14:19:25] Shell.ssd_write()              : read 3, content 0x26C8065C, for_script is True
[2025-08-07 14:19:25] Shell.ssd_write()              : [Write] Done - 3, 0x26C8065C
[2025-08-07 14:19:25] Shell.ssd_write()              : read 4, content 0x4B5A645F, for_script is True
[2025-08-07 14:19:25] Shell.ssd_write()              : [Write] Done - 4, 0x4B5A645F
[2025-08-07 14:19:25] Shell.ssd_write()              : read 5, content 0x35112E65, for_script is True
[2025-08-07 14:19:25] Shell.ssd_write()              : [Write] Done - 5, 0x35112E65
[2025-08-07 14:19:25] Shell.ssd_read()               : read 1, for_script is True
[2025-08-07 14:19:25] Shell.read_output()            : function executed
[2025-08-07 14:19:25] Shell.read_output()            : {'0': '0x5FA4C455'}
[2025-08-07 14:19:25] Shell.ssd_read()               : [Read] LBA 1 : 0x5FA4C455
[2025-08-07 14:19:25] Shell.ssd_read()               : read 2, for_script is True
[2025-08-07 14:19:25] Shell.read_output()            : function executed
[2025-08-07 14:19:25] Shell.read_output()            : {'0': '0x1099D85C'}
[2025-08-07 14:19:25] Shell.ssd_read()               : [Read] LBA 2 : 0x1099D85C
[2025-08-07 14:19:25] Shell.ssd_read()               : read 3, for_script is True
[2025-08-07 14:19:25] Shell.read_output()            : function executed
[2025-08-07 14:19:25] Shell.read_output()            : {'0': '0x26C8065C'}
[2025-08-07 14:19:25] Shell.ssd_read()               : [Read] LBA 3 : 0x26C8065C
[2025-08-07 14:19:25] Shell.ssd_read()               : read 4, for_script is True
[2025-08-07 14:19:25] Shell.read_output()            : function executed
[2025-08-07 14:19:25] Shell.read_output()            : {'0': '0x4B5A645F'}
[2025-08-07 14:19:25] Shell.ssd_read()               : [Read] LBA 4 : 0x4B5A645F
[2025-08-07 14:19:25] Shell.ssd_read()               : read 5, for_script is True
[2025-08-07 14:19:26] Shell.read_output()            : function executed
[2025-08-07 14:19:26] Shell.read_output()            : {'0': '0x35112E65'}
[2025-08-07 14:19:26] Shell.ssd_read()               : [Read] LBA 5 : 0x35112E65
[2025-08-07 14:19:26] Shell.ssd_write()              : read 2, content 0x4F826877, for_script is True
[2025-08-07 14:19:26] Shell.ssd_write()              : [Write] Done - 2, 0x4F826877
[2025-08-07 14:19:26] Shell.ssd_write()              : read 3, content 0xF1B3FA7A, for_script is True
[2025-08-07 14:19:26] Shell.ssd_write()              : [Write] Done - 3, 0xF1B3FA7A
[2025-08-07 14:19:26] Shell.ssd_write()              : read 4, content 0x0BF9CC7A, for_script is True
[2025-08-07 14:19:26] Shell.ssd_write()              : [Write] Done - 4, 0x0BF9CC7A
[2025-08-07 14:19:26] Shell.ssd_write()              : read 5, content 0x9135387D, for_script is True
[2025-08-07 14:19:26] Shell.ssd_write()              : [Write] Done - 5, 0x9135387D
[2025-08-07 14:19:26] Shell.ssd_write()              : read 6, content 0xA893C27F, for_script is True
[2025-08-07 14:19:26] Shell.ssd_write()              : [Write] Done - 6, 0xA893C27F
[2025-08-07 14:19:26] Shell.ssd_read()               : read 2, for_script is True
[2025-08-07 14:19:26] Shell.read_output()            : function executed
[2025-08-07 14:19:26] Shell.read_output()            : {'0': '0x4F826877'}
[2025-08-07 14:19:26] Shell.ssd_read()               : [Read] LBA 2 : 0x4F826877
[2025-08-07 14:19:26] Shell.ssd_read()               : read 3, for_script is True
[2025-08-07 14:19:26] Shell.read_output()            : function executed
[2025-08-07 14:19:26] Shell.read_output()            : {'0': '0xF1B3FA7A'}
[2025-08-07 14:19:26] Shell.ssd_read()               : [Read] LBA 3 : 0xF1B3FA7A
[2025-08-07 14:19:26] Shell.ssd_read()               : read 4, for_script is True
[2025-08-07 14:19:26] Shell.read_output()            : function executed
[2025-08-07 14:19:26] Shell.read_output()            : {'0': '0x0BF9CC7A'}
[2025-08-07 14:19:26] Shell.ssd_read()               : [Read] LBA 4 : 0x0BF9CC7A
[2025-08-07 14:19:26] Shell.ssd_read()               : read 5, for_script is True
[2025-08-07 14:19:26] Shell.read_output()            : function executed
[2025-08-07 14:19:26] Shell.read_output()            : {'0': '0x9135387D'}
[2025-08-07 14:19:26] Shell.ssd_read()               : [Read] LBA 5 : 0x9135387D
[2025-08-07 14:19:26] Shell.ssd_read()               : read 6, for_script is True
[2025-08-07 14:19:26] Shell.read_output()            : function executed
[2025-08-07 14:19:26] Shell.read_output()            : {'0': '0xA893C27F'}
[2025-08-07 14:19:26] Shell.ssd_read()               : [Read] LBA 6 : 0xA893C27F
[2025-08-07 14:19:26] Shell.ssd_write()              : read 3, content 0x993828A1, for_script is True
[2025-08-07 14:19:26] Shell.ssd_write()              : [Write] Done - 3, 0x993828A1
[2025-08-07 14:19:26] Shell.ssd_write()              : read 4, content 0x185CACAA, for_script is True
[2025-08-07 14:19:26] Shell.ssd_write()              : [Write] Done - 4, 0x185CACAA
