[2025-08-07 14:12:31] Shell.ssd_write()              : [Write] Done - 5, 0xE60A4322
[2025-08-07 14:12:31] Shell.ssd_write()              : read 6, content 0xFCABC121, for_script is True
[2025-08-07 14:12:31] Shell.ssd_write()              : [Write] Done - 6, 0xFCABC121
[2025-08-07 14:12:31] Shell.ssd_write()              : read 7, content 0x7EADD724, for_script is True
[2025-08-07 14:12:32] Shell.ssd_write()              : [Write] Done - 7, 0x7EADD724
[2025-08-07 14:12:32] Shell.ssd_write()              : read 8, content 0xF3BFAB21, for_script is True
[2025-08-07 14:12:32] Shell.ssd_write()              : [Write] Done - 8, 0xF3BFAB21
[2025-08-07 14:12:32] Shell.ssd_write()              : read 9, content 0x49D03926, for_script is True
[2025-08-07 14:12:32] Shell.ssd_write()              : [Write] Done - 9, 0x49D03926
[2025-08-07 14:12:32] Shell.ssd_read()               : read 5, for_script is True
[2025-08-07 14:12:32] Shell.read_output()            : function executed
[2025-08-07 14:12:32] Shell.read_output()            : {'0': '0xE60A4322'}
[2025-08-07 14:12:32] Shell.ssd_read()               : [Read] LBA 5 : 0xE60A4322
[2025-08-07 14:12:32] Shell.ssd_read()               : read 6, for_script is True
[2025-08-07 14:12:32] Shell.read_output()            : function executed
[2025-08-07 14:12:32] Shell.read_output()            : {'0': '0xFCABC121'}
[2025-08-07 14:12:32] Shell.ssd_read()               : [Read] LBA 6 : 0xFCABC121
[2025-08-07 14:12:32] Shell.ssd_read()               : read 7, for_script is True
[2025-08-07 14:12:32] Shell.read_output()            : function executed
[2025-08-07 14:12:32] Shell.read_output()            : {'0': '0x7EADD724'}
[2025-08-07 14:12:32] Shell.ssd_read()               : [Read] LBA 7 : 0x7EADD724
[2025-08-07 14:12:32] Shell.ssd_read()               : read 8, for_script is True
[2025-08-07 14:12:32] Shell.read_output()            : function executed
[2025-08-07 14:12:32] Shell.read_output()            : {'0': '0xF3BFAB21'}
[2025-08-07 14:12:32] Shell.ssd_read()               : [Read] LBA 8 : 0xF3BFAB21
[2025-08-07 14:12:32] Shell.ssd_read()               : read 9, for_script is True
[2025-08-07 14:12:32] Shell.read_output()            : function executed
[2025-08-07 14:12:32] Shell.read_output()            : {'0': '0x49D03926'}
[2025-08-07 14:12:32] Shell.ssd_read()               : [Read] LBA 9 : 0x49D03926
[2025-08-07 14:12:32] Shell.ssd_write()              : read 6, content 0xE316F33C, for_script is True
[2025-08-07 14:12:32] Shell.ssd_write()              : [Write] Done - 6, 0xE316F33C
[2025-08-07 14:12:32] Shell.ssd_write()              : read 7, content 0x59CBB543, for_script is True
[2025-08-07 14:12:32] Shell.ssd_write()              : [Write] Done - 7, 0x59CBB543
[2025-08-07 14:12:32] Shell.ssd_write()              : read 8, content 0x6C7F9D44, for_script is True
[2025-08-07 14:12:32] Shell.ssd_write()              : [Write] Done - 8, 0x6C7F9D44
[2025-08-07 14:12:32] Shell.ssd_write()              : read 9, content 0x78B0D54C, for_script is True
[2025-08-07 14:12:32] Shell.ssd_write()              : [Write] Done - 9, 0x78B0D54C
[2025-08-07 14:12:32] Shell.ssd_write()              : read 10, content 0xF71A8350, for_script is True
[2025-08-07 14:12:32] Shell.ssd_write()              : [Write] Done - 10, 0xF71A8350
[2025-08-07 14:12:32] Shell.ssd_read()               : read 6, for_script is True
[2025-08-07 14:12:32] Shell.read_output()            : function executed
[2025-08-07 14:12:32] Shell.read_output()            : {'0': '0xE316F33C'}
[2025-08-07 14:12:32] Shell.ssd_read()               : [Read] LBA 6 : 0xE316F33C
[2025-08-07 14:12:32] Shell.ssd_read()               : read 7, for_script is True
[2025-08-07 14:12:32] Shell.read_output()            : function executed
[2025-08-07 14:12:32] Shell.read_output()            : {'0': '0x59CBB543'}
[2025-08-07 14:12:32] Shell.ssd_read()               : [Read] LBA 7 : 0x59CBB543
[2025-08-07 14:12:32] Shell.ssd_read()               : read 8, for_script is True
[2025-08-07 14:12:32] Shell.read_output()            : function executed
[2025-08-07 14:12:32] Shell.read_output()            : {'0': '0x6C7F9D44'}
[2025-08-07 14:12:32] Shell.ssd_read()               : [Read] LBA 8 : 0x6C7F9D44
[2025-08-07 14:12:32] Shell.ssd_read()               : read 9, for_script is True
[2025-08-07 14:12:32] Shell.read_output()            : function executed
[2025-08-07 14:12:32] Shell.read_output()            : {'0': '0x78B0D54C'}
[2025-08-07 14:12:32] Shell.ssd_read()               : [Read] LBA 9 : 0x78B0D54C
[2025-08-07 14:12:32] Shell.ssd_read()               : read 10, for_script is True
[2025-08-07 14:12:33] Shell.read_output()            : function executed
[2025-08-07 14:12:33] Shell.read_output()            : {'0': '0xF71A8350'}
[2025-08-07 14:12:33] Shell.ssd_read()               : [Read] LBA 10 : 0xF71A8350
[2025-08-07 14:12:33] Shell.ssd_write()              : read 7, content 0xD7460367, for_script is True
[2025-08-07 14:12:33] Shell.ssd_write()              : [Write] Done - 7, 0xD7460367
[2025-08-07 14:12:33] Shell.ssd_write()              : read 8, content 0x3CCAE968, for_script is True
[2025-08-07 14:12:33] Shell.ssd_write()              : [Write] Done - 8, 0x3CCAE968
[2025-08-07 14:12:33] Shell.ssd_write()              : read 9, content 0x6D686169, for_script is True
[2025-08-07 14:12:33] Shell.ssd_write()              : [Write] Done - 9, 0x6D686169
[2025-08-07 14:12:33] Shell.ssd_write()              : read 10, content 0xE60E677D, for_script is True
[2025-08-07 14:12:33] Shell.ssd_write()              : [Write] Done - 10, 0xE60E677D
[2025-08-07 14:12:33] Shell.ssd_write()              : read 11, content 0x4ABDDB85, for_script is True
[2025-08-07 14:12:33] Shell.ssd_write()              : [Write] Done - 11, 0x4ABDDB85
[2025-08-07 14:12:33] Shell.ssd_read()               : read 7, for_script is True
[2025-08-07 14:12:33] Shell.read_output()            : function executed
[2025-08-07 14:12:33] Shell.read_output()            : {'0': '0xD7460367'}
[2025-08-07 14:12:33] Shell.ssd_read()               : [Read] LBA 7 : 0xD7460367
[2025-08-07 14:12:33] Shell.ssd_read()               : read 8, for_script is True
[2025-08-07 14:12:33] Shell.read_output()            : function executed
[2025-08-07 14:12:33] Shell.read_output()            : {'0': '0x3CCAE968'}
[2025-08-07 14:12:33] Shell.ssd_read()               : [Read] LBA 8 : 0x3CCAE968
[2025-08-07 14:12:33] Shell.ssd_read()               : read 9, for_script is True
[2025-08-07 14:12:33] Shell.read_output()            : function executed
[2025-08-07 14:12:33] Shell.read_output()            : {'0': '0x6D686169'}
[2025-08-07 14:12:33] Shell.ssd_read()               : [Read] LBA 9 : 0x6D686169
[2025-08-07 14:12:33] Shell.ssd_read()               : read 10, for_script is True
[2025-08-07 14:12:33] Shell.read_output()            : function executed
[2025-08-07 14:12:33] Shell.read_output()            : {'0': '0xE60E677D'}
[2025-08-07 14:12:33] Shell.ssd_read()               : [Read] LBA 10 : 0xE60E677D
[2025-08-07 14:12:33] Shell.ssd_read()               : read 11, for_script is True
[2025-08-07 14:12:33] Shell.read_output()            : function executed
[2025-08-07 14:12:33] Shell.read_output()            : {'0': '0x4ABDDB85'}
[2025-08-07 14:12:33] Shell.ssd_read()               : [Read] LBA 11 : 0x4ABDDB85
[2025-08-07 14:12:33] Shell.ssd_write()              : read 8, content 0x51D655A2, for_script is True
[2025-08-07 14:12:33] Shell.ssd_write()              : [Write] Done - 8, 0x51D655A2
[2025-08-07 14:12:33] Shell.ssd_write()              : read 9, content 0x875ECBA6, for_script is True
[2025-08-07 14:12:33] Shell.ssd_write()              : [Write] Done - 9, 0x875ECBA6
[2025-08-07 14:12:33] Shell.ssd_write()              : read 10, content 0x2095D1AC, for_script is True
[2025-08-07 14:12:34] Shell.ssd_write()              : [Write] Done - 10, 0x2095D1AC
[2025-08-07 14:12:34] Shell.ssd_write()              : read 11, content 0xA14FA9AC, for_script is True
[2025-08-07 14:12:34] Shell.ssd_write()              : [Write] Done - 11, 0xA14FA9AC
[2025-08-07 14:12:34] Shell.ssd_write()              : read 12, content 0xF25845B2, for_script is True
[2025-08-07 14:12:34] Shell.ssd_write()              : [Write] Done - 12, 0xF25845B2
[2025-08-07 14:12:34] Shell.ssd_read()               : read 8, for_script is True
[2025-08-07 14:12:34] Shell.read_output()            : function executed
[2025-08-07 14:12:34] Shell.read_output()            : {'0': '0x51D655A2'}
[2025-08-07 14:12:34] Shell.ssd_read()               : [Read] LBA 8 : 0x51D655A2
[2025-08-07 14:12:34] Shell.ssd_read()               : read 9, for_script is True
[2025-08-07 14:12:34] Shell.read_output()            : function executed
[2025-08-07 14:12:34] Shell.read_output()            : {'0': '0x875ECBA6'}
[2025-08-07 14:12:34] Shell.ssd_read()               : [Read] LBA 9 : 0x875ECBA6
[2025-08-07 14:12:34] Shell.ssd_read()               : read 10, for_script is True
[2025-08-07 14:12:34] Shell.read_output()            : function executed
[2025-08-07 14:12:34] Shell.read_output()            : {'0': '0x2095D1AC'}
[2025-08-07 14:12:34] Shell.ssd_read()               : [Read] LBA 10 : 0x2095D1AC
[2025-08-07 14:12:34] Shell.ssd_read()               : read 11, for_script is True
[2025-08-07 14:12:34] Shell.read_output()            : function executed
[2025-08-07 14:12:34] Shell.read_output()            : {'0': '0xA14FA9AC'}
[2025-08-07 14:12:34] Shell.ssd_read()               : [Read] LBA 11 : 0xA14FA9AC
[2025-08-07 14:12:34] Shell.ssd_read()               : read 12, for_script is True
[2025-08-07 14:12:34] Shell.read_output()            : function executed
[2025-08-07 14:12:34] Shell.read_output()            : {'0': '0xF25845B2'}
[2025-08-07 14:12:34] Shell.ssd_read()               : [Read] LBA 12 : 0xF25845B2
[2025-08-07 14:12:34] Shell.ssd_write()              : read 9, content 0x569B09D3, for_script is True
[2025-08-07 14:12:34] Shell.ssd_write()              : [Write] Done - 9, 0x569B09D3
[2025-08-07 14:12:34] Shell.ssd_write()              : read 10, content 0x79FA85D6, for_script is True
