[2025-08-07 14:14:52] Shell.read_output()            : function executed
[2025-08-07 14:14:52] Shell.read_output()            : {'0': '0x4366BECC'}
[2025-08-07 14:14:52] Shell.ssd_read()               : [Read] LBA 5 : 0x4366BECC
[2025-08-07 14:14:52] Shell.ssd_read()               : read 6, for_script is True
[2025-08-07 14:14:52] Shell.read_output()            : function executed
[2025-08-07 14:14:52] Shell.read_output()            : {'0': '0xF258A2CC'}
[2025-08-07 14:14:52] Shell.ssd_read()               : [Read] LBA 6 : 0xF258A2CC
[2025-08-07 14:14:52] Shell.ssd_read()               : read 7, for_script is True
[2025-08-07 14:14:52] Shell.read_output()            : function executed
[2025-08-07 14:14:52] Shell.read_output()            : {'0': '0x2DD91CD2'}
[2025-08-07 14:14:52] Shell.ssd_read()               : [Read] LBA 7 : 0x2DD91CD2
[2025-08-07 14:14:52] Shell.ssd_read()               : read 8, for_script is True
[2025-08-07 14:14:52] Shell.read_output()            : function executed
[2025-08-07 14:14:52] Shell.read_output()            : {'0': '0x785634D7'}
[2025-08-07 14:14:52] Shell.ssd_read()               : [Read] LBA 8 : 0x785634D7
[2025-08-07 14:14:52] Shell.ssd_write()              : read 5, content 0xC6DFE4F9, for_script is True
[2025-08-07 14:14:52] Shell.ssd_write()              : [Write] Done - 5, 0xC6DFE4F9
[2025-08-07 14:14:52] Shell.ssd_write()              : read 6, content 0x18AD150D, for_script is True
[2025-08-07 14:14:52] Shell.ssd_write()              : [Write] Done - 6, 0x18AD150D
[2025-08-07 14:14:52] Shell.ssd_write()              : read 7, content 0xE8A3430D, for_script is True
[2025-08-07 14:14:52] Shell.ssd_write()              : [Write] Done - 7, 0xE8A3430D
[2025-08-07 14:14:52] Shell.ssd_write()              : read 8, content 0x39628510, for_script is True
[2025-08-07 14:14:53] Shell.ssd_write()              : [Write] Done - 8, 0x39628510
[2025-08-07 14:14:53] Shell.ssd_write()              : read 9, content 0xB9AF1711, for_script is True
[2025-08-07 14:14:53] Shell.ssd_write()              : [Write] Done - 9, 0xB9AF1711
[2025-08-07 14:14:53] Shell.ssd_read()               : read 5, for_script is True
[2025-08-07 14:14:53] Shell.read_output()            : function executed
[2025-08-07 14:14:53] Shell.read_output()            : {'0': '0xC6DFE4F9'}
[2025-08-07 14:14:53] Shell.ssd_read()               : [Read] LBA 5 : 0xC6DFE4F9
[2025-08-07 14:14:53] Shell.ssd_read()               : read 6, for_script is True
[2025-08-07 14:14:53] Shell.read_output()            : function executed
[2025-08-07 14:14:53] Shell.read_output()            : {'0': '0x18AD150D'}
[2025-08-07 14:14:53] Shell.ssd_read()               : [Read] LBA 6 : 0x18AD150D
[2025-08-07 14:14:53] Shell.ssd_read()               : read 7, for_script is True
[2025-08-07 14:14:53] Shell.read_output()            : function executed
[2025-08-07 14:14:53] Shell.read_output()            : {'0': '0xE8A3430D'}
[2025-08-07 14:14:53] Shell.ssd_read()               : [Read] LBA 7 : 0xE8A3430D
[2025-08-07 14:14:53] Shell.ssd_read()               : read 8, for_script is True
[2025-08-07 14:14:53] Shell.read_output()            : function executed
[2025-08-07 14:14:53] Shell.read_output()            : {'0': '0x39628510'}
[2025-08-07 14:14:53] Shell.ssd_read()               : [Read] LBA 8 : 0x39628510
[2025-08-07 14:14:53] Shell.ssd_read()               : read 9, for_script is True
[2025-08-07 14:14:53] Shell.read_output()            : function executed
[2025-08-07 14:14:53] Shell.read_output()            : {'0': '0xB9AF1711'}
[2025-08-07 14:14:53] Shell.ssd_read()               : [Read] LBA 9 : 0xB9AF1711
[2025-08-07 14:14:53] Shell.ssd_write()              : read 6, content 0xB0A66F39, for_script is True
[2025-08-07 14:14:53] Shell.ssd_write()              : [Write] Done - 6, 0xB0A66F39
[2025-08-07 14:14:53] Shell.ssd_write()              : read 7, content 0x4B2E0343, for_script is True
[2025-08-07 14:14:53] Shell.ssd_write()              : [Write] Done - 7, 0x4B2E0343
[2025-08-07 14:14:53] Shell.ssd_write()              : read 8, content 0x41992543, for_script is True
[2025-08-07 14:14:53] Shell.ssd_write()              : [Write] Done - 8, 0x41992543
[2025-08-07 14:14:53] Shell.ssd_write()              : read 9, content 0xC987CF4D, for_script is True
[2025-08-07 14:14:53] Shell.ssd_write()              : [Write] Done - 9, 0xC987CF4D
[2025-08-07 14:14:53] Shell.ssd_write()              : read 10, content 0x84DAC34F, for_script is True
[2025-08-07 14:14:53] Shell.ssd_write()              : [Write] Done - 10, 0x84DAC34F
[2025-08-07 14:14:53] Shell.ssd_read()               : read 6, for_script is True
[2025-08-07 14:14:53] Shell.read_output()            : function executed
[2025-08-07 14:14:53] Shell.read_output()            : {'0': '0xB0A66F39'}
[2025-08-07 14:14:53] Shell.ssd_read()               : [Read] LBA 6 : 0xB0A66F39
[2025-08-07 14:14:53] Shell.ssd_read()               : read 7, for_script is True
[2025-08-07 14:14:53] Shell.read_output()            : function executed
[2025-08-07 14:14:54] Shell.read_output()            : {'0': '0x4B2E0343'}
[2025-08-07 14:14:54] Shell.ssd_read()               : [Read] LBA 7 : 0x4B2E0343
[2025-08-07 14:14:54] Shell.ssd_read()               : read 8, for_script is True
[2025-08-07 14:14:54] Shell.read_output()            : function executed
[2025-08-07 14:14:54] Shell.read_output()            : {'0': '0x41992543'}
[2025-08-07 14:14:54] Shell.ssd_read()               : [Read] LBA 8 : 0x41992543
[2025-08-07 14:14:54] Shell.ssd_read()               : read 9, for_script is True
[2025-08-07 14:14:54] Shell.read_output()            : function executed
[2025-08-07 14:14:54] Shell.read_output()            : {'0': '0xC987CF4D'}
[2025-08-07 14:14:54] Shell.ssd_read()               : [Read] LBA 9 : 0xC987CF4D
[2025-08-07 14:14:54] Shell.ssd_read()               : read 10, for_script is True
[2025-08-07 14:14:54] Shell.read_output()            : function executed
[2025-08-07 14:14:54] Shell.read_output()            : {'0': '0x84DAC34F'}
[2025-08-07 14:14:54] Shell.ssd_read()               : [Read] LBA 10 : 0x84DAC34F
[2025-08-07 14:14:54] Shell.ssd_write()              : read 7, content 0xBE6B297F, for_script is True
[2025-08-07 14:14:54] Shell.ssd_write()              : [Write] Done - 7, 0xBE6B297F
[2025-08-07 14:14:54] Shell.ssd_write()              : read 8, content 0xEB131D8F, for_script is True
[2025-08-07 14:14:54] Shell.ssd_write()              : [Write] Done - 8, 0xEB131D8F
[2025-08-07 14:14:54] Shell.ssd_write()              : read 9, content 0x39B2AB93, for_script is True
[2025-08-07 14:14:54] Shell.ssd_write()              : [Write] Done - 9, 0x39B2AB93
[2025-08-07 14:14:54] Shell.ssd_write()              : read 10, content 0x6E892D95, for_script is True
[2025-08-07 14:14:54] Shell.ssd_write()              : [Write] Done - 10, 0x6E892D95
[2025-08-07 14:14:54] Shell.ssd_write()              : read 11, content 0x739BC199, for_script is True
[2025-08-07 14:14:54] Shell.ssd_write()              : [Write] Done - 11, 0x739BC199
[2025-08-07 14:14:54] Shell.ssd_read()               : read 7, for_script is True
[2025-08-07 14:14:54] Shell.read_output()            : function executed
[2025-08-07 14:14:54] Shell.read_output()            : {'0': '0xBE6B297F'}
[2025-08-07 14:14:54] Shell.ssd_read()               : [Read] LBA 7 : 0xBE6B297F
[2025-08-07 14:14:54] Shell.ssd_read()               : read 8, for_script is True
[2025-08-07 14:14:54] Shell.read_output()            : function executed
[2025-08-07 14:14:54] Shell.read_output()            : {'0': '0xEB131D8F'}
[2025-08-07 14:14:54] Shell.ssd_read()               : [Read] LBA 8 : 0xEB131D8F
[2025-08-07 14:14:54] Shell.ssd_read()               : read 9, for_script is True
[2025-08-07 14:14:54] Shell.read_output()            : function executed
[2025-08-07 14:14:54] Shell.read_output()            : {'0': '0x39B2AB93'}
[2025-08-07 14:14:54] Shell.ssd_read()               : [Read] LBA 9 : 0x39B2AB93
[2025-08-07 14:14:54] Shell.ssd_read()               : read 10, for_script is True
[2025-08-07 14:14:54] Shell.read_output()            : function executed
[2025-08-07 14:14:54] Shell.read_output()            : {'0': '0x6E892D95'}
[2025-08-07 14:14:54] Shell.ssd_read()               : [Read] LBA 10 : 0x6E892D95
[2025-08-07 14:14:54] Shell.ssd_read()               : read 11, for_script is True
[2025-08-07 14:14:54] Shell.read_output()            : function executed
[2025-08-07 14:14:54] Shell.read_output()            : {'0': '0x739BC199'}
[2025-08-07 14:14:54] Shell.ssd_read()               : [Read] LBA 11 : 0x739BC199
[2025-08-07 14:14:54] Shell.ssd_write()              : read 8, content 0xF51D11B0, for_script is True
[2025-08-07 14:14:54] Shell.ssd_write()              : [Write] Done - 8, 0xF51D11B0
[2025-08-07 14:14:54] Shell.ssd_write()              : read 9, content 0x9214F9B7, for_script is True
[2025-08-07 14:14:54] Shell.ssd_write()              : [Write] Done - 9, 0x9214F9B7
[2025-08-07 14:14:54] Shell.ssd_write()              : read 10, content 0x5DECFFC0, for_script is True
[2025-08-07 14:14:55] Shell.ssd_write()              : [Write] Done - 10, 0x5DECFFC0
[2025-08-07 14:14:55] Shell.ssd_write()              : read 11, content 0xF77A5DC0, for_script is True
[2025-08-07 14:14:55] Shell.ssd_write()              : [Write] Done - 11, 0xF77A5DC0
[2025-08-07 14:14:55] Shell.ssd_write()              : read 12, content 0x1FF6D3C5, for_script is True
[2025-08-07 14:14:55] Shell.ssd_write()              : [Write] Done - 12, 0x1FF6D3C5
[2025-08-07 14:14:55] Shell.ssd_read()               : read 8, for_script is True
[2025-08-07 14:14:55] Shell.read_output()            : function executed
[2025-08-07 14:14:55] Shell.read_output()            : {'0': '0xF51D11B0'}
[2025-08-07 14:14:55] Shell.ssd_read()               : [Read] LBA 8 : 0xF51D11B0
[2025-08-07 14:14:55] Shell.ssd_read()               : read 9, for_script is True
[2025-08-07 14:14:55] Shell.read_output()            : function executed
[2025-08-07 14:14:55] Shell.read_output()            : {'0': '0x9214F9B7'}
[2025-08-07 14:14:55] Shell.ssd_read()               : [Read] LBA 9 : 0x9214F9B7
