[2025-08-07 14:14:10] Shell.read_output()            : {'0': '0xCC1FD810'}
[2025-08-07 14:14:10] Shell.ssd_read()               : [Read] LBA 2 : 0xCC1FD810
[2025-08-07 14:14:10] Shell.ssd_read()               : read 3, for_script is True
[2025-08-07 14:14:10] Shell.read_output()            : function executed
[2025-08-07 14:14:10] Shell.read_output()            : {'0': '0xB4D2F811'}
[2025-08-07 14:14:10] Shell.ssd_read()               : [Read] LBA 3 : 0xB4D2F811
[2025-08-07 14:14:10] Shell.ssd_read()               : read 4, for_script is True
[2025-08-07 14:14:10] Shell.read_output()            : function executed
[2025-08-07 14:14:10] Shell.read_output()            : {'0': '0x4A0E3411'}
[2025-08-07 14:14:10] Shell.ssd_read()               : [Read] LBA 4 : 0x4A0E3411
[2025-08-07 14:14:10] Shell.ssd_write()              : read 1, content 0x682AD433, for_script is True
[2025-08-07 14:14:10] Shell.ssd_write()              : [Write] Done - 1, 0x682AD433
[2025-08-07 14:14:10] Shell.ssd_write()              : read 2, content 0x933F563A, for_script is True
[2025-08-07 14:14:10] Shell.ssd_write()              : [Write] Done - 2, 0x933F563A
[2025-08-07 14:14:10] Shell.ssd_write()              : read 3, content 0xD556BE3B, for_script is True
[2025-08-07 14:14:10] Shell.ssd_write()              : [Write] Done - 3, 0xD556BE3B
[2025-08-07 14:14:10] Shell.ssd_write()              : read 4, content 0xCB65063A, for_script is True
[2025-08-07 14:14:10] Shell.ssd_write()              : [Write] Done - 4, 0xCB65063A
[2025-08-07 14:14:10] Shell.ssd_write()              : read 5, content 0x2962544A, for_script is True
[2025-08-07 14:14:10] Shell.ssd_write()              : [Write] Done - 5, 0x2962544A
[2025-08-07 14:14:10] Shell.ssd_read()               : read 1, for_script is True
[2025-08-07 14:14:10] Shell.read_output()            : function executed
[2025-08-07 14:14:10] Shell.read_output()            : {'0': '0x682AD433'}
[2025-08-07 14:14:10] Shell.ssd_read()               : [Read] LBA 1 : 0x682AD433
[2025-08-07 14:14:10] Shell.ssd_read()               : read 2, for_script is True
[2025-08-07 14:14:10] Shell.read_output()            : function executed
[2025-08-07 14:14:10] Shell.read_output()            : {'0': '0x933F563A'}
[2025-08-07 14:14:10] Shell.ssd_read()               : [Read] LBA 2 : 0x933F563A
[2025-08-07 14:14:10] Shell.ssd_read()               : read 3, for_script is True
[2025-08-07 14:14:10] Shell.read_output()            : function executed
[2025-08-07 14:14:10] Shell.read_output()            : {'0': '0xD556BE3B'}
[2025-08-07 14:14:10] Shell.ssd_read()               : [Read] LBA 3 : 0xD556BE3B
[2025-08-07 14:14:10] Shell.ssd_read()               : read 4, for_script is True
[2025-08-07 14:14:10] Shell.read_output()            : function executed
[2025-08-07 14:14:10] Shell.read_output()            : {'0': '0xCB65063A'}
[2025-08-07 14:14:10] Shell.ssd_read()               : [Read] LBA 4 : 0xCB65063A
[2025-08-07 14:14:10] Shell.ssd_read()               : read 5, for_script is True
[2025-08-07 14:14:10] Shell.read_output()            : function executed
[2025-08-07 14:14:10] Shell.read_output()            : {'0': '0x2962544A'}
[2025-08-07 14:14:10] Shell.ssd_read()               : [Read] LBA 5 : 0x2962544A
[2025-08-07 14:14:10] Shell.ssd_write()              : read 2, content 0x924F086B, for_script is True
[2025-08-07 14:14:10] Shell.ssd_write()              : [Write] Done - 2, 0x924F086B
[2025-08-07 14:14:10] Shell.ssd_write()              : read 3, content 0x03167E6C, for_script is True
[2025-08-07 14:14:10] Shell.ssd_write()              : [Write] Done - 3, 0x03167E6C
[2025-08-07 14:14:10] Shell.ssd_write()              : read 4, content 0x78596270, for_script is True
[2025-08-07 14:14:10] Shell.ssd_write()              : [Write] Done - 4, 0x78596270
[2025-08-07 14:14:10] Shell.ssd_write()              : read 5, content 0x24C55673, for_script is True
[2025-08-07 14:14:11] Shell.ssd_write()              : [Write] Done - 5, 0x24C55673
[2025-08-07 14:14:11] Shell.ssd_write()              : read 6, content 0x2C55BA75, for_script is True
[2025-08-07 14:14:11] Shell.ssd_write()              : [Write] Done - 6, 0x2C55BA75
[2025-08-07 14:14:11] Shell.ssd_read()               : read 2, for_script is True
[2025-08-07 14:14:11] Shell.read_output()            : function executed
[2025-08-07 14:14:11] Shell.read_output()            : {'0': '0x924F086B'}
[2025-08-07 14:14:11] Shell.ssd_read()               : [Read] LBA 2 : 0x924F086B
[2025-08-07 14:14:11] Shell.ssd_read()               : read 3, for_script is True
[2025-08-07 14:14:11] Shell.read_output()            : function executed
[2025-08-07 14:14:11] Shell.read_output()            : {'0': '0x03167E6C'}
[2025-08-07 14:14:11] Shell.ssd_read()               : [Read] LBA 3 : 0x03167E6C
[2025-08-07 14:14:11] Shell.ssd_read()               : read 4, for_script is True
[2025-08-07 14:14:11] Shell.read_output()            : function executed
[2025-08-07 14:14:11] Shell.read_output()            : {'0': '0x78596270'}
[2025-08-07 14:14:11] Shell.ssd_read()               : [Read] LBA 4 : 0x78596270
[2025-08-07 14:14:11] Shell.ssd_read()               : read 5, for_script is True
[2025-08-07 14:14:11] Shell.read_output()            : function executed
[2025-08-07 14:14:11] Shell.read_output()            : {'0': '0x24C55673'}
[2025-08-07 14:14:11] Shell.ssd_read()               : [Read] LBA 5 : 0x24C55673
[2025-08-07 14:14:11] Shell.ssd_read()               : read 6, for_script is True
[2025-08-07 14:14:11] Shell.read_output()            : function executed
[2025-08-07 14:14:11] Shell.read_output()            : {'0': '0x2C55BA75'}
[2025-08-07 14:14:11] Shell.ssd_read()               : [Read] LBA 6 : 0x2C55BA75
[2025-08-07 14:14:11] Shell.ssd_write()              : read 3, content 0x38A7A6A2, for_script is True
[2025-08-07 14:14:11] Shell.ssd_write()              : [Write] Done - 3, 0x38A7A6A2
[2025-08-07 14:14:11] Shell.ssd_write()              : read 4, content 0xF52944A6, for_script is True
[2025-08-07 14:14:11] Shell.ssd_write()              : [Write] Done - 4, 0xF52944A6
[2025-08-07 14:14:11] Shell.ssd_write()              : read 5, content 0xE17D52A7, for_script is True
[2025-08-07 14:14:11] Shell.ssd_write()              : [Write] Done - 5, 0xE17D52A7
[2025-08-07 14:14:11] Shell.ssd_write()              : read 6, content 0x6487BCA6, for_script is True
[2025-08-07 14:14:11] Shell.ssd_write()              : [Write] Done - 6, 0x6487BCA6
[2025-08-07 14:14:11] Shell.ssd_write()              : read 7, content 0xE3383EAA, for_script is True
[2025-08-07 14:14:11] Shell.ssd_write()              : [Write] Done - 7, 0xE3383EAA
[2025-08-07 14:14:11] Shell.ssd_read()               : read 3, for_script is True
[2025-08-07 14:14:11] Shell.read_output()            : function executed
[2025-08-07 14:14:11] Shell.read_output()            : {'0': '0x38A7A6A2'}
[2025-08-07 14:14:11] Shell.ssd_read()               : [Read] LBA 3 : 0x38A7A6A2
[2025-08-07 14:14:11] Shell.ssd_read()               : read 4, for_script is True
[2025-08-07 14:14:11] Shell.read_output()            : function executed
[2025-08-07 14:14:11] Shell.read_output()            : {'0': '0xF52944A6'}
[2025-08-07 14:14:11] Shell.ssd_read()               : [Read] LBA 4 : 0xF52944A6
[2025-08-07 14:14:11] Shell.ssd_read()               : read 5, for_script is True
[2025-08-07 14:14:11] Shell.read_output()            : function executed
[2025-08-07 14:14:11] Shell.read_output()            : {'0': '0xE17D52A7'}
[2025-08-07 14:14:11] Shell.ssd_read()               : [Read] LBA 5 : 0xE17D52A7
[2025-08-07 14:14:11] Shell.ssd_read()               : read 6, for_script is True
[2025-08-07 14:14:11] Shell.read_output()            : function executed
[2025-08-07 14:14:11] Shell.read_output()            : {'0': '0x6487BCA6'}
[2025-08-07 14:14:11] Shell.ssd_read()               : [Read] LBA 6 : 0x6487BCA6
[2025-08-07 14:14:11] Shell.ssd_read()               : read 7, for_script is True
[2025-08-07 14:14:11] Shell.read_output()            : function executed
[2025-08-07 14:14:11] Shell.read_output()            : {'0': '0xE3383EAA'}
[2025-08-07 14:14:11] Shell.ssd_read()               : [Read] LBA 7 : 0xE3383EAA
[2025-08-07 14:14:11] Shell.ssd_write()              : read 4, content 0x6135A6CC, for_script is True
[2025-08-07 14:14:11] Shell.ssd_write()              : [Write] Done - 4, 0x6135A6CC
[2025-08-07 14:14:11] Shell.ssd_write()              : read 5, content 0x3BCCA8CF, for_script is True
[2025-08-07 14:14:12] Shell.ssd_write()              : [Write] Done - 5, 0x3BCCA8CF
[2025-08-07 14:14:12] Shell.ssd_write()              : read 6, content 0x06D784D0, for_script is True
[2025-08-07 14:14:12] Shell.ssd_write()              : [Write] Done - 6, 0x06D784D0
[2025-08-07 14:14:12] Shell.ssd_write()              : read 7, content 0x6613F0D1, for_script is True
[2025-08-07 14:14:12] Shell.ssd_write()              : [Write] Done - 7, 0x6613F0D1
[2025-08-07 14:14:12] Shell.ssd_write()              : read 8, content 0xEC3648D5, for_script is True
[2025-08-07 14:14:12] Shell.ssd_write()              : [Write] Done - 8, 0xEC3648D5
[2025-08-07 14:14:12] Shell.ssd_read()               : read 4, for_script is True
[2025-08-07 14:14:12] Shell.read_output()            : function executed
[2025-08-07 14:14:12] Shell.read_output()            : {'0': '0x6135A6CC'}
[2025-08-07 14:14:12] Shell.ssd_read()               : [Read] LBA 4 : 0x6135A6CC
[2025-08-07 14:14:12] Shell.ssd_read()               : read 5, for_script is True
[2025-08-07 14:14:12] Shell.read_output()            : function executed
[2025-08-07 14:14:12] Shell.read_output()            : {'0': '0x3BCCA8CF'}
[2025-08-07 14:14:12] Shell.ssd_read()               : [Read] LBA 5 : 0x3BCCA8CF
[2025-08-07 14:14:12] Shell.ssd_read()               : read 6, for_script is True
[2025-08-07 14:14:12] Shell.read_output()            : function executed
[2025-08-07 14:14:12] Shell.read_output()            : {'0': '0x06D784D0'}
[2025-08-07 14:14:12] Shell.ssd_read()               : [Read] LBA 6 : 0x06D784D0
[2025-08-07 14:14:12] Shell.ssd_read()               : read 7, for_script is True
