[2025-08-07 14:16:44] Shell.read_output()            : {'0': '0x38330A78'}
[2025-08-07 14:16:44] Shell.ssd_read()               : [Read] LBA 5 : 0x38330A78
[2025-08-07 14:16:44] Shell.ssd_read()               : read 6, for_script is True
[2025-08-07 14:16:44] Shell.read_output()            : function executed
[2025-08-07 14:16:44] Shell.read_output()            : {'0': '0x52DCFE7C'}
[2025-08-07 14:16:44] Shell.ssd_read()               : [Read] LBA 6 : 0x52DCFE7C
[2025-08-07 14:16:44] Shell.ssd_read()               : read 7, for_script is True
[2025-08-07 14:16:44] Shell.read_output()            : function executed
[2025-08-07 14:16:44] Shell.read_output()            : {'0': '0x1F05AE7D'}
[2025-08-07 14:16:44] Shell.ssd_read()               : [Read] LBA 7 : 0x1F05AE7D
[2025-08-07 14:16:44] Shell.ssd_write()              : read 4, content 0x859232B4, for_script is True
[2025-08-07 14:16:45] Shell.ssd_write()              : [Write] Done - 4, 0x859232B4
[2025-08-07 14:16:45] Shell.ssd_write()              : read 5, content 0xE14FC8B5, for_script is True
[2025-08-07 14:16:45] Shell.ssd_write()              : [Write] Done - 5, 0xE14FC8B5
[2025-08-07 14:16:45] Shell.ssd_write()              : read 6, content 0x94BFCEB9, for_script is True
[2025-08-07 14:16:45] Shell.ssd_write()              : [Write] Done - 6, 0x94BFCEB9
[2025-08-07 14:16:45] Shell.ssd_write()              : read 7, content 0x273F48BE, for_script is True
[2025-08-07 14:16:45] Shell.ssd_write()              : [Write] Done - 7, 0x273F48BE
[2025-08-07 14:16:45] Shell.ssd_write()              : read 8, content 0x2263BACE, for_script is True
[2025-08-07 14:16:45] Shell.ssd_write()              : [Write] Done - 8, 0x2263BACE
[2025-08-07 14:16:45] Shell.ssd_read()               : read 4, for_script is True
[2025-08-07 14:16:45] Shell.read_output()            : function executed
[2025-08-07 14:16:45] Shell.read_output()            : {'0': '0x859232B4'}
[2025-08-07 14:16:45] Shell.ssd_read()               : [Read] LBA 4 : 0x859232B4
[2025-08-07 14:16:45] Shell.ssd_read()               : read 5, for_script is True
[2025-08-07 14:16:45] Shell.read_output()            : function executed
[2025-08-07 14:16:45] Shell.read_output()            : {'0': '0xE14FC8B5'}
[2025-08-07 14:16:45] Shell.ssd_read()               : [Read] LBA 5 : 0xE14FC8B5
[2025-08-07 14:16:45] Shell.ssd_read()               : read 6, for_script is True
[2025-08-07 14:16:45] Shell.read_output()            : function executed
[2025-08-07 14:16:45] Shell.read_output()            : {'0': '0x94BFCEB9'}
[2025-08-07 14:16:45] Shell.ssd_read()               : [Read] LBA 6 : 0x94BFCEB9
[2025-08-07 14:16:45] Shell.ssd_read()               : read 7, for_script is True
[2025-08-07 14:16:45] Shell.read_output()            : function executed
[2025-08-07 14:16:45] Shell.read_output()            : {'0': '0x273F48BE'}
[2025-08-07 14:16:45] Shell.ssd_read()               : [Read] LBA 7 : 0x273F48BE
[2025-08-07 14:16:45] Shell.ssd_read()               : read 8, for_script is True
[2025-08-07 14:16:45] Shell.read_output()            : function executed
[2025-08-07 14:16:45] Shell.read_output()            : {'0': '0x2263BACE'}
[2025-08-07 14:16:45] Shell.ssd_read()               : [Read] LBA 8 : 0x2263BACE
[2025-08-07 14:16:45] Shell.ssd_write()              : read 5, content 0xD784D4E5, for_script is True
[2025-08-07 14:16:45] Shell.ssd_write()              : [Write] Done - 5, 0xD784D4E5
[2025-08-07 14:16:45] Shell.ssd_write()              : read 6, content 0x1463CEEE, for_script is True
[2025-08-07 14:16:45] Shell.ssd_write()              : [Write] Done - 6, 0x1463CEEE
[2025-08-07 14:16:45] Shell.ssd_write()              : read 7, content 0xB934AEEE, for_script is True
[2025-08-07 14:16:45] Shell.ssd_write()              : [Write] Done - 7, 0xB934AEEE
[2025-08-07 14:16:45] Shell.ssd_write()              : read 8, content 0x18A470F4, for_script is True
[2025-08-07 14:16:45] Shell.ssd_write()              : [Write] Done - 8, 0x18A470F4
[2025-08-07 14:16:45] Shell.ssd_write()              : read 9, content 0x99303B06, for_script is True
[2025-08-07 14:16:45] Shell.ssd_write()              : [Write] Done - 9, 0x99303B06
[2025-08-07 14:16:45] Shell.ssd_read()               : read 5, for_script is True
[2025-08-07 14:16:45] Shell.read_output()            : function executed
[2025-08-07 14:16:45] Shell.read_output()            : {'0': '0xD784D4E5'}
[2025-08-07 14:16:45] Shell.ssd_read()               : [Read] LBA 5 : 0xD784D4E5
[2025-08-07 14:16:45] Shell.ssd_read()               : read 6, for_script is True
[2025-08-07 14:16:45] Shell.read_output()            : function executed
[2025-08-07 14:16:45] Shell.read_output()            : {'0': '0x1463CEEE'}
[2025-08-07 14:16:45] Shell.ssd_read()               : [Read] LBA 6 : 0x1463CEEE
[2025-08-07 14:16:45] Shell.ssd_read()               : read 7, for_script is True
[2025-08-07 14:16:45] Shell.read_output()            : function executed
[2025-08-07 14:16:45] Shell.read_output()            : {'0': '0xB934AEEE'}
[2025-08-07 14:16:45] Shell.ssd_read()               : [Read] LBA 7 : 0xB934AEEE
[2025-08-07 14:16:45] Shell.ssd_read()               : read 8, for_script is True
[2025-08-07 14:16:46] Shell.read_output()            : function executed
[2025-08-07 14:16:46] Shell.read_output()            : {'0': '0x18A470F4'}
[2025-08-07 14:16:46] Shell.ssd_read()               : [Read] LBA 8 : 0x18A470F4
[2025-08-07 14:16:46] Shell.ssd_read()               : read 9, for_script is True
[2025-08-07 14:16:46] Shell.read_output()            : function executed
[2025-08-07 14:16:46] Shell.read_output()            : {'0': '0x99303B06'}
[2025-08-07 14:16:46] Shell.ssd_read()               : [Read] LBA 9 : 0x99303B06
[2025-08-07 14:16:46] Shell.ssd_write()              : read 6, content 0xE547831C, for_script is True
[2025-08-07 14:16:46] Shell.ssd_write()              : [Write] Done - 6, 0xE547831C
[2025-08-07 14:16:46] Shell.ssd_write()              : read 7, content 0xFFFA0B27, for_script is True
[2025-08-07 14:16:46] Shell.ssd_write()              : [Write] Done - 7, 0xFFFA0B27
[2025-08-07 14:16:46] Shell.ssd_write()              : read 8, content 0xB5887528, for_script is True
[2025-08-07 14:16:46] Shell.ssd_write()              : [Write] Done - 8, 0xB5887528
[2025-08-07 14:16:46] Shell.ssd_write()              : read 9, content 0x9E8E9329, for_script is True
[2025-08-07 14:16:46] Shell.ssd_write()              : [Write] Done - 9, 0x9E8E9329
[2025-08-07 14:16:46] Shell.ssd_write()              : read 10, content 0x96B71732, for_script is True
[2025-08-07 14:16:46] Shell.ssd_write()              : [Write] Done - 10, 0x96B71732
[2025-08-07 14:16:46] Shell.ssd_read()               : read 6, for_script is True
[2025-08-07 14:16:46] Shell.read_output()            : function executed
[2025-08-07 14:16:46] Shell.read_output()            : {'0': '0xE547831C'}
[2025-08-07 14:16:46] Shell.ssd_read()               : [Read] LBA 6 : 0xE547831C
[2025-08-07 14:16:46] Shell.ssd_read()               : read 7, for_script is True
[2025-08-07 14:16:46] Shell.read_output()            : function executed
[2025-08-07 14:16:46] Shell.read_output()            : {'0': '0xFFFA0B27'}
[2025-08-07 14:16:46] Shell.ssd_read()               : [Read] LBA 7 : 0xFFFA0B27
[2025-08-07 14:16:46] Shell.ssd_read()               : read 8, for_script is True
[2025-08-07 14:16:46] Shell.read_output()            : function executed
[2025-08-07 14:16:46] Shell.read_output()            : {'0': '0xB5887528'}
[2025-08-07 14:16:46] Shell.ssd_read()               : [Read] LBA 8 : 0xB5887528
[2025-08-07 14:16:46] Shell.ssd_read()               : read 9, for_script is True
[2025-08-07 14:16:46] Shell.read_output()            : function executed
[2025-08-07 14:16:46] Shell.read_output()            : {'0': '0x9E8E9329'}
[2025-08-07 14:16:46] Shell.ssd_read()               : [Read] LBA 9 : 0x9E8E9329
[2025-08-07 14:16:46] Shell.ssd_read()               : read 10, for_script is True
[2025-08-07 14:16:46] Shell.read_output()            : function executed
[2025-08-07 14:16:46] Shell.read_output()            : {'0': '0x96B71732'}
[2025-08-07 14:16:46] Shell.ssd_read()               : [Read] LBA 10 : 0x96B71732
[2025-08-07 14:16:46] Shell.ssd_write()              : read 7, content 0x8307C968, for_script is True
[2025-08-07 14:16:46] Shell.ssd_write()              : [Write] Done - 7, 0x8307C968
[2025-08-07 14:16:46] Shell.ssd_write()              : read 8, content 0x048C0970, for_script is True
[2025-08-07 14:16:46] Shell.ssd_write()              : [Write] Done - 8, 0x048C0970
[2025-08-07 14:16:46] Shell.ssd_write()              : read 9, content 0xD4EEE372, for_script is True
[2025-08-07 14:16:46] Shell.ssd_write()              : [Write] Done - 9, 0xD4EEE372
[2025-08-07 14:16:46] Shell.ssd_write()              : read 10, content 0x61B98578, for_script is True
[2025-08-07 14:16:46] Shell.ssd_write()              : [Write] Done - 10, 0x61B98578
[2025-08-07 14:16:46] Shell.ssd_write()              : read 11, content 0xEA8D0588, for_script is True
[2025-08-07 14:16:46] Shell.ssd_write()              : [Write] Done - 11, 0xEA8D0588
[2025-08-07 14:16:46] Shell.ssd_read()               : read 7, for_script is True
[2025-08-07 14:16:46] Shell.read_output()            : function executed
[2025-08-07 14:16:46] Shell.read_output()            : {'0': '0x8307C968'}
[2025-08-07 14:16:46] Shell.ssd_read()               : [Read] LBA 7 : 0x8307C968
[2025-08-07 14:16:46] Shell.ssd_read()               : read 8, for_script is True
[2025-08-07 14:16:47] Shell.read_output()            : function executed
[2025-08-07 14:16:47] Shell.read_output()            : {'0': '0x048C0970'}
[2025-08-07 14:16:47] Shell.ssd_read()               : [Read] LBA 8 : 0x048C0970
[2025-08-07 14:16:47] Shell.ssd_read()               : read 9, for_script is True
[2025-08-07 14:16:47] Shell.read_output()            : function executed
[2025-08-07 14:16:47] Shell.read_output()            : {'0': '0xD4EEE372'}
[2025-08-07 14:16:47] Shell.ssd_read()               : [Read] LBA 9 : 0xD4EEE372
[2025-08-07 14:16:47] Shell.ssd_read()               : read 10, for_script is True
