[2025-08-07 13:49:39] Shell.run_shell()              : Shell Application Run
[2025-08-07 13:49:39] Shell.read_command()           : wait command, preset command: None
[2025-08-07 13:56:42] Shell.run_shell()              : Shell Application Run
[2025-08-07 13:56:42] Shell.read_command()           : wait command, preset command: None
[2025-08-07 14:05:06] Shell.run_shell()              : Shell Application Run
[2025-08-07 14:05:06] Shell.read_command()           : wait command, preset command: None
[2025-08-07 14:05:12] Shell.read_command()           : input command: exit
[2025-08-07 14:05:12] Shell.valid_check()            : command_args: ['exit']
[2025-08-07 14:05:12] Shell.is_valid_format()        : command_args: ['exit']
[2025-08-07 14:05:12] Shell.is_invalid_command()     : command_args: ['exit']
[2025-08-07 14:05:12] Shell.is_invalid_command()     : return False
[2025-08-07 14:05:12] Shell.is_invalid_para_length() : command_args: ['exit']
[2025-08-07 14:05:12] Shell.run_command()            : run command with exit
[2025-08-07 14:05:12] Shell.run_command()            : shell exited with exit command
[2025-08-07 14:09:07] Shell.run_shell()              : Shell Application Run
[2025-08-07 14:09:07] Shell.read_command()           : wait command, preset command: None
[2025-08-07 14:10:31] Shell.run_shell()              : Shell Application Run
[2025-08-07 14:10:31] Shell.read_command()           : wait command, preset command: None
[2025-08-07 14:12:23] Shell.read_command()           : wait command, preset command: 1_FullWriteAndReadCompare
[2025-08-07 14:12:23] Shell.read_command()           : input command: 1_FullWriteAndReadCompare
[2025-08-07 14:12:23] Shell.valid_check()            : command_args: ['1_FullWriteAndReadCompare']
[2025-08-07 14:12:23] Shell.is_valid_format()        : command_args: ['1_FullWriteAndReadCompare']
[2025-08-07 14:12:23] Shell.is_invalid_command()     : command_args: ['1_FullWriteAndReadCompare']
[2025-08-07 14:12:23] Shell.is_invalid_command()     : return False
[2025-08-07 14:12:23] Shell.is_invalid_para_length() : command_args: ['1_FullWriteAndReadCompare']
[2025-08-07 14:12:23] Shell.run_command()            : run command with 1_FullWriteAndReadCompare
[2025-08-07 14:12:23] Shell.script_1()               : script1 executed
[2025-08-07 14:12:23] Shell.ssd_write()              : read 0, content 0x8D84BA04, for_script is True
[2025-08-07 14:12:23] Shell.ssd_write()              : [Write] Done - 0, 0x8D84BA04
[2025-08-07 14:12:23] Shell.ssd_write()              : read 1, content 0xC1BBAC08, for_script is True
[2025-08-07 14:12:23] Shell.ssd_write()              : [Write] Done - 1, 0xC1BBAC08
[2025-08-07 14:12:23] Shell.ssd_write()              : read 2, content 0x531F360B, for_script is True
[2025-08-07 14:12:23] Shell.ssd_write()              : [Write] Done - 2, 0x531F360B
[2025-08-07 14:12:23] Shell.ssd_write()              : read 3, content 0xA8D31A0B, for_script is True
[2025-08-07 14:12:23] Shell.ssd_write()              : [Write] Done - 3, 0xA8D31A0B
[2025-08-07 14:12:23] Shell.ssd_write()              : read 4, content 0x586EA423, for_script is True
[2025-08-07 14:12:23] Shell.ssd_write()              : [Write] Done - 4, 0x586EA423
[2025-08-07 14:12:23] Shell.ssd_read()               : read 0, for_script is True
[2025-08-07 14:12:23] Shell.read_output()            : function executed
[2025-08-07 14:12:23] Shell.read_output()            : {'0': '0x8D84BA04'}
[2025-08-07 14:12:23] Shell.ssd_read()               : [Read] LBA 0 : 0x8D84BA04
[2025-08-07 14:12:23] Shell.ssd_read()               : read 1, for_script is True
[2025-08-07 14:12:23] Shell.read_output()            : function executed
[2025-08-07 14:12:23] Shell.read_output()            : {'0': '0xC1BBAC08'}
[2025-08-07 14:12:23] Shell.ssd_read()               : [Read] LBA 1 : 0xC1BBAC08
[2025-08-07 14:12:23] Shell.ssd_read()               : read 2, for_script is True
[2025-08-07 14:12:23] Shell.read_output()            : function executed
[2025-08-07 14:12:23] Shell.read_output()            : {'0': '0x531F360B'}
[2025-08-07 14:12:23] Shell.ssd_read()               : [Read] LBA 2 : 0x531F360B
[2025-08-07 14:12:23] Shell.ssd_read()               : read 3, for_script is True
[2025-08-07 14:12:23] Shell.read_output()            : function executed
[2025-08-07 14:12:23] Shell.read_output()            : {'0': '0xA8D31A0B'}
[2025-08-07 14:12:23] Shell.ssd_read()               : [Read] LBA 3 : 0xA8D31A0B
[2025-08-07 14:12:23] Shell.ssd_read()               : read 4, for_script is True
[2025-08-07 14:12:23] Shell.read_output()            : function executed
[2025-08-07 14:12:23] Shell.read_output()            : {'0': '0x586EA423'}
[2025-08-07 14:12:23] Shell.ssd_read()               : [Read] LBA 4 : 0x586EA423
[2025-08-07 14:12:23] Shell.ssd_write()              : read 1, content 0x66B3EE3E, for_script is True
[2025-08-07 14:12:24] Shell.ssd_write()              : [Write] Done - 1, 0x66B3EE3E
[2025-08-07 14:12:24] Shell.ssd_write()              : read 2, content 0x5A87A644, for_script is True
[2025-08-07 14:12:24] Shell.ssd_write()              : [Write] Done - 2, 0x5A87A644
[2025-08-07 14:12:24] Shell.ssd_write()              : read 3, content 0x9E3D2253, for_script is True
[2025-08-07 14:12:24] Shell.ssd_write()              : [Write] Done - 3, 0x9E3D2253
[2025-08-07 14:12:24] Shell.ssd_write()              : read 4, content 0xF0633A54, for_script is True
[2025-08-07 14:12:24] Shell.ssd_write()              : [Write] Done - 4, 0xF0633A54
[2025-08-07 14:12:24] Shell.ssd_write()              : read 5, content 0x0DC7B255, for_script is True
[2025-08-07 14:12:24] Shell.ssd_write()              : [Write] Done - 5, 0x0DC7B255
[2025-08-07 14:12:24] Shell.ssd_read()               : read 1, for_script is True
[2025-08-07 14:12:24] Shell.read_output()            : function executed
[2025-08-07 14:12:24] Shell.read_output()            : {'0': '0x66B3EE3E'}
[2025-08-07 14:12:24] Shell.ssd_read()               : [Read] LBA 1 : 0x66B3EE3E
[2025-08-07 14:12:24] Shell.ssd_read()               : read 2, for_script is True
[2025-08-07 14:12:24] Shell.read_output()            : function executed
[2025-08-07 14:12:24] Shell.read_output()            : {'0': '0x5A87A644'}
[2025-08-07 14:12:24] Shell.ssd_read()               : [Read] LBA 2 : 0x5A87A644
[2025-08-07 14:12:24] Shell.ssd_read()               : read 3, for_script is True
[2025-08-07 14:12:24] Shell.read_output()            : function executed
[2025-08-07 14:12:24] Shell.read_output()            : {'0': '0x9E3D2253'}
[2025-08-07 14:12:24] Shell.ssd_read()               : [Read] LBA 3 : 0x9E3D2253
[2025-08-07 14:12:24] Shell.ssd_read()               : read 4, for_script is True
[2025-08-07 14:12:24] Shell.read_output()            : function executed
[2025-08-07 14:12:24] Shell.read_output()            : {'0': '0xF0633A54'}
[2025-08-07 14:12:24] Shell.ssd_read()               : [Read] LBA 4 : 0xF0633A54
[2025-08-07 14:12:24] Shell.ssd_read()               : read 5, for_script is True
[2025-08-07 14:12:24] Shell.read_output()            : function executed
[2025-08-07 14:12:24] Shell.read_output()            : {'0': '0x0DC7B255'}
[2025-08-07 14:12:24] Shell.ssd_read()               : [Read] LBA 5 : 0x0DC7B255
[2025-08-07 14:12:24] Shell.ssd_write()              : read 2, content 0xF17D5A73, for_script is True
[2025-08-07 14:12:24] Shell.ssd_write()              : [Write] Done - 2, 0xF17D5A73
[2025-08-07 14:12:24] Shell.ssd_write()              : read 3, content 0x5DEA5A80, for_script is True
[2025-08-07 14:12:24] Shell.ssd_write()              : [Write] Done - 3, 0x5DEA5A80
[2025-08-07 14:12:24] Shell.ssd_write()              : read 4, content 0xE101E487, for_script is True
[2025-08-07 14:12:24] Shell.ssd_write()              : [Write] Done - 4, 0xE101E487
[2025-08-07 14:12:24] Shell.ssd_write()              : read 5, content 0xE3DB3087, for_script is True
[2025-08-07 14:12:24] Shell.ssd_write()              : [Write] Done - 5, 0xE3DB3087
[2025-08-07 14:12:24] Shell.ssd_write()              : read 6, content 0x78D2328E, for_script is True
[2025-08-07 14:12:24] Shell.ssd_write()              : [Write] Done - 6, 0x78D2328E
[2025-08-07 14:12:24] Shell.ssd_read()               : read 2, for_script is True
[2025-08-07 14:12:24] Shell.read_output()            : function executed
[2025-08-07 14:12:24] Shell.read_output()            : {'0': '0xF17D5A73'}
[2025-08-07 14:12:24] Shell.ssd_read()               : [Read] LBA 2 : 0xF17D5A73
[2025-08-07 14:12:24] Shell.ssd_read()               : read 3, for_script is True
[2025-08-07 14:12:24] Shell.read_output()            : function executed
[2025-08-07 14:12:24] Shell.read_output()            : {'0': '0x5DEA5A80'}
[2025-08-07 14:12:24] Shell.ssd_read()               : [Read] LBA 3 : 0x5DEA5A80
[2025-08-07 14:12:24] Shell.ssd_read()               : read 4, for_script is True
[2025-08-07 14:12:25] Shell.read_output()            : function executed
[2025-08-07 14:12:25] Shell.read_output()            : {'0': '0xE101E487'}
[2025-08-07 14:12:25] Shell.ssd_read()               : [Read] LBA 4 : 0xE101E487
[2025-08-07 14:12:25] Shell.ssd_read()               : read 5, for_script is True
[2025-08-07 14:12:25] Shell.read_output()            : function executed
[2025-08-07 14:12:25] Shell.read_output()            : {'0': '0xE3DB3087'}
[2025-08-07 14:12:25] Shell.ssd_read()               : [Read] LBA 5 : 0xE3DB3087
[2025-08-07 14:12:25] Shell.ssd_read()               : read 6, for_script is True
[2025-08-07 14:12:25] Shell.read_output()            : function executed
[2025-08-07 14:12:25] Shell.read_output()            : {'0': '0x78D2328E'}
[2025-08-07 14:12:25] Shell.ssd_read()               : [Read] LBA 6 : 0x78D2328E
[2025-08-07 14:12:25] Shell.ssd_write()              : read 3, content 0x5D10A2B2, for_script is True
[2025-08-07 14:12:25] Shell.ssd_write()              : [Write] Done - 3, 0x5D10A2B2
[2025-08-07 14:12:25] Shell.ssd_write()              : read 4, content 0x70626EB6, for_script is True
[2025-08-07 14:12:25] Shell.ssd_write()              : [Write] Done - 4, 0x70626EB6
