[2025-08-07 14:14:05] Shell.ssd_read()               : read 6, for_script is True
[2025-08-07 14:14:05] Shell.read_output()            : function executed
[2025-08-07 14:14:05] Shell.read_output()            : {'0': '0xF96644A4'}
[2025-08-07 14:14:05] Shell.ssd_read()               : [Read] LBA 6 : 0xF96644A4
[2025-08-07 14:14:05] Shell.ssd_write()              : read 3, content 0x17FF86BC, for_script is True
[2025-08-07 14:14:05] Shell.ssd_write()              : [Write] Done - 3, 0x17FF86BC
[2025-08-07 14:14:05] Shell.ssd_write()              : read 4, content 0xEAE91EBE, for_script is True
[2025-08-07 14:14:05] Shell.ssd_write()              : [Write] Done - 4, 0xEAE91EBE
[2025-08-07 14:14:05] Shell.ssd_write()              : read 5, content 0x06DB4EC0, for_script is True
[2025-08-07 14:14:05] Shell.ssd_write()              : [Write] Done - 5, 0x06DB4EC0
[2025-08-07 14:14:05] Shell.ssd_write()              : read 6, content 0x363AB0C0, for_script is True
[2025-08-07 14:14:05] Shell.ssd_write()              : [Write] Done - 6, 0x363AB0C0
[2025-08-07 14:14:05] Shell.ssd_write()              : read 7, content 0x26088AC3, for_script is True
[2025-08-07 14:14:06] Shell.ssd_write()              : [Write] Done - 7, 0x26088AC3
[2025-08-07 14:14:06] Shell.ssd_read()               : read 3, for_script is True
[2025-08-07 14:14:06] Shell.read_output()            : function executed
[2025-08-07 14:14:06] Shell.read_output()            : {'0': '0x17FF86BC'}
[2025-08-07 14:14:06] Shell.ssd_read()               : [Read] LBA 3 : 0x17FF86BC
[2025-08-07 14:14:06] Shell.ssd_read()               : read 4, for_script is True
[2025-08-07 14:14:06] Shell.read_output()            : function executed
[2025-08-07 14:14:06] Shell.read_output()            : {'0': '0xEAE91EBE'}
[2025-08-07 14:14:06] Shell.ssd_read()               : [Read] LBA 4 : 0xEAE91EBE
[2025-08-07 14:14:06] Shell.ssd_read()               : read 5, for_script is True
[2025-08-07 14:14:06] Shell.read_output()            : function executed
[2025-08-07 14:14:06] Shell.read_output()            : {'0': '0x06DB4EC0'}
[2025-08-07 14:14:06] Shell.ssd_read()               : [Read] LBA 5 : 0x06DB4EC0
[2025-08-07 14:14:06] Shell.ssd_read()               : read 6, for_script is True
[2025-08-07 14:14:06] Shell.read_output()            : function executed
[2025-08-07 14:14:06] Shell.read_output()            : {'0': '0x363AB0C0'}
[2025-08-07 14:14:06] Shell.ssd_read()               : [Read] LBA 6 : 0x363AB0C0
[2025-08-07 14:14:06] Shell.ssd_read()               : read 7, for_script is True
[2025-08-07 14:14:06] Shell.read_output()            : function executed
[2025-08-07 14:14:06] Shell.read_output()            : {'0': '0x26088AC3'}
[2025-08-07 14:14:06] Shell.ssd_read()               : [Read] LBA 7 : 0x26088AC3
[2025-08-07 14:14:06] Shell.ssd_write()              : read 4, content 0xF1F18EDB, for_script is True
[2025-08-07 14:14:06] Shell.ssd_write()              : [Write] Done - 4, 0xF1F18EDB
[2025-08-07 14:14:06] Shell.ssd_write()              : read 5, content 0x1293C8DD, for_script is True
[2025-08-07 14:14:06] Shell.ssd_write()              : [Write] Done - 5, 0x1293C8DD
[2025-08-07 14:14:06] Shell.ssd_write()              : read 6, content 0x947116E3, for_script is True
[2025-08-07 14:14:06] Shell.ssd_write()              : [Write] Done - 6, 0x947116E3
[2025-08-07 14:14:06] Shell.ssd_write()              : read 7, content 0xA5944CE6, for_script is True
[2025-08-07 14:14:06] Shell.ssd_write()              : [Write] Done - 7, 0xA5944CE6
[2025-08-07 14:14:06] Shell.ssd_write()              : read 8, content 0xF6AEBAE6, for_script is True
[2025-08-07 14:14:06] Shell.ssd_write()              : [Write] Done - 8, 0xF6AEBAE6
[2025-08-07 14:14:06] Shell.ssd_read()               : read 4, for_script is True
[2025-08-07 14:14:06] Shell.read_output()            : function executed
[2025-08-07 14:14:06] Shell.read_output()            : {'0': '0xF1F18EDB'}
[2025-08-07 14:14:06] Shell.ssd_read()               : [Read] LBA 4 : 0xF1F18EDB
[2025-08-07 14:14:06] Shell.ssd_read()               : read 5, for_script is True
[2025-08-07 14:14:06] Shell.read_output()            : function executed
[2025-08-07 14:14:06] Shell.read_output()            : {'0': '0x1293C8DD'}
[2025-08-07 14:14:06] Shell.ssd_read()               : [Read] LBA 5 : 0x1293C8DD
[2025-08-07 14:14:06] Shell.ssd_read()               : read 6, for_script is True
[2025-08-07 14:14:06] Shell.read_output()            : function executed
[2025-08-07 14:14:06] Shell.read_output()            : {'0': '0x947116E3'}
[2025-08-07 14:14:06] Shell.ssd_read()               : [Read] LBA 6 : 0x947116E3
[2025-08-07 14:14:06] Shell.ssd_read()               : read 7, for_script is True
[2025-08-07 14:14:06] Shell.read_output()            : function executed
[2025-08-07 14:14:06] Shell.read_output()            : {'0': '0xA5944CE6'}
[2025-08-07 14:14:06] Shell.ssd_read()               : [Read] LBA 7 : 0xA5944CE6
[2025-08-07 14:14:06] Shell.ssd_read()               : read 8, for_script is True
[2025-08-07 14:14:06] Shell.read_output()            : function executed
[2025-08-07 14:14:06] Shell.read_output()            : {'0': '0xF6AEBAE6'}
[2025-08-07 14:14:06] Shell.ssd_read()               : [Read] LBA 8 : 0xF6AEBAE6
[2025-08-07 14:14:06] Shell.ssd_write()              : read 5, content 0x506BF304, for_script is True
[2025-08-07 14:14:06] Shell.ssd_write()              : [Write] Done - 5, 0x506BF304
[2025-08-07 14:14:06] Shell.ssd_write()              : read 6, content 0xA5F57D07, for_script is True
[2025-08-07 14:14:06] Shell.ssd_write()              : [Write] Done - 6, 0xA5F57D07
[2025-08-07 14:14:06] Shell.ssd_write()              : read 7, content 0xAA9D370A, for_script is True
[2025-08-07 14:14:07] Shell.ssd_write()              : [Write] Done - 7, 0xAA9D370A
[2025-08-07 14:14:07] Shell.ssd_write()              : read 8, content 0xB2694912, for_script is True
[2025-08-07 14:14:07] Shell.ssd_write()              : [Write] Done - 8, 0xB2694912
[2025-08-07 14:14:07] Shell.ssd_write()              : read 9, content 0x0C823B13, for_script is True
[2025-08-07 14:14:07] Shell.ssd_write()              : [Write] Done - 9, 0x0C823B13
[2025-08-07 14:14:07] Shell.ssd_read()               : read 5, for_script is True
[2025-08-07 14:14:07] Shell.read_output()            : function executed
[2025-08-07 14:14:07] Shell.read_output()            : {'0': '0x506BF304'}
[2025-08-07 14:14:07] Shell.ssd_read()               : [Read] LBA 5 : 0x506BF304
[2025-08-07 14:14:07] Shell.ssd_read()               : read 6, for_script is True
[2025-08-07 14:14:07] Shell.read_output()            : function executed
[2025-08-07 14:14:07] Shell.read_output()            : {'0': '0xA5F57D07'}
[2025-08-07 14:14:07] Shell.ssd_read()               : [Read] LBA 6 : 0xA5F57D07
[2025-08-07 14:14:07] Shell.ssd_read()               : read 7, for_script is True
[2025-08-07 14:14:07] Shell.read_output()            : function executed
[2025-08-07 14:14:07] Shell.read_output()            : {'0': '0xAA9D370A'}
[2025-08-07 14:14:07] Shell.ssd_read()               : [Read] LBA 7 : 0xAA9D370A
[2025-08-07 14:14:07] Shell.ssd_read()               : read 8, for_script is True
[2025-08-07 14:14:07] Shell.read_output()            : function executed
[2025-08-07 14:14:07] Shell.read_output()            : {'0': '0xB2694912'}
[2025-08-07 14:14:07] Shell.ssd_read()               : [Read] LBA 8 : 0xB2694912
[2025-08-07 14:14:07] Shell.ssd_read()               : read 9, for_script is True
[2025-08-07 14:14:07] Shell.read_output()            : function executed
[2025-08-07 14:14:07] Shell.read_output()            : {'0': '0x0C823B13'}
[2025-08-07 14:14:07] Shell.ssd_read()               : [Read] LBA 9 : 0x0C823B13
[2025-08-07 14:14:07] Shell.ssd_write()              : read 6, content 0x4C583921, for_script is True
[2025-08-07 14:14:07] Shell.ssd_write()              : [Write] Done - 6, 0x4C583921
[2025-08-07 14:14:07] Shell.ssd_write()              : read 7, content 0xADD44B27, for_script is True
[2025-08-07 14:14:07] Shell.ssd_write()              : [Write] Done - 7, 0xADD44B27
[2025-08-07 14:14:07] Shell.ssd_write()              : read 8, content 0x1560B327, for_script is True
[2025-08-07 14:14:07] Shell.ssd_write()              : [Write] Done - 8, 0x1560B327
[2025-08-07 14:14:07] Shell.ssd_write()              : read 9, content 0x4793A529, for_script is True
[2025-08-07 14:14:07] Shell.ssd_write()              : [Write] Done - 9, 0x4793A529
[2025-08-07 14:14:07] Shell.ssd_write()              : read 10, content 0x91780B2F, for_script is True
[2025-08-07 14:14:07] Shell.ssd_write()              : [Write] Done - 10, 0x91780B2F
[2025-08-07 14:14:07] Shell.ssd_read()               : read 6, for_script is True
[2025-08-07 14:14:07] Shell.read_output()            : function executed
[2025-08-07 14:14:07] Shell.read_output()            : {'0': '0x4C583921'}
[2025-08-07 14:14:07] Shell.ssd_read()               : [Read] LBA 6 : 0x4C583921
[2025-08-07 14:14:07] Shell.ssd_read()               : read 7, for_script is True
[2025-08-07 14:14:07] Shell.read_output()            : function executed
[2025-08-07 14:14:07] Shell.read_output()            : {'0': '0xADD44B27'}
[2025-08-07 14:14:07] Shell.ssd_read()               : [Read] LBA 7 : 0xADD44B27
[2025-08-07 14:14:07] Shell.ssd_read()               : read 8, for_script is True
[2025-08-07 14:14:07] Shell.read_output()            : function executed
[2025-08-07 14:14:07] Shell.read_output()            : {'0': '0x1560B327'}
[2025-08-07 14:14:07] Shell.ssd_read()               : [Read] LBA 8 : 0x1560B327
[2025-08-07 14:14:07] Shell.ssd_read()               : read 9, for_script is True
[2025-08-07 14:14:07] Shell.read_output()            : function executed
[2025-08-07 14:14:07] Shell.read_output()            : {'0': '0x4793A529'}
[2025-08-07 14:14:07] Shell.ssd_read()               : [Read] LBA 9 : 0x4793A529
[2025-08-07 14:14:07] Shell.ssd_read()               : read 10, for_script is True
[2025-08-07 14:14:07] Shell.read_output()            : function executed
[2025-08-07 14:14:07] Shell.read_output()            : {'0': '0x91780B2F'}
