[2025-08-07 14:14:46] Shell.ssd_read()               : [Read] LBA 8 : 0x1B79253D
[2025-08-07 14:14:46] Shell.ssd_read()               : read 9, for_script is True
[2025-08-07 14:14:46] Shell.read_output()            : function executed
[2025-08-07 14:14:46] Shell.read_output()            : {'0': '0xB82CD747'}
[2025-08-07 14:14:46] Shell.ssd_read()               : [Read] LBA 9 : 0xB82CD747
[2025-08-07 14:14:46] Shell.ssd_read()               : read 10, for_script is True
[2025-08-07 14:14:46] Shell.read_output()            : function executed
[2025-08-07 14:14:46] Shell.read_output()            : {'0': '0x5DD5774A'}
[2025-08-07 14:14:46] Shell.ssd_read()               : [Read] LBA 10 : 0x5DD5774A
[2025-08-07 14:14:46] Shell.ssd_write()              : read 7, content 0x5225BF63, for_script is True
[2025-08-07 14:14:47] Shell.ssd_write()              : [Write] Done - 7, 0x5225BF63
[2025-08-07 14:14:47] Shell.ssd_write()              : read 8, content 0xE2BD9764, for_script is True
[2025-08-07 14:14:47] Shell.ssd_write()              : [Write] Done - 8, 0xE2BD9764
[2025-08-07 14:14:47] Shell.ssd_write()              : read 9, content 0x302BDB65, for_script is True
[2025-08-07 14:14:47] Shell.ssd_write()              : [Write] Done - 9, 0x302BDB65
[2025-08-07 14:14:47] Shell.ssd_write()              : read 10, content 0x3E3D9166, for_script is True
[2025-08-07 14:14:47] Shell.ssd_write()              : [Write] Done - 10, 0x3E3D9166
[2025-08-07 14:14:47] Shell.ssd_write()              : read 11, content 0x8AFEC775, for_script is True
[2025-08-07 14:14:47] Shell.ssd_write()              : [Write] Done - 11, 0x8AFEC775
[2025-08-07 14:14:47] Shell.ssd_read()               : read 7, for_script is True
[2025-08-07 14:14:47] Shell.read_output()            : function executed
[2025-08-07 14:14:47] Shell.read_output()            : {'0': '0x5225BF63'}
[2025-08-07 14:14:47] Shell.ssd_read()               : [Read] LBA 7 : 0x5225BF63
[2025-08-07 14:14:47] Shell.ssd_read()               : read 8, for_script is True
[2025-08-07 14:14:47] Shell.read_output()            : function executed
[2025-08-07 14:14:47] Shell.read_output()            : {'0': '0xE2BD9764'}
[2025-08-07 14:14:47] Shell.ssd_read()               : [Read] LBA 8 : 0xE2BD9764
[2025-08-07 14:14:47] Shell.ssd_read()               : read 9, for_script is True
[2025-08-07 14:14:47] Shell.read_output()            : function executed
[2025-08-07 14:14:47] Shell.read_output()            : {'0': '0x302BDB65'}
[2025-08-07 14:14:47] Shell.ssd_read()               : [Read] LBA 9 : 0x302BDB65
[2025-08-07 14:14:47] Shell.ssd_read()               : read 10, for_script is True
[2025-08-07 14:14:47] Shell.read_output()            : function executed
[2025-08-07 14:14:47] Shell.read_output()            : {'0': '0x3E3D9166'}
[2025-08-07 14:14:47] Shell.ssd_read()               : [Read] LBA 10 : 0x3E3D9166
[2025-08-07 14:14:47] Shell.ssd_read()               : read 11, for_script is True
[2025-08-07 14:14:47] Shell.read_output()            : function executed
[2025-08-07 14:14:47] Shell.read_output()            : {'0': '0x8AFEC775'}
[2025-08-07 14:14:47] Shell.ssd_read()               : [Read] LBA 11 : 0x8AFEC775
[2025-08-07 14:14:47] Shell.ssd_write()              : read 8, content 0x02F22B91, for_script is True
[2025-08-07 14:14:47] Shell.ssd_write()              : [Write] Done - 8, 0x02F22B91
[2025-08-07 14:14:47] Shell.ssd_write()              : read 9, content 0xAAC0AB99, for_script is True
[2025-08-07 14:14:47] Shell.ssd_write()              : [Write] Done - 9, 0xAAC0AB99
[2025-08-07 14:14:47] Shell.ssd_write()              : read 10, content 0x4D27A19A, for_script is True
[2025-08-07 14:14:47] Shell.ssd_write()              : [Write] Done - 10, 0x4D27A19A
[2025-08-07 14:14:47] Shell.ssd_write()              : read 11, content 0x3B0A559C, for_script is True
[2025-08-07 14:14:48] Shell.ssd_write()              : [Write] Done - 11, 0x3B0A559C
[2025-08-07 14:14:48] Shell.ssd_write()              : read 12, content 0xF3FE9F9D, for_script is True
[2025-08-07 14:14:48] Shell.ssd_write()              : [Write] Done - 12, 0xF3FE9F9D
[2025-08-07 14:14:48] Shell.ssd_read()               : read 8, for_script is True
[2025-08-07 14:14:48] Shell.read_output()            : function executed
[2025-08-07 14:14:48] Shell.read_output()            : {'0': '0x02F22B91'}
[2025-08-07 14:14:48] Shell.ssd_read()               : [Read] LBA 8 : 0x02F22B91
[2025-08-07 14:14:48] Shell.ssd_read()               : read 9, for_script is True
[2025-08-07 14:14:48] Shell.read_output()            : function executed
[2025-08-07 14:14:48] Shell.read_output()            : {'0': '0xAAC0AB99'}
[2025-08-07 14:14:48] Shell.ssd_read()               : [Read] LBA 9 : 0xAAC0AB99
[2025-08-07 14:14:48] Shell.ssd_read()               : read 10, for_script is True
[2025-08-07 14:14:48] Shell.read_output()            : function executed
[2025-08-07 14:14:48] Shell.read_output()            : {'0': '0x4D27A19A'}
[2025-08-07 14:14:48] Shell.ssd_read()               : [Read] LBA 10 : 0x4D27A19A
[2025-08-07 14:14:48] Shell.ssd_read()               : read 11, for_script is True
[2025-08-07 14:14:48] Shell.read_output()            : function executed
[2025-08-07 14:14:48] Shell.read_output()            : {'0': '0x3B0A559C'}
[2025-08-07 14:14:48] Shell.ssd_read()               : [Read] LBA 11 : 0x3B0A559C
[2025-08-07 14:14:48] Shell.ssd_read()               : read 12, for_script is True
[2025-08-07 14:14:48] Shell.read_output()            : function executed
[2025-08-07 14:14:48] Shell.read_output()            : {'0': '0xF3FE9F9D'}
[2025-08-07 14:14:48] Shell.ssd_read()               : [Read] LBA 12 : 0xF3FE9F9D
[2025-08-07 14:14:48] Shell.ssd_write()              : read 9, content 0x3836C9BB, for_script is True
[2025-08-07 14:14:48] Shell.ssd_write()              : [Write] Done - 9, 0x3836C9BB
[2025-08-07 14:14:48] Shell.ssd_write()              : read 10, content 0x88D9FBC9, for_script is True
[2025-08-07 14:14:48] Shell.ssd_write()              : [Write] Done - 10, 0x88D9FBC9
[2025-08-07 14:14:48] Shell.ssd_write()              : read 11, content 0x74E29FD1, for_script is True
[2025-08-07 14:14:48] Shell.ssd_write()              : [Write] Done - 11, 0x74E29FD1
[2025-08-07 14:14:48] Shell.ssd_write()              : read 12, content 0xA35D3FD4, for_script is True
[2025-08-07 14:14:48] Shell.ssd_write()              : [Write] Done - 12, 0xA35D3FD4
[2025-08-07 14:14:48] Shell.ssd_write()              : read 13, content 0x70AEE7D8, for_script is True
[2025-08-07 14:14:49] Shell.ssd_write()              : [Write] Done - 13, 0x70AEE7D8
[2025-08-07 14:14:49] Shell.ssd_read()               : read 9, for_script is True
[2025-08-07 14:14:49] Shell.read_output()            : function executed
[2025-08-07 14:14:49] Shell.read_output()            : {'0': '0x3836C9BB'}
[2025-08-07 14:14:49] Shell.ssd_read()               : [Read] LBA 9 : 0x3836C9BB
[2025-08-07 14:14:49] Shell.ssd_read()               : read 10, for_script is True
[2025-08-07 14:14:49] Shell.read_output()            : function executed
[2025-08-07 14:14:49] Shell.read_output()            : {'0': '0x88D9FBC9'}
[2025-08-07 14:14:49] Shell.ssd_read()               : [Read] LBA 10 : 0x88D9FBC9
[2025-08-07 14:14:49] Shell.ssd_read()               : read 11, for_script is True
[2025-08-07 14:14:49] Shell.read_output()            : function executed
[2025-08-07 14:14:49] Shell.read_output()            : {'0': '0x74E29FD1'}
[2025-08-07 14:14:49] Shell.ssd_read()               : [Read] LBA 11 : 0x74E29FD1
[2025-08-07 14:14:49] Shell.ssd_read()               : read 12, for_script is True
[2025-08-07 14:14:49] Shell.read_output()            : function executed
[2025-08-07 14:14:49] Shell.read_output()            : {'0': '0xA35D3FD4'}
[2025-08-07 14:14:49] Shell.ssd_read()               : [Read] LBA 12 : 0xA35D3FD4
[2025-08-07 14:14:49] Shell.ssd_read()               : read 13, for_script is True
[2025-08-07 14:14:49] Shell.read_output()            : function executed
[2025-08-07 14:14:49] Shell.read_output()            : {'0': '0x70AEE7D8'}
[2025-08-07 14:14:49] Shell.ssd_read()               : [Read] LBA 13 : 0x70AEE7D8
[2025-08-07 14:14:49] Shell.read_command()           : wait command, preset command: 1_FullWriteAndReadCompare
[2025-08-07 14:14:49] Shell.read_command()           : input command: 1_FullWriteAndReadCompare
[2025-08-07 14:14:49] Shell.valid_check()            : command_args: ['1_FullWriteAndReadCompare']
[2025-08-07 14:14:49] Shell.is_valid_format()        : command_args: ['1_FullWriteAndReadCompare']
[2025-08-07 14:14:49] Shell.is_invalid_command()     : command_args: ['1_FullWriteAndReadCompare']
[2025-08-07 14:14:49] Shell.is_invalid_command()     : return False
[2025-08-07 14:14:49] Shell.is_invalid_para_length() : command_args: ['1_FullWriteAndReadCompare']
[2025-08-07 14:14:49] Shell.run_command()            : run command with 1_FullWriteAndReadCompare
[2025-08-07 14:14:49] Shell.script_1()               : script1 executed
[2025-08-07 14:14:49] Shell.ssd_write()              : read 0, content 0x74DEA201, for_script is True
[2025-08-07 14:14:49] Shell.ssd_write()              : [Write] Done - 0, 0x74DEA201
[2025-08-07 14:14:49] Shell.ssd_write()              : read 1, content 0x0FC74007, for_script is True
[2025-08-07 14:14:49] Shell.ssd_write()              : [Write] Done - 1, 0x0FC74007
[2025-08-07 14:14:49] Shell.ssd_write()              : read 2, content 0x28582608, for_script is True
[2025-08-07 14:14:49] Shell.ssd_write()              : [Write] Done - 2, 0x28582608
[2025-08-07 14:14:49] Shell.ssd_write()              : read 3, content 0x1A40120B, for_script is True
[2025-08-07 14:14:49] Shell.ssd_write()              : [Write] Done - 3, 0x1A40120B
[2025-08-07 14:14:49] Shell.ssd_write()              : read 4, content 0xE375980C, for_script is True
[2025-08-07 14:14:49] Shell.ssd_write()              : [Write] Done - 4, 0xE375980C
[2025-08-07 14:14:49] Shell.ssd_read()               : read 0, for_script is True
[2025-08-07 14:14:49] Shell.read_output()            : function executed
