[2025-08-07 14:19:19] Shell.ssd_write()              : [Write] Done - 4, 0x20D0083B
[2025-08-07 14:19:19] Shell.ssd_write()              : read 5, content 0x8AB60E45, for_script is True
[2025-08-07 14:19:20] Shell.ssd_write()              : [Write] Done - 5, 0x8AB60E45
[2025-08-07 14:19:20] Shell.ssd_read()               : read 1, for_script is True
[2025-08-07 14:19:20] Shell.read_output()            : function executed
[2025-08-07 14:19:20] Shell.read_output()            : {'0': '0x4AA25E28'}
[2025-08-07 14:19:20] Shell.ssd_read()               : [Read] LBA 1 : 0x4AA25E28
[2025-08-07 14:19:20] Shell.ssd_read()               : read 2, for_script is True
[2025-08-07 14:19:20] Shell.read_output()            : function executed
[2025-08-07 14:19:20] Shell.read_output()            : {'0': '0x4BB29432'}
[2025-08-07 14:19:20] Shell.ssd_read()               : [Read] LBA 2 : 0x4BB29432
[2025-08-07 14:19:20] Shell.ssd_read()               : read 3, for_script is True
[2025-08-07 14:19:20] Shell.read_output()            : function executed
[2025-08-07 14:19:20] Shell.read_output()            : {'0': '0xFE85A637'}
[2025-08-07 14:19:20] Shell.ssd_read()               : [Read] LBA 3 : 0xFE85A637
[2025-08-07 14:19:20] Shell.ssd_read()               : read 4, for_script is True
[2025-08-07 14:19:20] Shell.read_output()            : function executed
[2025-08-07 14:19:20] Shell.read_output()            : {'0': '0x20D0083B'}
[2025-08-07 14:19:20] Shell.ssd_read()               : [Read] LBA 4 : 0x20D0083B
[2025-08-07 14:19:20] Shell.ssd_read()               : read 5, for_script is True
[2025-08-07 14:19:20] Shell.read_output()            : function executed
[2025-08-07 14:19:20] Shell.read_output()            : {'0': '0x8AB60E45'}
[2025-08-07 14:19:20] Shell.ssd_read()               : [Read] LBA 5 : 0x8AB60E45
[2025-08-07 14:19:20] Shell.ssd_write()              : read 2, content 0x4D346A51, for_script is True
[2025-08-07 14:19:20] Shell.ssd_write()              : [Write] Done - 2, 0x4D346A51
[2025-08-07 14:19:20] Shell.ssd_write()              : read 3, content 0x5FC28E55, for_script is True
[2025-08-07 14:19:20] Shell.ssd_write()              : [Write] Done - 3, 0x5FC28E55
[2025-08-07 14:19:20] Shell.ssd_write()              : read 4, content 0xACB97C5C, for_script is True
[2025-08-07 14:19:20] Shell.ssd_write()              : [Write] Done - 4, 0xACB97C5C
[2025-08-07 14:19:20] Shell.ssd_write()              : read 5, content 0x197AB65D, for_script is True
[2025-08-07 14:19:20] Shell.ssd_write()              : [Write] Done - 5, 0x197AB65D
[2025-08-07 14:19:20] Shell.ssd_write()              : read 6, content 0x59AC7E63, for_script is True
[2025-08-07 14:19:20] Shell.ssd_write()              : [Write] Done - 6, 0x59AC7E63
[2025-08-07 14:19:20] Shell.ssd_read()               : read 2, for_script is True
[2025-08-07 14:19:20] Shell.read_output()            : function executed
[2025-08-07 14:19:20] Shell.read_output()            : {'0': '0x4D346A51'}
[2025-08-07 14:19:20] Shell.ssd_read()               : [Read] LBA 2 : 0x4D346A51
[2025-08-07 14:19:20] Shell.ssd_read()               : read 3, for_script is True
[2025-08-07 14:19:20] Shell.read_output()            : function executed
[2025-08-07 14:19:20] Shell.read_output()            : {'0': '0x5FC28E55'}
[2025-08-07 14:19:20] Shell.ssd_read()               : [Read] LBA 3 : 0x5FC28E55
[2025-08-07 14:19:20] Shell.ssd_read()               : read 4, for_script is True
[2025-08-07 14:19:20] Shell.read_output()            : function executed
[2025-08-07 14:19:20] Shell.read_output()            : {'0': '0xACB97C5C'}
[2025-08-07 14:19:20] Shell.ssd_read()               : [Read] LBA 4 : 0xACB97C5C
[2025-08-07 14:19:20] Shell.ssd_read()               : read 5, for_script is True
[2025-08-07 14:19:20] Shell.read_output()            : function executed
[2025-08-07 14:19:20] Shell.read_output()            : {'0': '0x197AB65D'}
[2025-08-07 14:19:20] Shell.ssd_read()               : [Read] LBA 5 : 0x197AB65D
[2025-08-07 14:19:20] Shell.ssd_read()               : read 6, for_script is True
[2025-08-07 14:19:20] Shell.read_output()            : function executed
[2025-08-07 14:19:20] Shell.read_output()            : {'0': '0x59AC7E63'}
[2025-08-07 14:19:20] Shell.ssd_read()               : [Read] LBA 6 : 0x59AC7E63
[2025-08-07 14:19:20] Shell.ssd_write()              : read 3, content 0x8DD1F27C, for_script is True
[2025-08-07 14:19:20] Shell.ssd_write()              : [Write] Done - 3, 0x8DD1F27C
[2025-08-07 14:19:20] Shell.ssd_write()              : read 4, content 0xBA7A067E, for_script is True
[2025-08-07 14:19:20] Shell.ssd_write()              : [Write] Done - 4, 0xBA7A067E
[2025-08-07 14:19:20] Shell.ssd_write()              : read 5, content 0x4C1BEA82, for_script is True
[2025-08-07 14:19:21] Shell.ssd_write()              : [Write] Done - 5, 0x4C1BEA82
[2025-08-07 14:19:21] Shell.ssd_write()              : read 6, content 0x81F71887, for_script is True
[2025-08-07 14:19:21] Shell.ssd_write()              : [Write] Done - 6, 0x81F71887
[2025-08-07 14:19:21] Shell.ssd_write()              : read 7, content 0x99F4508D, for_script is True
[2025-08-07 14:19:21] Shell.ssd_write()              : [Write] Done - 7, 0x99F4508D
[2025-08-07 14:19:21] Shell.ssd_read()               : read 3, for_script is True
[2025-08-07 14:19:21] Shell.read_output()            : function executed
[2025-08-07 14:19:21] Shell.read_output()            : {'0': '0x8DD1F27C'}
[2025-08-07 14:19:21] Shell.ssd_read()               : [Read] LBA 3 : 0x8DD1F27C
[2025-08-07 14:19:21] Shell.ssd_read()               : read 4, for_script is True
[2025-08-07 14:19:21] Shell.read_output()            : function executed
[2025-08-07 14:19:21] Shell.read_output()            : {'0': '0xBA7A067E'}
[2025-08-07 14:19:21] Shell.ssd_read()               : [Read] LBA 4 : 0xBA7A067E
[2025-08-07 14:19:21] Shell.ssd_read()               : read 5, for_script is True
[2025-08-07 14:19:21] Shell.read_output()            : function executed
[2025-08-07 14:19:21] Shell.read_output()            : {'0': '0x4C1BEA82'}
[2025-08-07 14:19:21] Shell.ssd_read()               : [Read] LBA 5 : 0x4C1BEA82
[2025-08-07 14:19:21] Shell.ssd_read()               : read 6, for_script is True
[2025-08-07 14:19:21] Shell.read_output()            : function executed
[2025-08-07 14:19:21] Shell.read_output()            : {'0': '0x81F71887'}
[2025-08-07 14:19:21] Shell.ssd_read()               : [Read] LBA 6 : 0x81F71887
[2025-08-07 14:19:21] Shell.ssd_read()               : read 7, for_script is True
[2025-08-07 14:19:21] Shell.read_output()            : function executed
[2025-08-07 14:19:21] Shell.read_output()            : {'0': '0x99F4508D'}
[2025-08-07 14:19:21] Shell.ssd_read()               : [Read] LBA 7 : 0x99F4508D
[2025-08-07 14:19:21] Shell.ssd_write()              : read 4, content 0xAEE1B2A0, for_script is True
[2025-08-07 14:19:21] Shell.ssd_write()              : [Write] Done - 4, 0xAEE1B2A0
[2025-08-07 14:19:21] Shell.ssd_write()              : read 5, content 0x304F86A6, for_script is True
[2025-08-07 14:19:21] Shell.ssd_write()              : [Write] Done - 5, 0x304F86A6
[2025-08-07 14:19:21] Shell.ssd_write()              : read 6, content 0xE5D8D6A8, for_script is True
[2025-08-07 14:19:21] Shell.ssd_write()              : [Write] Done - 6, 0xE5D8D6A8
[2025-08-07 14:19:21] Shell.ssd_write()              : read 7, content 0xD8EF52AD, for_script is True
[2025-08-07 14:19:21] Shell.ssd_write()              : [Write] Done - 7, 0xD8EF52AD
[2025-08-07 14:19:21] Shell.ssd_write()              : read 8, content 0x4CF732AE, for_script is True
[2025-08-07 14:19:21] Shell.ssd_write()              : [Write] Done - 8, 0x4CF732AE
[2025-08-07 14:19:21] Shell.ssd_read()               : read 4, for_script is True
[2025-08-07 14:19:21] Shell.read_output()            : function executed
[2025-08-07 14:19:21] Shell.read_output()            : {'0': '0xAEE1B2A0'}
[2025-08-07 14:19:21] Shell.ssd_read()               : [Read] LBA 4 : 0xAEE1B2A0
[2025-08-07 14:19:21] Shell.ssd_read()               : read 5, for_script is True
[2025-08-07 14:19:21] Shell.read_output()            : function executed
[2025-08-07 14:19:21] Shell.read_output()            : {'0': '0x304F86A6'}
[2025-08-07 14:19:21] Shell.ssd_read()               : [Read] LBA 5 : 0x304F86A6
[2025-08-07 14:19:21] Shell.ssd_read()               : read 6, for_script is True
[2025-08-07 14:19:21] Shell.read_output()            : function executed
[2025-08-07 14:19:21] Shell.read_output()            : {'0': '0xE5D8D6A8'}
[2025-08-07 14:19:21] Shell.ssd_read()               : [Read] LBA 6 : 0xE5D8D6A8
[2025-08-07 14:19:21] Shell.ssd_read()               : read 7, for_script is True
[2025-08-07 14:19:21] Shell.read_output()            : function executed
[2025-08-07 14:19:21] Shell.read_output()            : {'0': '0xD8EF52AD'}
[2025-08-07 14:19:21] Shell.ssd_read()               : [Read] LBA 7 : 0xD8EF52AD
[2025-08-07 14:19:21] Shell.ssd_read()               : read 8, for_script is True
[2025-08-07 14:19:22] Shell.read_output()            : function executed
[2025-08-07 14:19:22] Shell.read_output()            : {'0': '0x4CF732AE'}
[2025-08-07 14:19:22] Shell.ssd_read()               : [Read] LBA 8 : 0x4CF732AE
[2025-08-07 14:19:22] Shell.ssd_write()              : read 5, content 0x40AAB8D7, for_script is True
[2025-08-07 14:19:22] Shell.ssd_write()              : [Write] Done - 5, 0x40AAB8D7
[2025-08-07 14:19:22] Shell.ssd_write()              : read 6, content 0xC69AECDD, for_script is True
[2025-08-07 14:19:22] Shell.ssd_write()              : [Write] Done - 6, 0xC69AECDD
[2025-08-07 14:19:22] Shell.ssd_write()              : read 7, content 0x5B43B2E4, for_script is True
[2025-08-07 14:19:22] Shell.ssd_write()              : [Write] Done - 7, 0x5B43B2E4
[2025-08-07 14:19:22] Shell.ssd_write()              : read 8, content 0x2DAF0EEA, for_script is True
[2025-08-07 14:19:22] Shell.ssd_write()              : [Write] Done - 8, 0x2DAF0EEA
[2025-08-07 14:19:22] Shell.ssd_write()              : read 9, content 0x7A68A4EE, for_script is True
