[2025-08-07 14:14:43] Shell.ssd_read()               : read 4, for_script is True
[2025-08-07 14:14:43] Shell.read_output()            : function executed
[2025-08-07 14:14:43] Shell.read_output()            : {'0': '0x1066C683'}
[2025-08-07 14:14:43] Shell.ssd_read()               : [Read] LBA 4 : 0x1066C683
[2025-08-07 14:14:43] Shell.ssd_read()               : read 5, for_script is True
[2025-08-07 14:14:43] Shell.read_output()            : function executed
[2025-08-07 14:14:44] Shell.read_output()            : {'0': '0xAA4FA88A'}
[2025-08-07 14:14:44] Shell.ssd_read()               : [Read] LBA 5 : 0xAA4FA88A
[2025-08-07 14:14:44] Shell.ssd_read()               : read 6, for_script is True
[2025-08-07 14:14:44] Shell.read_output()            : function executed
[2025-08-07 14:14:44] Shell.read_output()            : {'0': '0x07F4248E'}
[2025-08-07 14:14:44] Shell.ssd_read()               : [Read] LBA 6 : 0x07F4248E
[2025-08-07 14:14:44] Shell.ssd_write()              : read 3, content 0xDCDD5EA7, for_script is True
[2025-08-07 14:14:44] Shell.ssd_write()              : [Write] Done - 3, 0xDCDD5EA7
[2025-08-07 14:14:44] Shell.ssd_write()              : read 4, content 0xFE365AAC, for_script is True
[2025-08-07 14:14:44] Shell.ssd_write()              : [Write] Done - 4, 0xFE365AAC
[2025-08-07 14:14:44] Shell.ssd_write()              : read 5, content 0xD64F14AD, for_script is True
[2025-08-07 14:14:44] Shell.ssd_write()              : [Write] Done - 5, 0xD64F14AD
[2025-08-07 14:14:44] Shell.ssd_write()              : read 6, content 0x30F410AE, for_script is True
[2025-08-07 14:14:44] Shell.ssd_write()              : [Write] Done - 6, 0x30F410AE
[2025-08-07 14:14:44] Shell.ssd_write()              : read 7, content 0xF25694B2, for_script is True
[2025-08-07 14:14:44] Shell.ssd_write()              : [Write] Done - 7, 0xF25694B2
[2025-08-07 14:14:44] Shell.ssd_read()               : read 3, for_script is True
[2025-08-07 14:14:44] Shell.read_output()            : function executed
[2025-08-07 14:14:44] Shell.read_output()            : {'0': '0xDCDD5EA7'}
[2025-08-07 14:14:44] Shell.ssd_read()               : [Read] LBA 3 : 0xDCDD5EA7
[2025-08-07 14:14:44] Shell.ssd_read()               : read 4, for_script is True
[2025-08-07 14:14:44] Shell.read_output()            : function executed
[2025-08-07 14:14:44] Shell.read_output()            : {'0': '0xFE365AAC'}
[2025-08-07 14:14:44] Shell.ssd_read()               : [Read] LBA 4 : 0xFE365AAC
[2025-08-07 14:14:44] Shell.ssd_read()               : read 5, for_script is True
[2025-08-07 14:14:44] Shell.read_output()            : function executed
[2025-08-07 14:14:44] Shell.read_output()            : {'0': '0xD64F14AD'}
[2025-08-07 14:14:44] Shell.ssd_read()               : [Read] LBA 5 : 0xD64F14AD
[2025-08-07 14:14:44] Shell.ssd_read()               : read 6, for_script is True
[2025-08-07 14:14:44] Shell.read_output()            : function executed
[2025-08-07 14:14:44] Shell.read_output()            : {'0': '0x30F410AE'}
[2025-08-07 14:14:44] Shell.ssd_read()               : [Read] LBA 6 : 0x30F410AE
[2025-08-07 14:14:44] Shell.ssd_read()               : read 7, for_script is True
[2025-08-07 14:14:44] Shell.read_output()            : function executed
[2025-08-07 14:14:44] Shell.read_output()            : {'0': '0xF25694B2'}
[2025-08-07 14:14:44] Shell.ssd_read()               : [Read] LBA 7 : 0xF25694B2
[2025-08-07 14:14:44] Shell.ssd_write()              : read 4, content 0x63981CCB, for_script is True
[2025-08-07 14:14:44] Shell.ssd_write()              : [Write] Done - 4, 0x63981CCB
[2025-08-07 14:14:44] Shell.ssd_write()              : read 5, content 0xEBCCC8CD, for_script is True
[2025-08-07 14:14:44] Shell.ssd_write()              : [Write] Done - 5, 0xEBCCC8CD
[2025-08-07 14:14:44] Shell.ssd_write()              : read 6, content 0xC2A3D0CE, for_script is True
[2025-08-07 14:14:44] Shell.ssd_write()              : [Write] Done - 6, 0xC2A3D0CE
[2025-08-07 14:14:44] Shell.ssd_write()              : read 7, content 0x0975D8D0, for_script is True
[2025-08-07 14:14:44] Shell.ssd_write()              : [Write] Done - 7, 0x0975D8D0
[2025-08-07 14:14:44] Shell.ssd_write()              : read 8, content 0xB41456D3, for_script is True
[2025-08-07 14:14:44] Shell.ssd_write()              : [Write] Done - 8, 0xB41456D3
[2025-08-07 14:14:44] Shell.ssd_read()               : read 4, for_script is True
[2025-08-07 14:14:44] Shell.read_output()            : function executed
[2025-08-07 14:14:44] Shell.read_output()            : {'0': '0x63981CCB'}
[2025-08-07 14:14:44] Shell.ssd_read()               : [Read] LBA 4 : 0x63981CCB
[2025-08-07 14:14:44] Shell.ssd_read()               : read 5, for_script is True
[2025-08-07 14:14:45] Shell.read_output()            : function executed
[2025-08-07 14:14:45] Shell.read_output()            : {'0': '0xEBCCC8CD'}
[2025-08-07 14:14:45] Shell.ssd_read()               : [Read] LBA 5 : 0xEBCCC8CD
[2025-08-07 14:14:45] Shell.ssd_read()               : read 6, for_script is True
[2025-08-07 14:14:45] Shell.read_output()            : function executed
[2025-08-07 14:14:45] Shell.read_output()            : {'0': '0xC2A3D0CE'}
[2025-08-07 14:14:45] Shell.ssd_read()               : [Read] LBA 6 : 0xC2A3D0CE
[2025-08-07 14:14:45] Shell.ssd_read()               : read 7, for_script is True
[2025-08-07 14:14:45] Shell.read_output()            : function executed
[2025-08-07 14:14:45] Shell.read_output()            : {'0': '0x0975D8D0'}
[2025-08-07 14:14:45] Shell.ssd_read()               : [Read] LBA 7 : 0x0975D8D0
[2025-08-07 14:14:45] Shell.ssd_read()               : read 8, for_script is True
[2025-08-07 14:14:45] Shell.read_output()            : function executed
[2025-08-07 14:14:45] Shell.read_output()            : {'0': '0xB41456D3'}
[2025-08-07 14:14:45] Shell.ssd_read()               : [Read] LBA 8 : 0xB41456D3
[2025-08-07 14:14:45] Shell.ssd_write()              : read 5, content 0x988940F7, for_script is True
[2025-08-07 14:14:45] Shell.ssd_write()              : [Write] Done - 5, 0x988940F7
[2025-08-07 14:14:45] Shell.ssd_write()              : read 6, content 0xE1395EF9, for_script is True
[2025-08-07 14:14:45] Shell.ssd_write()              : [Write] Done - 6, 0xE1395EF9
[2025-08-07 14:14:45] Shell.ssd_write()              : read 7, content 0xDC5EB10D, for_script is True
[2025-08-07 14:14:45] Shell.ssd_write()              : [Write] Done - 7, 0xDC5EB10D
[2025-08-07 14:14:45] Shell.ssd_write()              : read 8, content 0xED8CFF0E, for_script is True
[2025-08-07 14:14:45] Shell.ssd_write()              : [Write] Done - 8, 0xED8CFF0E
[2025-08-07 14:14:45] Shell.ssd_write()              : read 9, content 0xD12BD316, for_script is True
[2025-08-07 14:14:45] Shell.ssd_write()              : [Write] Done - 9, 0xD12BD316
[2025-08-07 14:14:45] Shell.ssd_read()               : read 5, for_script is True
[2025-08-07 14:14:45] Shell.read_output()            : function executed
[2025-08-07 14:14:45] Shell.read_output()            : {'0': '0x988940F7'}
[2025-08-07 14:14:45] Shell.ssd_read()               : [Read] LBA 5 : 0x988940F7
[2025-08-07 14:14:45] Shell.ssd_read()               : read 6, for_script is True
[2025-08-07 14:14:45] Shell.read_output()            : function executed
[2025-08-07 14:14:45] Shell.read_output()            : {'0': '0xE1395EF9'}
[2025-08-07 14:14:45] Shell.ssd_read()               : [Read] LBA 6 : 0xE1395EF9
[2025-08-07 14:14:45] Shell.ssd_read()               : read 7, for_script is True
[2025-08-07 14:14:45] Shell.read_output()            : function executed
[2025-08-07 14:14:45] Shell.read_output()            : {'0': '0xDC5EB10D'}
[2025-08-07 14:14:45] Shell.ssd_read()               : [Read] LBA 7 : 0xDC5EB10D
[2025-08-07 14:14:45] Shell.ssd_read()               : read 8, for_script is True
[2025-08-07 14:14:45] Shell.read_output()            : function executed
[2025-08-07 14:14:45] Shell.read_output()            : {'0': '0xED8CFF0E'}
[2025-08-07 14:14:45] Shell.ssd_read()               : [Read] LBA 8 : 0xED8CFF0E
[2025-08-07 14:14:45] Shell.ssd_read()               : read 9, for_script is True
[2025-08-07 14:14:46] Shell.read_output()            : function executed
[2025-08-07 14:14:46] Shell.read_output()            : {'0': '0xD12BD316'}
[2025-08-07 14:14:46] Shell.ssd_read()               : [Read] LBA 9 : 0xD12BD316
[2025-08-07 14:14:46] Shell.ssd_write()              : read 6, content 0x92EE9138, for_script is True
[2025-08-07 14:14:46] Shell.ssd_write()              : [Write] Done - 6, 0x92EE9138
[2025-08-07 14:14:46] Shell.ssd_write()              : read 7, content 0xEC0E333C, for_script is True
[2025-08-07 14:14:46] Shell.ssd_write()              : [Write] Done - 7, 0xEC0E333C
[2025-08-07 14:14:46] Shell.ssd_write()              : read 8, content 0x1B79253D, for_script is True
[2025-08-07 14:14:46] Shell.ssd_write()              : [Write] Done - 8, 0x1B79253D
[2025-08-07 14:14:46] Shell.ssd_write()              : read 9, content 0xB82CD747, for_script is True
[2025-08-07 14:14:46] Shell.ssd_write()              : [Write] Done - 9, 0xB82CD747
[2025-08-07 14:14:46] Shell.ssd_write()              : read 10, content 0x5DD5774A, for_script is True
[2025-08-07 14:14:46] Shell.ssd_write()              : [Write] Done - 10, 0x5DD5774A
[2025-08-07 14:14:46] Shell.ssd_read()               : read 6, for_script is True
[2025-08-07 14:14:46] Shell.read_output()            : function executed
[2025-08-07 14:14:46] Shell.read_output()            : {'0': '0x92EE9138'}
[2025-08-07 14:14:46] Shell.ssd_read()               : [Read] LBA 6 : 0x92EE9138
[2025-08-07 14:14:46] Shell.ssd_read()               : read 7, for_script is True
[2025-08-07 14:14:46] Shell.read_output()            : function executed
[2025-08-07 14:14:46] Shell.read_output()            : {'0': '0xEC0E333C'}
[2025-08-07 14:14:46] Shell.ssd_read()               : [Read] LBA 7 : 0xEC0E333C
[2025-08-07 14:14:46] Shell.ssd_read()               : read 8, for_script is True
[2025-08-07 14:14:46] Shell.read_output()            : function executed
[2025-08-07 14:14:46] Shell.read_output()            : {'0': '0x1B79253D'}
