[2025-08-07 14:16:10] Shell.ssd_write()              : read 8, content 0x70C80B5D, for_script is True
[2025-08-07 14:16:10] Shell.ssd_write()              : [Write] Done - 8, 0x70C80B5D
[2025-08-07 14:16:10] Shell.ssd_write()              : read 9, content 0xE19FCB5E, for_script is True
[2025-08-07 14:16:10] Shell.ssd_write()              : [Write] Done - 9, 0xE19FCB5E
[2025-08-07 14:16:10] Shell.ssd_write()              : read 10, content 0xC395FD62, for_script is True
[2025-08-07 14:16:10] Shell.ssd_write()              : [Write] Done - 10, 0xC395FD62
[2025-08-07 14:16:10] Shell.ssd_read()               : read 6, for_script is True
[2025-08-07 14:16:10] Shell.read_output()            : function executed
[2025-08-07 14:16:10] Shell.read_output()            : {'0': '0xF3862B4E'}
[2025-08-07 14:16:10] Shell.ssd_read()               : [Read] LBA 6 : 0xF3862B4E
[2025-08-07 14:16:10] Shell.ssd_read()               : read 7, for_script is True
[2025-08-07 14:16:10] Shell.read_output()            : function executed
[2025-08-07 14:16:10] Shell.read_output()            : {'0': '0x4E720150'}
[2025-08-07 14:16:10] Shell.ssd_read()               : [Read] LBA 7 : 0x4E720150
[2025-08-07 14:16:10] Shell.ssd_read()               : read 8, for_script is True
[2025-08-07 14:16:10] Shell.read_output()            : function executed
[2025-08-07 14:16:10] Shell.read_output()            : {'0': '0x70C80B5D'}
[2025-08-07 14:16:10] Shell.ssd_read()               : [Read] LBA 8 : 0x70C80B5D
[2025-08-07 14:16:10] Shell.ssd_read()               : read 9, for_script is True
[2025-08-07 14:16:10] Shell.read_output()            : function executed
[2025-08-07 14:16:10] Shell.read_output()            : {'0': '0xE19FCB5E'}
[2025-08-07 14:16:10] Shell.ssd_read()               : [Read] LBA 9 : 0xE19FCB5E
[2025-08-07 14:16:10] Shell.ssd_read()               : read 10, for_script is True
[2025-08-07 14:16:10] Shell.read_output()            : function executed
[2025-08-07 14:16:10] Shell.read_output()            : {'0': '0xC395FD62'}
[2025-08-07 14:16:10] Shell.ssd_read()               : [Read] LBA 10 : 0xC395FD62
[2025-08-07 14:16:10] Shell.ssd_write()              : read 7, content 0xC595FF7D, for_script is True
[2025-08-07 14:16:11] Shell.ssd_write()              : [Write] Done - 7, 0xC595FF7D
[2025-08-07 14:16:11] Shell.ssd_write()              : read 8, content 0xA6854F82, for_script is True
[2025-08-07 14:16:11] Shell.ssd_write()              : [Write] Done - 8, 0xA6854F82
[2025-08-07 14:16:11] Shell.ssd_write()              : read 9, content 0xF8C0A187, for_script is True
[2025-08-07 14:16:11] Shell.ssd_write()              : [Write] Done - 9, 0xF8C0A187
[2025-08-07 14:16:11] Shell.ssd_write()              : read 10, content 0xAC8D7390, for_script is True
[2025-08-07 14:16:11] Shell.ssd_write()              : [Write] Done - 10, 0xAC8D7390
[2025-08-07 14:16:11] Shell.ssd_write()              : read 11, content 0xB0C87992, for_script is True
[2025-08-07 14:16:11] Shell.ssd_write()              : [Write] Done - 11, 0xB0C87992
[2025-08-07 14:16:11] Shell.ssd_read()               : read 7, for_script is True
[2025-08-07 14:16:11] Shell.read_output()            : function executed
[2025-08-07 14:16:11] Shell.read_output()            : {'0': '0xC595FF7D'}
[2025-08-07 14:16:11] Shell.ssd_read()               : [Read] LBA 7 : 0xC595FF7D
[2025-08-07 14:16:11] Shell.ssd_read()               : read 8, for_script is True
[2025-08-07 14:16:11] Shell.read_output()            : function executed
[2025-08-07 14:16:11] Shell.read_output()            : {'0': '0xA6854F82'}
[2025-08-07 14:16:11] Shell.ssd_read()               : [Read] LBA 8 : 0xA6854F82
[2025-08-07 14:16:11] Shell.ssd_read()               : read 9, for_script is True
[2025-08-07 14:16:11] Shell.read_output()            : function executed
[2025-08-07 14:16:11] Shell.read_output()            : {'0': '0xF8C0A187'}
[2025-08-07 14:16:11] Shell.ssd_read()               : [Read] LBA 9 : 0xF8C0A187
[2025-08-07 14:16:11] Shell.ssd_read()               : read 10, for_script is True
[2025-08-07 14:16:11] Shell.read_output()            : function executed
[2025-08-07 14:16:11] Shell.read_output()            : {'0': '0xAC8D7390'}
[2025-08-07 14:16:11] Shell.ssd_read()               : [Read] LBA 10 : 0xAC8D7390
[2025-08-07 14:16:11] Shell.ssd_read()               : read 11, for_script is True
[2025-08-07 14:16:11] Shell.read_output()            : function executed
[2025-08-07 14:16:11] Shell.read_output()            : {'0': '0xB0C87992'}
[2025-08-07 14:16:11] Shell.ssd_read()               : [Read] LBA 11 : 0xB0C87992
[2025-08-07 14:16:11] Shell.ssd_write()              : read 8, content 0xD288E7B6, for_script is True
[2025-08-07 14:16:11] Shell.ssd_write()              : [Write] Done - 8, 0xD288E7B6
[2025-08-07 14:16:11] Shell.ssd_write()              : read 9, content 0x4E26C1B8, for_script is True
[2025-08-07 14:16:11] Shell.ssd_write()              : [Write] Done - 9, 0x4E26C1B8
[2025-08-07 14:16:11] Shell.ssd_write()              : read 10, content 0xAD3E69C0, for_script is True
[2025-08-07 14:16:11] Shell.ssd_write()              : [Write] Done - 10, 0xAD3E69C0
[2025-08-07 14:16:11] Shell.ssd_write()              : read 11, content 0xE0D7FFC1, for_script is True
[2025-08-07 14:16:11] Shell.ssd_write()              : [Write] Done - 11, 0xE0D7FFC1
[2025-08-07 14:16:11] Shell.ssd_write()              : read 12, content 0x9AF8F9FD, for_script is True
[2025-08-07 14:16:11] Shell.ssd_write()              : [Write] Done - 12, 0x9AF8F9FD
[2025-08-07 14:16:11] Shell.ssd_read()               : read 8, for_script is True
[2025-08-07 14:16:11] Shell.read_output()            : function executed
[2025-08-07 14:16:11] Shell.read_output()            : {'0': '0xD288E7B6'}
[2025-08-07 14:16:11] Shell.ssd_read()               : [Read] LBA 8 : 0xD288E7B6
[2025-08-07 14:16:11] Shell.ssd_read()               : read 9, for_script is True
[2025-08-07 14:16:11] Shell.read_output()            : function executed
[2025-08-07 14:16:11] Shell.read_output()            : {'0': '0x4E26C1B8'}
[2025-08-07 14:16:11] Shell.ssd_read()               : [Read] LBA 9 : 0x4E26C1B8
[2025-08-07 14:16:11] Shell.ssd_read()               : read 10, for_script is True
[2025-08-07 14:16:11] Shell.read_output()            : function executed
[2025-08-07 14:16:11] Shell.read_output()            : {'0': '0xAD3E69C0'}
[2025-08-07 14:16:11] Shell.ssd_read()               : [Read] LBA 10 : 0xAD3E69C0
[2025-08-07 14:16:11] Shell.ssd_read()               : read 11, for_script is True
[2025-08-07 14:16:12] Shell.read_output()            : function executed
[2025-08-07 14:16:12] Shell.read_output()            : {'0': '0xE0D7FFC1'}
[2025-08-07 14:16:12] Shell.ssd_read()               : [Read] LBA 11 : 0xE0D7FFC1
[2025-08-07 14:16:12] Shell.ssd_read()               : read 12, for_script is True
[2025-08-07 14:16:12] Shell.read_output()            : function executed
[2025-08-07 14:16:12] Shell.read_output()            : {'0': '0x9AF8F9FD'}
[2025-08-07 14:16:12] Shell.ssd_read()               : [Read] LBA 12 : 0x9AF8F9FD
[2025-08-07 14:16:12] Shell.ssd_write()              : read 9, content 0xFDFDC9D4, for_script is True
[2025-08-07 14:16:12] Shell.ssd_write()              : [Write] Done - 9, 0xFDFDC9D4
[2025-08-07 14:16:12] Shell.ssd_write()              : read 10, content 0x0CD5ADDB, for_script is True
[2025-08-07 14:16:12] Shell.ssd_write()              : [Write] Done - 10, 0x0CD5ADDB
[2025-08-07 14:16:12] Shell.ssd_write()              : read 11, content 0xC18125DD, for_script is True
[2025-08-07 14:16:12] Shell.ssd_write()              : [Write] Done - 11, 0xC18125DD
[2025-08-07 14:16:12] Shell.ssd_write()              : read 12, content 0x990031E4, for_script is True
[2025-08-07 14:16:12] Shell.ssd_write()              : [Write] Done - 12, 0x990031E4
[2025-08-07 14:16:12] Shell.ssd_write()              : read 13, content 0x22B0A7EA, for_script is True
[2025-08-07 14:16:12] Shell.ssd_write()              : [Write] Done - 13, 0x22B0A7EA
[2025-08-07 14:16:12] Shell.ssd_read()               : read 9, for_script is True
[2025-08-07 14:16:12] Shell.read_output()            : function executed
[2025-08-07 14:16:12] Shell.read_output()            : {'0': '0xFDFDC9D4'}
[2025-08-07 14:16:12] Shell.ssd_read()               : [Read] LBA 9 : 0xFDFDC9D4
[2025-08-07 14:16:12] Shell.ssd_read()               : read 10, for_script is True
[2025-08-07 14:16:12] Shell.read_output()            : function executed
[2025-08-07 14:16:12] Shell.read_output()            : {'0': '0x0CD5ADDB'}
[2025-08-07 14:16:12] Shell.ssd_read()               : [Read] LBA 10 : 0x0CD5ADDB
[2025-08-07 14:16:12] Shell.ssd_read()               : read 11, for_script is True
[2025-08-07 14:16:12] Shell.read_output()            : function executed
[2025-08-07 14:16:12] Shell.read_output()            : {'0': '0xC18125DD'}
[2025-08-07 14:16:12] Shell.ssd_read()               : [Read] LBA 11 : 0xC18125DD
[2025-08-07 14:16:12] Shell.ssd_read()               : read 12, for_script is True
[2025-08-07 14:16:12] Shell.read_output()            : function executed
[2025-08-07 14:16:12] Shell.read_output()            : {'0': '0x990031E4'}
[2025-08-07 14:16:12] Shell.ssd_read()               : [Read] LBA 12 : 0x990031E4
[2025-08-07 14:16:12] Shell.ssd_read()               : read 13, for_script is True
[2025-08-07 14:16:12] Shell.read_output()            : function executed
[2025-08-07 14:16:12] Shell.read_output()            : {'0': '0x22B0A7EA'}
[2025-08-07 14:16:12] Shell.ssd_read()               : [Read] LBA 13 : 0x22B0A7EA
[2025-08-07 14:16:12] Shell.read_command()           : wait command, preset command: 1_FullWriteAndReadCompare
[2025-08-07 14:16:12] Shell.read_command()           : input command: 1_FullWriteAndReadCompare
[2025-08-07 14:16:12] Shell.valid_check()            : command_args: ['1_FullWriteAndReadCompare']
[2025-08-07 14:16:12] Shell.is_valid_format()        : command_args: ['1_FullWriteAndReadCompare']
[2025-08-07 14:16:12] Shell.is_invalid_command()     : command_args: ['1_FullWriteAndReadCompare']
[2025-08-07 14:16:12] Shell.is_invalid_command()     : return False
