[2025-08-07 14:19:26] Shell.ssd_write()              : read 5, content 0x9590BAAC, for_script is True
[2025-08-07 14:19:26] Shell.ssd_write()              : [Write] Done - 5, 0x9590BAAC
[2025-08-07 14:19:26] Shell.ssd_write()              : read 6, content 0xD55630B2, for_script is True
[2025-08-07 14:19:26] Shell.ssd_write()              : [Write] Done - 6, 0xD55630B2
[2025-08-07 14:19:26] Shell.ssd_write()              : read 7, content 0x92A5FCB2, for_script is True
[2025-08-07 14:19:26] Shell.ssd_write()              : [Write] Done - 7, 0x92A5FCB2
[2025-08-07 14:19:26] Shell.ssd_read()               : read 3, for_script is True
[2025-08-07 14:19:26] Shell.read_output()            : function executed
[2025-08-07 14:19:26] Shell.read_output()            : {'0': '0x993828A1'}
[2025-08-07 14:19:26] Shell.ssd_read()               : [Read] LBA 3 : 0x993828A1
[2025-08-07 14:19:26] Shell.ssd_read()               : read 4, for_script is True
[2025-08-07 14:19:26] Shell.read_output()            : function executed
[2025-08-07 14:19:26] Shell.read_output()            : {'0': '0x185CACAA'}
[2025-08-07 14:19:26] Shell.ssd_read()               : [Read] LBA 4 : 0x185CACAA
[2025-08-07 14:19:26] Shell.ssd_read()               : read 5, for_script is True
[2025-08-07 14:19:27] Shell.read_output()            : function executed
[2025-08-07 14:19:27] Shell.read_output()            : {'0': '0x9590BAAC'}
[2025-08-07 14:19:27] Shell.ssd_read()               : [Read] LBA 5 : 0x9590BAAC
[2025-08-07 14:19:27] Shell.ssd_read()               : read 6, for_script is True
[2025-08-07 14:19:27] Shell.read_output()            : function executed
[2025-08-07 14:19:27] Shell.read_output()            : {'0': '0xD55630B2'}
[2025-08-07 14:19:27] Shell.ssd_read()               : [Read] LBA 6 : 0xD55630B2
[2025-08-07 14:19:27] Shell.ssd_read()               : read 7, for_script is True
[2025-08-07 14:19:27] Shell.read_output()            : function executed
[2025-08-07 14:19:27] Shell.read_output()            : {'0': '0x92A5FCB2'}
[2025-08-07 14:19:27] Shell.ssd_read()               : [Read] LBA 7 : 0x92A5FCB2
[2025-08-07 14:19:27] Shell.ssd_write()              : read 4, content 0x126174C8, for_script is True
[2025-08-07 14:19:27] Shell.ssd_write()              : [Write] Done - 4, 0x126174C8
[2025-08-07 14:19:27] Shell.ssd_write()              : read 5, content 0x4DBC2ED3, for_script is True
[2025-08-07 14:19:27] Shell.ssd_write()              : [Write] Done - 5, 0x4DBC2ED3
[2025-08-07 14:19:27] Shell.ssd_write()              : read 6, content 0xDB7BF2D4, for_script is True
[2025-08-07 14:19:27] Shell.ssd_write()              : [Write] Done - 6, 0xDB7BF2D4
[2025-08-07 14:19:27] Shell.ssd_write()              : read 7, content 0x4E57AED7, for_script is True
[2025-08-07 14:19:27] Shell.ssd_write()              : [Write] Done - 7, 0x4E57AED7
[2025-08-07 14:19:27] Shell.ssd_write()              : read 8, content 0x8922E6D9, for_script is True
[2025-08-07 14:19:27] Shell.ssd_write()              : [Write] Done - 8, 0x8922E6D9
[2025-08-07 14:19:27] Shell.ssd_read()               : read 4, for_script is True
[2025-08-07 14:19:27] Shell.read_output()            : function executed
[2025-08-07 14:19:27] Shell.read_output()            : {'0': '0x126174C8'}
[2025-08-07 14:19:27] Shell.ssd_read()               : [Read] LBA 4 : 0x126174C8
[2025-08-07 14:19:27] Shell.ssd_read()               : read 5, for_script is True
[2025-08-07 14:19:27] Shell.read_output()            : function executed
[2025-08-07 14:19:27] Shell.read_output()            : {'0': '0x4DBC2ED3'}
[2025-08-07 14:19:27] Shell.ssd_read()               : [Read] LBA 5 : 0x4DBC2ED3
[2025-08-07 14:19:27] Shell.ssd_read()               : read 6, for_script is True
[2025-08-07 14:19:27] Shell.read_output()            : function executed
[2025-08-07 14:19:27] Shell.read_output()            : {'0': '0xDB7BF2D4'}
[2025-08-07 14:19:27] Shell.ssd_read()               : [Read] LBA 6 : 0xDB7BF2D4
[2025-08-07 14:19:27] Shell.ssd_read()               : read 7, for_script is True
[2025-08-07 14:19:27] Shell.read_output()            : function executed
[2025-08-07 14:19:27] Shell.read_output()            : {'0': '0x4E57AED7'}
[2025-08-07 14:19:27] Shell.ssd_read()               : [Read] LBA 7 : 0x4E57AED7
[2025-08-07 14:19:27] Shell.ssd_read()               : read 8, for_script is True
[2025-08-07 14:19:27] Shell.read_output()            : function executed
[2025-08-07 14:19:27] Shell.read_output()            : {'0': '0x8922E6D9'}
[2025-08-07 14:19:27] Shell.ssd_read()               : [Read] LBA 8 : 0x8922E6D9
[2025-08-07 14:19:27] Shell.ssd_write()              : read 5, content 0xA393F4F8, for_script is True
[2025-08-07 14:19:27] Shell.ssd_write()              : [Write] Done - 5, 0xA393F4F8
[2025-08-07 14:19:27] Shell.ssd_write()              : read 6, content 0x946624FA, for_script is True
[2025-08-07 14:19:27] Shell.ssd_write()              : [Write] Done - 6, 0x946624FA
[2025-08-07 14:19:27] Shell.ssd_write()              : read 7, content 0xE71A28FD, for_script is True
[2025-08-07 14:19:27] Shell.ssd_write()              : [Write] Done - 7, 0xE71A28FD
[2025-08-07 14:19:27] Shell.ssd_write()              : read 8, content 0xA01B3503, for_script is True
[2025-08-07 14:19:27] Shell.ssd_write()              : [Write] Done - 8, 0xA01B3503
[2025-08-07 14:19:27] Shell.ssd_write()              : read 9, content 0x2B22D308, for_script is True
[2025-08-07 14:19:27] Shell.ssd_write()              : [Write] Done - 9, 0x2B22D308
[2025-08-07 14:19:27] Shell.ssd_read()               : read 5, for_script is True
[2025-08-07 14:19:28] Shell.read_output()            : function executed
[2025-08-07 14:19:28] Shell.read_output()            : {'0': '0xA393F4F8'}
[2025-08-07 14:19:28] Shell.ssd_read()               : [Read] LBA 5 : 0xA393F4F8
[2025-08-07 14:19:28] Shell.ssd_read()               : read 6, for_script is True
[2025-08-07 14:19:28] Shell.read_output()            : function executed
[2025-08-07 14:19:28] Shell.read_output()            : {'0': '0x946624FA'}
[2025-08-07 14:19:28] Shell.ssd_read()               : [Read] LBA 6 : 0x946624FA
[2025-08-07 14:19:28] Shell.ssd_read()               : read 7, for_script is True
[2025-08-07 14:19:28] Shell.read_output()            : function executed
[2025-08-07 14:19:28] Shell.read_output()            : {'0': '0xE71A28FD'}
[2025-08-07 14:19:28] Shell.ssd_read()               : [Read] LBA 7 : 0xE71A28FD
[2025-08-07 14:19:28] Shell.ssd_read()               : read 8, for_script is True
[2025-08-07 14:19:28] Shell.read_output()            : function executed
[2025-08-07 14:19:28] Shell.read_output()            : {'0': '0xA01B3503'}
[2025-08-07 14:19:28] Shell.ssd_read()               : [Read] LBA 8 : 0xA01B3503
[2025-08-07 14:19:28] Shell.ssd_read()               : read 9, for_script is True
[2025-08-07 14:19:28] Shell.read_output()            : function executed
[2025-08-07 14:19:28] Shell.read_output()            : {'0': '0x2B22D308'}
[2025-08-07 14:19:28] Shell.ssd_read()               : [Read] LBA 9 : 0x2B22D308
[2025-08-07 14:19:28] Shell.ssd_write()              : read 6, content 0xC657B919, for_script is True
[2025-08-07 14:19:28] Shell.ssd_write()              : [Write] Done - 6, 0xC657B919
[2025-08-07 14:19:28] Shell.ssd_write()              : read 7, content 0x97FEB537, for_script is True
[2025-08-07 14:19:28] Shell.ssd_write()              : [Write] Done - 7, 0x97FEB537
[2025-08-07 14:19:28] Shell.ssd_write()              : read 8, content 0xB0C64B3C, for_script is True
[2025-08-07 14:19:28] Shell.ssd_write()              : [Write] Done - 8, 0xB0C64B3C
[2025-08-07 14:19:28] Shell.ssd_write()              : read 9, content 0x0621DB3D, for_script is True
[2025-08-07 14:19:28] Shell.ssd_write()              : [Write] Done - 9, 0x0621DB3D
[2025-08-07 14:19:28] Shell.ssd_write()              : read 10, content 0xBACC3D3D, for_script is True
[2025-08-07 14:19:28] Shell.ssd_write()              : [Write] Done - 10, 0xBACC3D3D
[2025-08-07 14:19:28] Shell.ssd_read()               : read 6, for_script is True
[2025-08-07 14:19:28] Shell.read_output()            : function executed
[2025-08-07 14:19:28] Shell.read_output()            : {'0': '0xC657B919'}
[2025-08-07 14:19:28] Shell.ssd_read()               : [Read] LBA 6 : 0xC657B919
[2025-08-07 14:19:28] Shell.ssd_read()               : read 7, for_script is True
[2025-08-07 14:19:28] Shell.read_output()            : function executed
[2025-08-07 14:19:28] Shell.read_output()            : {'0': '0x97FEB537'}
[2025-08-07 14:19:28] Shell.ssd_read()               : [Read] LBA 7 : 0x97FEB537
[2025-08-07 14:19:28] Shell.ssd_read()               : read 8, for_script is True
[2025-08-07 14:19:28] Shell.read_output()            : function executed
[2025-08-07 14:19:28] Shell.read_output()            : {'0': '0xB0C64B3C'}
[2025-08-07 14:19:28] Shell.ssd_read()               : [Read] LBA 8 : 0xB0C64B3C
[2025-08-07 14:19:28] Shell.ssd_read()               : read 9, for_script is True
[2025-08-07 14:19:28] Shell.read_output()            : function executed
[2025-08-07 14:19:28] Shell.read_output()            : {'0': '0x0621DB3D'}
[2025-08-07 14:19:28] Shell.ssd_read()               : [Read] LBA 9 : 0x0621DB3D
[2025-08-07 14:19:28] Shell.ssd_read()               : read 10, for_script is True
[2025-08-07 14:19:28] Shell.read_output()            : function executed
[2025-08-07 14:19:28] Shell.read_output()            : {'0': '0xBACC3D3D'}
[2025-08-07 14:19:28] Shell.ssd_read()               : [Read] LBA 10 : 0xBACC3D3D
[2025-08-07 14:19:28] Shell.ssd_write()              : read 7, content 0xE1B70F62, for_script is True
[2025-08-07 14:19:28] Shell.ssd_write()              : [Write] Done - 7, 0xE1B70F62
[2025-08-07 14:19:28] Shell.ssd_write()              : read 8, content 0xF501CF63, for_script is True
[2025-08-07 14:19:28] Shell.ssd_write()              : [Write] Done - 8, 0xF501CF63
[2025-08-07 14:19:28] Shell.ssd_write()              : read 9, content 0x83C6C365, for_script is True
[2025-08-07 14:19:28] Shell.ssd_write()              : [Write] Done - 9, 0x83C6C365
