[2025-08-07 14:14:12] Shell.read_output()            : function executed
[2025-08-07 14:14:12] Shell.read_output()            : {'0': '0x6613F0D1'}
[2025-08-07 14:14:12] Shell.ssd_read()               : [Read] LBA 7 : 0x6613F0D1
[2025-08-07 14:14:12] Shell.ssd_read()               : read 8, for_script is True
[2025-08-07 14:14:12] Shell.read_output()            : function executed
[2025-08-07 14:14:12] Shell.read_output()            : {'0': '0xEC3648D5'}
[2025-08-07 14:14:12] Shell.ssd_read()               : [Read] LBA 8 : 0xEC3648D5
[2025-08-07 14:14:12] Shell.ssd_write()              : read 5, content 0x188D18FB, for_script is True
[2025-08-07 14:14:12] Shell.ssd_write()              : [Write] Done - 5, 0x188D18FB
[2025-08-07 14:14:12] Shell.ssd_write()              : read 6, content 0xDCF132FC, for_script is True
[2025-08-07 14:14:12] Shell.ssd_write()              : [Write] Done - 6, 0xDCF132FC
[2025-08-07 14:14:12] Shell.ssd_write()              : read 7, content 0xB9E960FC, for_script is True
[2025-08-07 14:14:12] Shell.ssd_write()              : [Write] Done - 7, 0xB9E960FC
[2025-08-07 14:14:12] Shell.ssd_write()              : read 8, content 0x0E868105, for_script is True
[2025-08-07 14:14:12] Shell.ssd_write()              : [Write] Done - 8, 0x0E868105
[2025-08-07 14:14:12] Shell.ssd_write()              : read 9, content 0x35F48109, for_script is True
[2025-08-07 14:14:12] Shell.ssd_write()              : [Write] Done - 9, 0x35F48109
[2025-08-07 14:14:12] Shell.ssd_read()               : read 5, for_script is True
[2025-08-07 14:14:12] Shell.read_output()            : function executed
[2025-08-07 14:14:12] Shell.read_output()            : {'0': '0x188D18FB'}
[2025-08-07 14:14:12] Shell.ssd_read()               : [Read] LBA 5 : 0x188D18FB
[2025-08-07 14:14:12] Shell.ssd_read()               : read 6, for_script is True
[2025-08-07 14:14:12] Shell.read_output()            : function executed
[2025-08-07 14:14:12] Shell.read_output()            : {'0': '0xDCF132FC'}
[2025-08-07 14:14:12] Shell.ssd_read()               : [Read] LBA 6 : 0xDCF132FC
[2025-08-07 14:14:12] Shell.ssd_read()               : read 7, for_script is True
[2025-08-07 14:14:12] Shell.read_output()            : function executed
[2025-08-07 14:14:12] Shell.read_output()            : {'0': '0xB9E960FC'}
[2025-08-07 14:14:12] Shell.ssd_read()               : [Read] LBA 7 : 0xB9E960FC
[2025-08-07 14:14:12] Shell.ssd_read()               : read 8, for_script is True
[2025-08-07 14:14:12] Shell.read_output()            : function executed
[2025-08-07 14:14:12] Shell.read_output()            : {'0': '0x0E868105'}
[2025-08-07 14:14:12] Shell.ssd_read()               : [Read] LBA 8 : 0x0E868105
[2025-08-07 14:14:12] Shell.ssd_read()               : read 9, for_script is True
[2025-08-07 14:14:13] Shell.read_output()            : function executed
[2025-08-07 14:14:13] Shell.read_output()            : {'0': '0x35F48109'}
[2025-08-07 14:14:13] Shell.ssd_read()               : [Read] LBA 9 : 0x35F48109
[2025-08-07 14:14:13] Shell.ssd_write()              : read 6, content 0x31A95D2E, for_script is True
[2025-08-07 14:14:13] Shell.ssd_write()              : [Write] Done - 6, 0x31A95D2E
[2025-08-07 14:14:13] Shell.ssd_write()              : read 7, content 0xC71C0736, for_script is True
[2025-08-07 14:14:13] Shell.ssd_write()              : [Write] Done - 7, 0xC71C0736
[2025-08-07 14:14:13] Shell.ssd_write()              : read 8, content 0x67D3F536, for_script is True
[2025-08-07 14:14:13] Shell.ssd_write()              : [Write] Done - 8, 0x67D3F536
[2025-08-07 14:14:13] Shell.ssd_write()              : read 9, content 0xFB167536, for_script is True
[2025-08-07 14:14:13] Shell.ssd_write()              : [Write] Done - 9, 0xFB167536
[2025-08-07 14:14:13] Shell.ssd_write()              : read 10, content 0x2A8BA744, for_script is True
[2025-08-07 14:14:13] Shell.ssd_write()              : [Write] Done - 10, 0x2A8BA744
[2025-08-07 14:14:13] Shell.ssd_read()               : read 6, for_script is True
[2025-08-07 14:14:13] Shell.read_output()            : function executed
[2025-08-07 14:14:13] Shell.read_output()            : {'0': '0x31A95D2E'}
[2025-08-07 14:14:13] Shell.ssd_read()               : [Read] LBA 6 : 0x31A95D2E
[2025-08-07 14:14:13] Shell.ssd_read()               : read 7, for_script is True
[2025-08-07 14:14:13] Shell.read_output()            : function executed
[2025-08-07 14:14:13] Shell.read_output()            : {'0': '0xC71C0736'}
[2025-08-07 14:14:13] Shell.ssd_read()               : [Read] LBA 7 : 0xC71C0736
[2025-08-07 14:14:13] Shell.ssd_read()               : read 8, for_script is True
[2025-08-07 14:14:13] Shell.read_output()            : function executed
[2025-08-07 14:14:13] Shell.read_output()            : {'0': '0x67D3F536'}
[2025-08-07 14:14:13] Shell.ssd_read()               : [Read] LBA 8 : 0x67D3F536
[2025-08-07 14:14:13] Shell.ssd_read()               : read 9, for_script is True
[2025-08-07 14:14:13] Shell.read_output()            : function executed
[2025-08-07 14:14:13] Shell.read_output()            : {'0': '0xFB167536'}
[2025-08-07 14:14:13] Shell.ssd_read()               : [Read] LBA 9 : 0xFB167536
[2025-08-07 14:14:13] Shell.ssd_read()               : read 10, for_script is True
[2025-08-07 14:14:13] Shell.read_output()            : function executed
[2025-08-07 14:14:13] Shell.read_output()            : {'0': '0x2A8BA744'}
[2025-08-07 14:14:13] Shell.ssd_read()               : [Read] LBA 10 : 0x2A8BA744
[2025-08-07 14:14:13] Shell.ssd_write()              : read 7, content 0xCD8C7B5D, for_script is True
[2025-08-07 14:14:13] Shell.ssd_write()              : [Write] Done - 7, 0xCD8C7B5D
[2025-08-07 14:14:13] Shell.ssd_write()              : read 8, content 0x44841961, for_script is True
[2025-08-07 14:14:13] Shell.ssd_write()              : [Write] Done - 8, 0x44841961
[2025-08-07 14:14:13] Shell.ssd_write()              : read 9, content 0x9CBB5566, for_script is True
[2025-08-07 14:14:13] Shell.ssd_write()              : [Write] Done - 9, 0x9CBB5566
[2025-08-07 14:14:13] Shell.ssd_write()              : read 10, content 0xE6157168, for_script is True
[2025-08-07 14:14:13] Shell.ssd_write()              : [Write] Done - 10, 0xE6157168
[2025-08-07 14:14:13] Shell.ssd_write()              : read 11, content 0x87C83D6C, for_script is True
[2025-08-07 14:14:13] Shell.ssd_write()              : [Write] Done - 11, 0x87C83D6C
[2025-08-07 14:14:13] Shell.ssd_read()               : read 7, for_script is True
[2025-08-07 14:14:13] Shell.read_output()            : function executed
[2025-08-07 14:14:13] Shell.read_output()            : {'0': '0xCD8C7B5D'}
[2025-08-07 14:14:13] Shell.ssd_read()               : [Read] LBA 7 : 0xCD8C7B5D
[2025-08-07 14:14:13] Shell.ssd_read()               : read 8, for_script is True
[2025-08-07 14:14:13] Shell.read_output()            : function executed
[2025-08-07 14:14:13] Shell.read_output()            : {'0': '0x44841961'}
[2025-08-07 14:14:13] Shell.ssd_read()               : [Read] LBA 8 : 0x44841961
[2025-08-07 14:14:13] Shell.ssd_read()               : read 9, for_script is True
[2025-08-07 14:14:14] Shell.read_output()            : function executed
[2025-08-07 14:14:14] Shell.read_output()            : {'0': '0x9CBB5566'}
[2025-08-07 14:14:14] Shell.ssd_read()               : [Read] LBA 9 : 0x9CBB5566
[2025-08-07 14:14:14] Shell.ssd_read()               : read 10, for_script is True
[2025-08-07 14:14:14] Shell.read_output()            : function executed
[2025-08-07 14:14:14] Shell.read_output()            : {'0': '0xE6157168'}
[2025-08-07 14:14:14] Shell.ssd_read()               : [Read] LBA 10 : 0xE6157168
[2025-08-07 14:14:14] Shell.ssd_read()               : read 11, for_script is True
[2025-08-07 14:14:14] Shell.read_output()            : function executed
[2025-08-07 14:14:14] Shell.read_output()            : {'0': '0x87C83D6C'}
[2025-08-07 14:14:14] Shell.ssd_read()               : [Read] LBA 11 : 0x87C83D6C
[2025-08-07 14:14:14] Shell.ssd_write()              : read 8, content 0x94483B8C, for_script is True
[2025-08-07 14:14:14] Shell.ssd_write()              : [Write] Done - 8, 0x94483B8C
[2025-08-07 14:14:14] Shell.ssd_write()              : read 9, content 0xFD364391, for_script is True
[2025-08-07 14:14:14] Shell.ssd_write()              : [Write] Done - 9, 0xFD364391
[2025-08-07 14:14:14] Shell.ssd_write()              : read 10, content 0x10B48D9C, for_script is True
[2025-08-07 14:14:14] Shell.ssd_write()              : [Write] Done - 10, 0x10B48D9C
[2025-08-07 14:14:14] Shell.ssd_write()              : read 11, content 0xFC4C4FB5, for_script is True
[2025-08-07 14:14:14] Shell.ssd_write()              : [Write] Done - 11, 0xFC4C4FB5
[2025-08-07 14:14:14] Shell.ssd_write()              : read 12, content 0x12CCBDBB, for_script is True
[2025-08-07 14:14:14] Shell.ssd_write()              : [Write] Done - 12, 0x12CCBDBB
[2025-08-07 14:14:14] Shell.ssd_read()               : read 8, for_script is True
[2025-08-07 14:14:14] Shell.read_output()            : function executed
[2025-08-07 14:14:14] Shell.read_output()            : {'0': '0x94483B8C'}
[2025-08-07 14:14:14] Shell.ssd_read()               : [Read] LBA 8 : 0x94483B8C
[2025-08-07 14:14:14] Shell.ssd_read()               : read 9, for_script is True
[2025-08-07 14:14:14] Shell.read_output()            : function executed
[2025-08-07 14:14:14] Shell.read_output()            : {'0': '0xFD364391'}
[2025-08-07 14:14:14] Shell.ssd_read()               : [Read] LBA 9 : 0xFD364391
[2025-08-07 14:14:14] Shell.ssd_read()               : read 10, for_script is True
[2025-08-07 14:14:14] Shell.read_output()            : function executed
[2025-08-07 14:14:14] Shell.read_output()            : {'0': '0x10B48D9C'}
[2025-08-07 14:14:14] Shell.ssd_read()               : [Read] LBA 10 : 0x10B48D9C
[2025-08-07 14:14:14] Shell.ssd_read()               : read 11, for_script is True
[2025-08-07 14:14:14] Shell.read_output()            : function executed
[2025-08-07 14:14:14] Shell.read_output()            : {'0': '0xFC4C4FB5'}
[2025-08-07 14:14:14] Shell.ssd_read()               : [Read] LBA 11 : 0xFC4C4FB5
