[2025-08-07 14:17:52] Shell.ssd_read()               : read 7, for_script is True
[2025-08-07 14:17:53] Shell.read_output()            : function executed
[2025-08-07 14:17:53] Shell.read_output()            : {'0': '0xDE5F2902'}
[2025-08-07 14:17:53] Shell.ssd_read()               : [Read] LBA 7 : 0xDE5F2902
[2025-08-07 14:17:53] Shell.ssd_read()               : read 8, for_script is True
[2025-08-07 14:17:53] Shell.read_output()            : function executed
[2025-08-07 14:17:53] Shell.read_output()            : {'0': '0xB412B107'}
[2025-08-07 14:17:53] Shell.ssd_read()               : [Read] LBA 8 : 0xB412B107
[2025-08-07 14:17:53] Shell.ssd_read()               : read 9, for_script is True
[2025-08-07 14:17:53] Shell.read_output()            : function executed
[2025-08-07 14:17:53] Shell.read_output()            : {'0': '0xB7DDDB0F'}
[2025-08-07 14:17:53] Shell.ssd_read()               : [Read] LBA 9 : 0xB7DDDB0F
[2025-08-07 14:17:53] Shell.ssd_write()              : read 6, content 0x6150FB31, for_script is True
[2025-08-07 14:17:53] Shell.ssd_write()              : [Write] Done - 6, 0x6150FB31
[2025-08-07 14:17:53] Shell.ssd_write()              : read 7, content 0xEC8ECF31, for_script is True
[2025-08-07 14:17:53] Shell.ssd_write()              : [Write] Done - 7, 0xEC8ECF31
[2025-08-07 14:17:53] Shell.ssd_write()              : read 8, content 0xB6A48131, for_script is True
[2025-08-07 14:17:53] Shell.ssd_write()              : [Write] Done - 8, 0xB6A48131
[2025-08-07 14:17:53] Shell.ssd_write()              : read 9, content 0x79DFF133, for_script is True
[2025-08-07 14:17:53] Shell.ssd_write()              : [Write] Done - 9, 0x79DFF133
[2025-08-07 14:17:53] Shell.ssd_write()              : read 10, content 0xBAC0C53D, for_script is True
[2025-08-07 14:17:53] Shell.ssd_write()              : [Write] Done - 10, 0xBAC0C53D
[2025-08-07 14:17:53] Shell.ssd_read()               : read 6, for_script is True
[2025-08-07 14:17:53] Shell.read_output()            : function executed
[2025-08-07 14:17:53] Shell.read_output()            : {'0': '0x6150FB31'}
[2025-08-07 14:17:53] Shell.ssd_read()               : [Read] LBA 6 : 0x6150FB31
[2025-08-07 14:17:53] Shell.ssd_read()               : read 7, for_script is True
[2025-08-07 14:17:53] Shell.read_output()            : function executed
[2025-08-07 14:17:53] Shell.read_output()            : {'0': '0xEC8ECF31'}
[2025-08-07 14:17:53] Shell.ssd_read()               : [Read] LBA 7 : 0xEC8ECF31
[2025-08-07 14:17:53] Shell.ssd_read()               : read 8, for_script is True
[2025-08-07 14:17:53] Shell.read_output()            : function executed
[2025-08-07 14:17:53] Shell.read_output()            : {'0': '0xB6A48131'}
[2025-08-07 14:17:53] Shell.ssd_read()               : [Read] LBA 8 : 0xB6A48131
[2025-08-07 14:17:53] Shell.ssd_read()               : read 9, for_script is True
[2025-08-07 14:17:53] Shell.read_output()            : function executed
[2025-08-07 14:17:53] Shell.read_output()            : {'0': '0x79DFF133'}
[2025-08-07 14:17:53] Shell.ssd_read()               : [Read] LBA 9 : 0x79DFF133
[2025-08-07 14:17:53] Shell.ssd_read()               : read 10, for_script is True
[2025-08-07 14:17:53] Shell.read_output()            : function executed
[2025-08-07 14:17:53] Shell.read_output()            : {'0': '0xBAC0C53D'}
[2025-08-07 14:17:53] Shell.ssd_read()               : [Read] LBA 10 : 0xBAC0C53D
[2025-08-07 14:17:53] Shell.ssd_write()              : read 7, content 0xDF8F9F5D, for_script is True
[2025-08-07 14:17:53] Shell.ssd_write()              : [Write] Done - 7, 0xDF8F9F5D
[2025-08-07 14:17:53] Shell.ssd_write()              : read 8, content 0x311CD95E, for_script is True
[2025-08-07 14:17:53] Shell.ssd_write()              : [Write] Done - 8, 0x311CD95E
[2025-08-07 14:17:53] Shell.ssd_write()              : read 9, content 0xED513563, for_script is True
[2025-08-07 14:17:53] Shell.ssd_write()              : [Write] Done - 9, 0xED513563
[2025-08-07 14:17:53] Shell.ssd_write()              : read 10, content 0x717AE766, for_script is True
[2025-08-07 14:17:53] Shell.ssd_write()              : [Write] Done - 10, 0x717AE766
[2025-08-07 14:17:53] Shell.ssd_write()              : read 11, content 0x8CCEDB67, for_script is True
[2025-08-07 14:17:53] Shell.ssd_write()              : [Write] Done - 11, 0x8CCEDB67
[2025-08-07 14:17:53] Shell.ssd_read()               : read 7, for_script is True
[2025-08-07 14:17:54] Shell.read_output()            : function executed
[2025-08-07 14:17:54] Shell.read_output()            : {'0': '0xDF8F9F5D'}
[2025-08-07 14:17:54] Shell.ssd_read()               : [Read] LBA 7 : 0xDF8F9F5D
[2025-08-07 14:17:54] Shell.ssd_read()               : read 8, for_script is True
[2025-08-07 14:17:54] Shell.read_output()            : function executed
[2025-08-07 14:17:54] Shell.read_output()            : {'0': '0x311CD95E'}
[2025-08-07 14:17:54] Shell.ssd_read()               : [Read] LBA 8 : 0x311CD95E
[2025-08-07 14:17:54] Shell.ssd_read()               : read 9, for_script is True
[2025-08-07 14:17:54] Shell.read_output()            : function executed
[2025-08-07 14:17:54] Shell.read_output()            : {'0': '0xED513563'}
[2025-08-07 14:17:54] Shell.ssd_read()               : [Read] LBA 9 : 0xED513563
[2025-08-07 14:17:54] Shell.ssd_read()               : read 10, for_script is True
[2025-08-07 14:17:54] Shell.read_output()            : function executed
[2025-08-07 14:17:54] Shell.read_output()            : {'0': '0x717AE766'}
[2025-08-07 14:17:54] Shell.ssd_read()               : [Read] LBA 10 : 0x717AE766
[2025-08-07 14:17:54] Shell.ssd_read()               : read 11, for_script is True
[2025-08-07 14:17:54] Shell.read_output()            : function executed
[2025-08-07 14:17:54] Shell.read_output()            : {'0': '0x8CCEDB67'}
[2025-08-07 14:17:54] Shell.ssd_read()               : [Read] LBA 11 : 0x8CCEDB67
[2025-08-07 14:17:54] Shell.ssd_write()              : read 8, content 0x1FC3517C, for_script is True
[2025-08-07 14:17:54] Shell.ssd_write()              : [Write] Done - 8, 0x1FC3517C
[2025-08-07 14:17:54] Shell.ssd_write()              : read 9, content 0x5619517E, for_script is True
[2025-08-07 14:17:54] Shell.ssd_write()              : [Write] Done - 9, 0x5619517E
[2025-08-07 14:17:54] Shell.ssd_write()              : read 10, content 0x5149C788, for_script is True
[2025-08-07 14:17:54] Shell.ssd_write()              : [Write] Done - 10, 0x5149C788
[2025-08-07 14:17:54] Shell.ssd_write()              : read 11, content 0x996E118B, for_script is True
[2025-08-07 14:17:54] Shell.ssd_write()              : [Write] Done - 11, 0x996E118B
[2025-08-07 14:17:54] Shell.ssd_write()              : read 12, content 0x264C0F8B, for_script is True
[2025-08-07 14:17:54] Shell.ssd_write()              : [Write] Done - 12, 0x264C0F8B
[2025-08-07 14:17:54] Shell.ssd_read()               : read 8, for_script is True
[2025-08-07 14:17:54] Shell.read_output()            : function executed
[2025-08-07 14:17:54] Shell.read_output()            : {'0': '0x1FC3517C'}
[2025-08-07 14:17:54] Shell.ssd_read()               : [Read] LBA 8 : 0x1FC3517C
[2025-08-07 14:17:54] Shell.ssd_read()               : read 9, for_script is True
[2025-08-07 14:17:54] Shell.read_output()            : function executed
[2025-08-07 14:17:54] Shell.read_output()            : {'0': '0x5619517E'}
[2025-08-07 14:17:54] Shell.ssd_read()               : [Read] LBA 9 : 0x5619517E
[2025-08-07 14:17:54] Shell.ssd_read()               : read 10, for_script is True
[2025-08-07 14:17:54] Shell.read_output()            : function executed
[2025-08-07 14:17:54] Shell.read_output()            : {'0': '0x5149C788'}
[2025-08-07 14:17:54] Shell.ssd_read()               : [Read] LBA 10 : 0x5149C788
[2025-08-07 14:17:54] Shell.ssd_read()               : read 11, for_script is True
[2025-08-07 14:17:54] Shell.read_output()            : function executed
[2025-08-07 14:17:54] Shell.read_output()            : {'0': '0x996E118B'}
[2025-08-07 14:17:54] Shell.ssd_read()               : [Read] LBA 11 : 0x996E118B
[2025-08-07 14:17:54] Shell.ssd_read()               : read 12, for_script is True
[2025-08-07 14:17:54] Shell.read_output()            : function executed
[2025-08-07 14:17:54] Shell.read_output()            : {'0': '0x264C0F8B'}
[2025-08-07 14:17:54] Shell.ssd_read()               : [Read] LBA 12 : 0x264C0F8B
[2025-08-07 14:17:54] Shell.ssd_write()              : read 9, content 0xA7EAC1BB, for_script is True
[2025-08-07 14:17:54] Shell.ssd_write()              : [Write] Done - 9, 0xA7EAC1BB
[2025-08-07 14:17:54] Shell.ssd_write()              : read 10, content 0xA9CE91BD, for_script is True
[2025-08-07 14:17:54] Shell.ssd_write()              : [Write] Done - 10, 0xA9CE91BD
[2025-08-07 14:17:54] Shell.ssd_write()              : read 11, content 0x79CEF3C9, for_script is True
[2025-08-07 14:17:55] Shell.ssd_write()              : [Write] Done - 11, 0x79CEF3C9
[2025-08-07 14:17:55] Shell.ssd_write()              : read 12, content 0xC02B9DD1, for_script is True
[2025-08-07 14:17:55] Shell.ssd_write()              : [Write] Done - 12, 0xC02B9DD1
[2025-08-07 14:17:55] Shell.ssd_write()              : read 13, content 0xD3B7BFDE, for_script is True
[2025-08-07 14:17:55] Shell.ssd_write()              : [Write] Done - 13, 0xD3B7BFDE
[2025-08-07 14:17:55] Shell.ssd_read()               : read 9, for_script is True
[2025-08-07 14:17:55] Shell.read_output()            : function executed
[2025-08-07 14:17:55] Shell.read_output()            : {'0': '0xA7EAC1BB'}
[2025-08-07 14:17:55] Shell.ssd_read()               : [Read] LBA 9 : 0xA7EAC1BB
[2025-08-07 14:17:55] Shell.ssd_read()               : read 10, for_script is True
[2025-08-07 14:17:55] Shell.read_output()            : function executed
[2025-08-07 14:17:55] Shell.read_output()            : {'0': '0xA9CE91BD'}
[2025-08-07 14:17:55] Shell.ssd_read()               : [Read] LBA 10 : 0xA9CE91BD
[2025-08-07 14:17:55] Shell.ssd_read()               : read 11, for_script is True
[2025-08-07 14:17:55] Shell.read_output()            : function executed
