[2025-08-07 14:12:25] Shell.ssd_write()              : read 5, content 0x589466C4, for_script is True
[2025-08-07 14:12:25] Shell.ssd_write()              : [Write] Done - 5, 0x589466C4
[2025-08-07 14:12:25] Shell.ssd_write()              : read 6, content 0x7756D2C7, for_script is True
[2025-08-07 14:12:25] Shell.ssd_write()              : [Write] Done - 6, 0x7756D2C7
[2025-08-07 14:12:25] Shell.ssd_write()              : read 7, content 0xDCD190C8, for_script is True
[2025-08-07 14:12:25] Shell.ssd_write()              : [Write] Done - 7, 0xDCD190C8
[2025-08-07 14:12:25] Shell.ssd_read()               : read 3, for_script is True
[2025-08-07 14:12:25] Shell.read_output()            : function executed
[2025-08-07 14:12:25] Shell.read_output()            : {'0': '0x5D10A2B2'}
[2025-08-07 14:12:25] Shell.ssd_read()               : [Read] LBA 3 : 0x5D10A2B2
[2025-08-07 14:12:25] Shell.ssd_read()               : read 4, for_script is True
[2025-08-07 14:12:25] Shell.read_output()            : function executed
[2025-08-07 14:12:25] Shell.read_output()            : {'0': '0x70626EB6'}
[2025-08-07 14:12:25] Shell.ssd_read()               : [Read] LBA 4 : 0x70626EB6
[2025-08-07 14:12:25] Shell.ssd_read()               : read 5, for_script is True
[2025-08-07 14:12:25] Shell.read_output()            : function executed
[2025-08-07 14:12:25] Shell.read_output()            : {'0': '0x589466C4'}
[2025-08-07 14:12:25] Shell.ssd_read()               : [Read] LBA 5 : 0x589466C4
[2025-08-07 14:12:25] Shell.ssd_read()               : read 6, for_script is True
[2025-08-07 14:12:25] Shell.read_output()            : function executed
[2025-08-07 14:12:25] Shell.read_output()            : {'0': '0x7756D2C7'}
[2025-08-07 14:12:25] Shell.ssd_read()               : [Read] LBA 6 : 0x7756D2C7
[2025-08-07 14:12:25] Shell.ssd_read()               : read 7, for_script is True
[2025-08-07 14:12:25] Shell.read_output()            : function executed
[2025-08-07 14:12:25] Shell.read_output()            : {'0': '0xDCD190C8'}
[2025-08-07 14:12:25] Shell.ssd_read()               : [Read] LBA 7 : 0xDCD190C8
[2025-08-07 14:12:25] Shell.ssd_write()              : read 4, content 0x92DB20DA, for_script is True
[2025-08-07 14:12:25] Shell.ssd_write()              : [Write] Done - 4, 0x92DB20DA
[2025-08-07 14:12:25] Shell.ssd_write()              : read 5, content 0xE1831CE0, for_script is True
[2025-08-07 14:12:25] Shell.ssd_write()              : [Write] Done - 5, 0xE1831CE0
[2025-08-07 14:12:25] Shell.ssd_write()              : read 6, content 0xDAEF0CE3, for_script is True
[2025-08-07 14:12:25] Shell.ssd_write()              : [Write] Done - 6, 0xDAEF0CE3
[2025-08-07 14:12:25] Shell.ssd_write()              : read 7, content 0xE5E906E5, for_script is True
[2025-08-07 14:12:25] Shell.ssd_write()              : [Write] Done - 7, 0xE5E906E5
[2025-08-07 14:12:25] Shell.ssd_write()              : read 8, content 0x52B6E0EF, for_script is True
[2025-08-07 14:12:25] Shell.ssd_write()              : [Write] Done - 8, 0x52B6E0EF
[2025-08-07 14:12:25] Shell.ssd_read()               : read 4, for_script is True
[2025-08-07 14:12:26] Shell.read_output()            : function executed
[2025-08-07 14:12:26] Shell.read_output()            : {'0': '0x92DB20DA'}
[2025-08-07 14:12:26] Shell.ssd_read()               : [Read] LBA 4 : 0x92DB20DA
[2025-08-07 14:12:26] Shell.ssd_read()               : read 5, for_script is True
[2025-08-07 14:12:26] Shell.read_output()            : function executed
[2025-08-07 14:12:26] Shell.read_output()            : {'0': '0xE1831CE0'}
[2025-08-07 14:12:26] Shell.ssd_read()               : [Read] LBA 5 : 0xE1831CE0
[2025-08-07 14:12:26] Shell.ssd_read()               : read 6, for_script is True
[2025-08-07 14:12:26] Shell.read_output()            : function executed
[2025-08-07 14:12:26] Shell.read_output()            : {'0': '0xDAEF0CE3'}
[2025-08-07 14:12:26] Shell.ssd_read()               : [Read] LBA 6 : 0xDAEF0CE3
[2025-08-07 14:12:26] Shell.ssd_read()               : read 7, for_script is True
[2025-08-07 14:12:26] Shell.read_output()            : function executed
[2025-08-07 14:12:26] Shell.read_output()            : {'0': '0xE5E906E5'}
[2025-08-07 14:12:26] Shell.ssd_read()               : [Read] LBA 7 : 0xE5E906E5
[2025-08-07 14:12:26] Shell.ssd_read()               : read 8, for_script is True
[2025-08-07 14:12:26] Shell.read_output()            : function executed
[2025-08-07 14:12:26] Shell.read_output()            : {'0': '0x52B6E0EF'}
[2025-08-07 14:12:26] Shell.ssd_read()               : [Read] LBA 8 : 0x52B6E0EF
[2025-08-07 14:12:26] Shell.ssd_write()              : read 5, content 0x68E5310D, for_script is True
[2025-08-07 14:12:26] Shell.ssd_write()              : [Write] Done - 5, 0x68E5310D
[2025-08-07 14:12:26] Shell.ssd_write()              : read 6, content 0xE8273D15, for_script is True
[2025-08-07 14:12:26] Shell.ssd_write()              : [Write] Done - 6, 0xE8273D15
[2025-08-07 14:12:26] Shell.ssd_write()              : read 7, content 0x3B1E7517, for_script is True
[2025-08-07 14:12:26] Shell.ssd_write()              : [Write] Done - 7, 0x3B1E7517
[2025-08-07 14:12:26] Shell.ssd_write()              : read 8, content 0xFC6D0F19, for_script is True
[2025-08-07 14:12:26] Shell.ssd_write()              : [Write] Done - 8, 0xFC6D0F19
[2025-08-07 14:12:26] Shell.ssd_write()              : read 9, content 0x1626D11E, for_script is True
[2025-08-07 14:12:26] Shell.ssd_write()              : [Write] Done - 9, 0x1626D11E
[2025-08-07 14:12:26] Shell.ssd_read()               : read 5, for_script is True
[2025-08-07 14:12:26] Shell.read_output()            : function executed
[2025-08-07 14:12:26] Shell.read_output()            : {'0': '0x68E5310D'}
[2025-08-07 14:12:26] Shell.ssd_read()               : [Read] LBA 5 : 0x68E5310D
[2025-08-07 14:12:26] Shell.ssd_read()               : read 6, for_script is True
[2025-08-07 14:12:26] Shell.read_output()            : function executed
[2025-08-07 14:12:26] Shell.read_output()            : {'0': '0xE8273D15'}
[2025-08-07 14:12:26] Shell.ssd_read()               : [Read] LBA 6 : 0xE8273D15
[2025-08-07 14:12:26] Shell.ssd_read()               : read 7, for_script is True
[2025-08-07 14:12:26] Shell.read_output()            : function executed
[2025-08-07 14:12:26] Shell.read_output()            : {'0': '0x3B1E7517'}
[2025-08-07 14:12:26] Shell.ssd_read()               : [Read] LBA 7 : 0x3B1E7517
[2025-08-07 14:12:26] Shell.ssd_read()               : read 8, for_script is True
[2025-08-07 14:12:26] Shell.read_output()            : function executed
[2025-08-07 14:12:26] Shell.read_output()            : {'0': '0xFC6D0F19'}
[2025-08-07 14:12:26] Shell.ssd_read()               : [Read] LBA 8 : 0xFC6D0F19
[2025-08-07 14:12:26] Shell.ssd_read()               : read 9, for_script is True
[2025-08-07 14:12:26] Shell.read_output()            : function executed
[2025-08-07 14:12:26] Shell.read_output()            : {'0': '0x1626D11E'}
[2025-08-07 14:12:26] Shell.ssd_read()               : [Read] LBA 9 : 0x1626D11E
[2025-08-07 14:12:26] Shell.ssd_write()              : read 6, content 0x03A84D3A, for_script is True
[2025-08-07 14:12:26] Shell.ssd_write()              : [Write] Done - 6, 0x03A84D3A
[2025-08-07 14:12:26] Shell.ssd_write()              : read 7, content 0xA1727547, for_script is True
[2025-08-07 14:12:26] Shell.ssd_write()              : [Write] Done - 7, 0xA1727547
[2025-08-07 14:12:26] Shell.ssd_write()              : read 8, content 0x3425A54C, for_script is True
[2025-08-07 14:12:26] Shell.ssd_write()              : [Write] Done - 8, 0x3425A54C
[2025-08-07 14:12:26] Shell.ssd_write()              : read 9, content 0x6E6B574C, for_script is True
[2025-08-07 14:12:27] Shell.ssd_write()              : [Write] Done - 9, 0x6E6B574C
[2025-08-07 14:12:27] Shell.ssd_write()              : read 10, content 0xD5B5AD51, for_script is True
[2025-08-07 14:12:27] Shell.ssd_write()              : [Write] Done - 10, 0xD5B5AD51
[2025-08-07 14:12:27] Shell.ssd_read()               : read 6, for_script is True
[2025-08-07 14:12:27] Shell.read_output()            : function executed
[2025-08-07 14:12:27] Shell.read_output()            : {'0': '0x03A84D3A'}
[2025-08-07 14:12:27] Shell.ssd_read()               : [Read] LBA 6 : 0x03A84D3A
[2025-08-07 14:12:27] Shell.ssd_read()               : read 7, for_script is True
[2025-08-07 14:12:27] Shell.read_output()            : function executed
[2025-08-07 14:12:27] Shell.read_output()            : {'0': '0xA1727547'}
[2025-08-07 14:12:27] Shell.ssd_read()               : [Read] LBA 7 : 0xA1727547
[2025-08-07 14:12:27] Shell.ssd_read()               : read 8, for_script is True
[2025-08-07 14:12:27] Shell.read_output()            : function executed
[2025-08-07 14:12:27] Shell.read_output()            : {'0': '0x3425A54C'}
[2025-08-07 14:12:27] Shell.ssd_read()               : [Read] LBA 8 : 0x3425A54C
[2025-08-07 14:12:27] Shell.ssd_read()               : read 9, for_script is True
[2025-08-07 14:12:27] Shell.read_output()            : function executed
[2025-08-07 14:12:27] Shell.read_output()            : {'0': '0x6E6B574C'}
[2025-08-07 14:12:27] Shell.ssd_read()               : [Read] LBA 9 : 0x6E6B574C
[2025-08-07 14:12:27] Shell.ssd_read()               : read 10, for_script is True
[2025-08-07 14:12:27] Shell.read_output()            : function executed
[2025-08-07 14:12:27] Shell.read_output()            : {'0': '0xD5B5AD51'}
[2025-08-07 14:12:27] Shell.ssd_read()               : [Read] LBA 10 : 0xD5B5AD51
[2025-08-07 14:12:27] Shell.ssd_write()              : read 7, content 0x9D627766, for_script is True
[2025-08-07 14:12:27] Shell.ssd_write()              : [Write] Done - 7, 0x9D627766
[2025-08-07 14:12:27] Shell.ssd_write()              : read 8, content 0x0575C169, for_script is True
[2025-08-07 14:12:27] Shell.ssd_write()              : [Write] Done - 8, 0x0575C169
[2025-08-07 14:12:27] Shell.ssd_write()              : read 9, content 0xF14DC969, for_script is True
[2025-08-07 14:12:27] Shell.ssd_write()              : [Write] Done - 9, 0xF14DC969
