[2025-08-07 14:16:47] Shell.read_output()            : function executed
[2025-08-07 14:16:47] Shell.read_output()            : {'0': '0x61B98578'}
[2025-08-07 14:16:47] Shell.ssd_read()               : [Read] LBA 10 : 0x61B98578
[2025-08-07 14:16:47] Shell.ssd_read()               : read 11, for_script is True
[2025-08-07 14:16:47] Shell.read_output()            : function executed
[2025-08-07 14:16:47] Shell.read_output()            : {'0': '0xEA8D0588'}
[2025-08-07 14:16:47] Shell.ssd_read()               : [Read] LBA 11 : 0xEA8D0588
[2025-08-07 14:16:47] Shell.ssd_write()              : read 8, content 0xBE0BB5A4, for_script is True
[2025-08-07 14:16:47] Shell.ssd_write()              : [Write] Done - 8, 0xBE0BB5A4
[2025-08-07 14:16:47] Shell.ssd_write()              : read 9, content 0xB0E3ABA6, for_script is True
[2025-08-07 14:16:47] Shell.ssd_write()              : [Write] Done - 9, 0xB0E3ABA6
[2025-08-07 14:16:47] Shell.ssd_write()              : read 10, content 0x0253A3AA, for_script is True
[2025-08-07 14:16:47] Shell.ssd_write()              : [Write] Done - 10, 0x0253A3AA
[2025-08-07 14:16:47] Shell.ssd_write()              : read 11, content 0x4EEA39AB, for_script is True
[2025-08-07 14:16:47] Shell.ssd_write()              : [Write] Done - 11, 0x4EEA39AB
[2025-08-07 14:16:47] Shell.ssd_write()              : read 12, content 0x16C4C7AD, for_script is True
[2025-08-07 14:16:47] Shell.ssd_write()              : [Write] Done - 12, 0x16C4C7AD
[2025-08-07 14:16:47] Shell.ssd_read()               : read 8, for_script is True
[2025-08-07 14:16:47] Shell.read_output()            : function executed
[2025-08-07 14:16:47] Shell.read_output()            : {'0': '0xBE0BB5A4'}
[2025-08-07 14:16:47] Shell.ssd_read()               : [Read] LBA 8 : 0xBE0BB5A4
[2025-08-07 14:16:47] Shell.ssd_read()               : read 9, for_script is True
[2025-08-07 14:16:47] Shell.read_output()            : function executed
[2025-08-07 14:16:47] Shell.read_output()            : {'0': '0xB0E3ABA6'}
[2025-08-07 14:16:47] Shell.ssd_read()               : [Read] LBA 9 : 0xB0E3ABA6
[2025-08-07 14:16:47] Shell.ssd_read()               : read 10, for_script is True
[2025-08-07 14:16:47] Shell.read_output()            : function executed
[2025-08-07 14:16:47] Shell.read_output()            : {'0': '0x0253A3AA'}
[2025-08-07 14:16:47] Shell.ssd_read()               : [Read] LBA 10 : 0x0253A3AA
[2025-08-07 14:16:47] Shell.ssd_read()               : read 11, for_script is True
[2025-08-07 14:16:47] Shell.read_output()            : function executed
[2025-08-07 14:16:47] Shell.read_output()            : {'0': '0x4EEA39AB'}
[2025-08-07 14:16:47] Shell.ssd_read()               : [Read] LBA 11 : 0x4EEA39AB
[2025-08-07 14:16:47] Shell.ssd_read()               : read 12, for_script is True
[2025-08-07 14:16:47] Shell.read_output()            : function executed
[2025-08-07 14:16:47] Shell.read_output()            : {'0': '0x16C4C7AD'}
[2025-08-07 14:16:47] Shell.ssd_read()               : [Read] LBA 12 : 0x16C4C7AD
[2025-08-07 14:16:47] Shell.ssd_write()              : read 9, content 0x95F395D5, for_script is True
[2025-08-07 14:16:47] Shell.ssd_write()              : [Write] Done - 9, 0x95F395D5
[2025-08-07 14:16:47] Shell.ssd_write()              : read 10, content 0xC1F455D5, for_script is True
[2025-08-07 14:16:47] Shell.ssd_write()              : [Write] Done - 10, 0xC1F455D5
[2025-08-07 14:16:47] Shell.ssd_write()              : read 11, content 0x10CE4DDA, for_script is True
[2025-08-07 14:16:47] Shell.ssd_write()              : [Write] Done - 11, 0x10CE4DDA
[2025-08-07 14:16:47] Shell.ssd_write()              : read 12, content 0x448113DC, for_script is True
[2025-08-07 14:16:47] Shell.ssd_write()              : [Write] Done - 12, 0x448113DC
[2025-08-07 14:16:47] Shell.ssd_write()              : read 13, content 0x1EE245E7, for_script is True
[2025-08-07 14:16:48] Shell.ssd_write()              : [Write] Done - 13, 0x1EE245E7
[2025-08-07 14:16:48] Shell.ssd_read()               : read 9, for_script is True
[2025-08-07 14:16:48] Shell.read_output()            : function executed
[2025-08-07 14:16:48] Shell.read_output()            : {'0': '0x95F395D5'}
[2025-08-07 14:16:48] Shell.ssd_read()               : [Read] LBA 9 : 0x95F395D5
[2025-08-07 14:16:48] Shell.ssd_read()               : read 10, for_script is True
[2025-08-07 14:16:48] Shell.read_output()            : function executed
[2025-08-07 14:16:48] Shell.read_output()            : {'0': '0xC1F455D5'}
[2025-08-07 14:16:48] Shell.ssd_read()               : [Read] LBA 10 : 0xC1F455D5
[2025-08-07 14:16:48] Shell.ssd_read()               : read 11, for_script is True
[2025-08-07 14:16:48] Shell.read_output()            : function executed
[2025-08-07 14:16:48] Shell.read_output()            : {'0': '0x10CE4DDA'}
[2025-08-07 14:16:48] Shell.ssd_read()               : [Read] LBA 11 : 0x10CE4DDA
[2025-08-07 14:16:48] Shell.ssd_read()               : read 12, for_script is True
[2025-08-07 14:16:48] Shell.read_output()            : function executed
[2025-08-07 14:16:48] Shell.read_output()            : {'0': '0x448113DC'}
[2025-08-07 14:16:48] Shell.ssd_read()               : [Read] LBA 12 : 0x448113DC
[2025-08-07 14:16:48] Shell.ssd_read()               : read 13, for_script is True
[2025-08-07 14:16:48] Shell.read_output()            : function executed
[2025-08-07 14:16:48] Shell.read_output()            : {'0': '0x1EE245E7'}
[2025-08-07 14:16:48] Shell.ssd_read()               : [Read] LBA 13 : 0x1EE245E7
[2025-08-07 14:17:49] Shell.read_command()           : wait command, preset command: 1_FullWriteAndReadCompare
[2025-08-07 14:17:49] Shell.read_command()           : input command: 1_FullWriteAndReadCompare
[2025-08-07 14:17:49] Shell.valid_check()            : command_args: ['1_FullWriteAndReadCompare']
[2025-08-07 14:17:49] Shell.is_valid_format()        : command_args: ['1_FullWriteAndReadCompare']
[2025-08-07 14:17:49] Shell.is_invalid_command()     : command_args: ['1_FullWriteAndReadCompare']
[2025-08-07 14:17:49] Shell.is_invalid_command()     : return False
[2025-08-07 14:17:49] Shell.is_invalid_para_length() : command_args: ['1_FullWriteAndReadCompare']
[2025-08-07 14:17:49] Shell.run_command()            : run command with 1_FullWriteAndReadCompare
[2025-08-07 14:17:49] Shell.script_1()               : script1 executed
[2025-08-07 14:17:49] Shell.ssd_write()              : read 0, content 0x78D00808, for_script is True
[2025-08-07 14:17:49] Shell.ssd_write()              : [Write] Done - 0, 0x78D00808
[2025-08-07 14:17:49] Shell.ssd_write()              : read 1, content 0x480FBE09, for_script is True
[2025-08-07 14:17:49] Shell.ssd_write()              : [Write] Done - 1, 0x480FBE09
[2025-08-07 14:17:49] Shell.ssd_write()              : read 2, content 0x252E9608, for_script is True
[2025-08-07 14:17:49] Shell.ssd_write()              : [Write] Done - 2, 0x252E9608
[2025-08-07 14:17:49] Shell.ssd_write()              : read 3, content 0x817A320D, for_script is True
[2025-08-07 14:17:50] Shell.ssd_write()              : [Write] Done - 3, 0x817A320D
[2025-08-07 14:17:50] Shell.ssd_write()              : read 4, content 0x6738B20E, for_script is True
[2025-08-07 14:17:50] Shell.ssd_write()              : [Write] Done - 4, 0x6738B20E
[2025-08-07 14:17:50] Shell.ssd_read()               : read 0, for_script is True
[2025-08-07 14:17:50] Shell.read_output()            : function executed
[2025-08-07 14:17:50] Shell.read_output()            : {'0': '0x78D00808'}
[2025-08-07 14:17:50] Shell.ssd_read()               : [Read] LBA 0 : 0x78D00808
[2025-08-07 14:17:50] Shell.ssd_read()               : read 1, for_script is True
[2025-08-07 14:17:50] Shell.read_output()            : function executed
[2025-08-07 14:17:50] Shell.read_output()            : {'0': '0x480FBE09'}
[2025-08-07 14:17:50] Shell.ssd_read()               : [Read] LBA 1 : 0x480FBE09
[2025-08-07 14:17:50] Shell.ssd_read()               : read 2, for_script is True
[2025-08-07 14:17:50] Shell.read_output()            : function executed
[2025-08-07 14:17:50] Shell.read_output()            : {'0': '0x252E9608'}
[2025-08-07 14:17:50] Shell.ssd_read()               : [Read] LBA 2 : 0x252E9608
[2025-08-07 14:17:50] Shell.ssd_read()               : read 3, for_script is True
[2025-08-07 14:17:50] Shell.read_output()            : function executed
[2025-08-07 14:17:50] Shell.read_output()            : {'0': '0x817A320D'}
[2025-08-07 14:17:50] Shell.ssd_read()               : [Read] LBA 3 : 0x817A320D
[2025-08-07 14:17:50] Shell.ssd_read()               : read 4, for_script is True
[2025-08-07 14:17:50] Shell.read_output()            : function executed
[2025-08-07 14:17:50] Shell.read_output()            : {'0': '0x6738B20E'}
[2025-08-07 14:17:50] Shell.ssd_read()               : [Read] LBA 4 : 0x6738B20E
[2025-08-07 14:17:50] Shell.ssd_write()              : read 1, content 0x92DF8E31, for_script is True
[2025-08-07 14:17:50] Shell.ssd_write()              : [Write] Done - 1, 0x92DF8E31
[2025-08-07 14:17:50] Shell.ssd_write()              : read 2, content 0x80D23C35, for_script is True
[2025-08-07 14:17:50] Shell.ssd_write()              : [Write] Done - 2, 0x80D23C35
[2025-08-07 14:17:50] Shell.ssd_write()              : read 3, content 0xC0203637, for_script is True
[2025-08-07 14:17:50] Shell.ssd_write()              : [Write] Done - 3, 0xC0203637
[2025-08-07 14:17:50] Shell.ssd_write()              : read 4, content 0x2D7E5E3E, for_script is True
[2025-08-07 14:17:50] Shell.ssd_write()              : [Write] Done - 4, 0x2D7E5E3E
[2025-08-07 14:17:50] Shell.ssd_write()              : read 5, content 0x5BD46440, for_script is True
[2025-08-07 14:17:50] Shell.ssd_write()              : [Write] Done - 5, 0x5BD46440
[2025-08-07 14:17:50] Shell.ssd_read()               : read 1, for_script is True
[2025-08-07 14:17:50] Shell.read_output()            : function executed
[2025-08-07 14:17:50] Shell.read_output()            : {'0': '0x92DF8E31'}
[2025-08-07 14:17:50] Shell.ssd_read()               : [Read] LBA 1 : 0x92DF8E31
[2025-08-07 14:17:50] Shell.ssd_read()               : read 2, for_script is True
