[2025-08-07 14:19:22] Shell.ssd_write()              : [Write] Done - 9, 0x7A68A4EE
[2025-08-07 14:19:22] Shell.ssd_read()               : read 5, for_script is True
[2025-08-07 14:19:22] Shell.read_output()            : function executed
[2025-08-07 14:19:22] Shell.read_output()            : {'0': '0x40AAB8D7'}
[2025-08-07 14:19:22] Shell.ssd_read()               : [Read] LBA 5 : 0x40AAB8D7
[2025-08-07 14:19:22] Shell.ssd_read()               : read 6, for_script is True
[2025-08-07 14:19:22] Shell.read_output()            : function executed
[2025-08-07 14:19:22] Shell.read_output()            : {'0': '0xC69AECDD'}
[2025-08-07 14:19:22] Shell.ssd_read()               : [Read] LBA 6 : 0xC69AECDD
[2025-08-07 14:19:22] Shell.ssd_read()               : read 7, for_script is True
[2025-08-07 14:19:22] Shell.read_output()            : function executed
[2025-08-07 14:19:22] Shell.read_output()            : {'0': '0x5B43B2E4'}
[2025-08-07 14:19:22] Shell.ssd_read()               : [Read] LBA 7 : 0x5B43B2E4
[2025-08-07 14:19:22] Shell.ssd_read()               : read 8, for_script is True
[2025-08-07 14:19:22] Shell.read_output()            : function executed
[2025-08-07 14:19:22] Shell.read_output()            : {'0': '0x2DAF0EEA'}
[2025-08-07 14:19:22] Shell.ssd_read()               : [Read] LBA 8 : 0x2DAF0EEA
[2025-08-07 14:19:22] Shell.ssd_read()               : read 9, for_script is True
[2025-08-07 14:19:22] Shell.read_output()            : function executed
[2025-08-07 14:19:22] Shell.read_output()            : {'0': '0x7A68A4EE'}
[2025-08-07 14:19:22] Shell.ssd_read()               : [Read] LBA 9 : 0x7A68A4EE
[2025-08-07 14:19:22] Shell.ssd_write()              : read 6, content 0xAB35970A, for_script is True
[2025-08-07 14:19:22] Shell.ssd_write()              : [Write] Done - 6, 0xAB35970A
[2025-08-07 14:19:22] Shell.ssd_write()              : read 7, content 0x8FDD6F0C, for_script is True
[2025-08-07 14:19:22] Shell.ssd_write()              : [Write] Done - 7, 0x8FDD6F0C
[2025-08-07 14:19:22] Shell.ssd_write()              : read 8, content 0x849CBB0F, for_script is True
[2025-08-07 14:19:22] Shell.ssd_write()              : [Write] Done - 8, 0x849CBB0F
[2025-08-07 14:19:22] Shell.ssd_write()              : read 9, content 0x47D0BB11, for_script is True
[2025-08-07 14:19:22] Shell.ssd_write()              : [Write] Done - 9, 0x47D0BB11
[2025-08-07 14:19:22] Shell.ssd_write()              : read 10, content 0x1A9D2913, for_script is True
[2025-08-07 14:19:22] Shell.ssd_write()              : [Write] Done - 10, 0x1A9D2913
[2025-08-07 14:19:22] Shell.ssd_read()               : read 6, for_script is True
[2025-08-07 14:19:22] Shell.read_output()            : function executed
[2025-08-07 14:19:22] Shell.read_output()            : {'0': '0xAB35970A'}
[2025-08-07 14:19:22] Shell.ssd_read()               : [Read] LBA 6 : 0xAB35970A
[2025-08-07 14:19:22] Shell.ssd_read()               : read 7, for_script is True
[2025-08-07 14:19:23] Shell.read_output()            : function executed
[2025-08-07 14:19:23] Shell.read_output()            : {'0': '0x8FDD6F0C'}
[2025-08-07 14:19:23] Shell.ssd_read()               : [Read] LBA 7 : 0x8FDD6F0C
[2025-08-07 14:19:23] Shell.ssd_read()               : read 8, for_script is True
[2025-08-07 14:19:23] Shell.read_output()            : function executed
[2025-08-07 14:19:23] Shell.read_output()            : {'0': '0x849CBB0F'}
[2025-08-07 14:19:23] Shell.ssd_read()               : [Read] LBA 8 : 0x849CBB0F
[2025-08-07 14:19:23] Shell.ssd_read()               : read 9, for_script is True
[2025-08-07 14:19:23] Shell.read_output()            : function executed
[2025-08-07 14:19:23] Shell.read_output()            : {'0': '0x47D0BB11'}
[2025-08-07 14:19:23] Shell.ssd_read()               : [Read] LBA 9 : 0x47D0BB11
[2025-08-07 14:19:23] Shell.ssd_read()               : read 10, for_script is True
[2025-08-07 14:19:23] Shell.read_output()            : function executed
[2025-08-07 14:19:23] Shell.read_output()            : {'0': '0x1A9D2913'}
[2025-08-07 14:19:23] Shell.ssd_read()               : [Read] LBA 10 : 0x1A9D2913
[2025-08-07 14:19:23] Shell.ssd_write()              : read 7, content 0x946AC32C, for_script is True
[2025-08-07 14:19:23] Shell.ssd_write()              : [Write] Done - 7, 0x946AC32C
[2025-08-07 14:19:23] Shell.ssd_write()              : read 8, content 0x7172CB35, for_script is True
[2025-08-07 14:19:23] Shell.ssd_write()              : [Write] Done - 8, 0x7172CB35
[2025-08-07 14:19:23] Shell.ssd_write()              : read 9, content 0x85BED93A, for_script is True
[2025-08-07 14:19:23] Shell.ssd_write()              : [Write] Done - 9, 0x85BED93A
[2025-08-07 14:19:23] Shell.ssd_write()              : read 10, content 0x6578233D, for_script is True
[2025-08-07 14:19:23] Shell.ssd_write()              : [Write] Done - 10, 0x6578233D
[2025-08-07 14:19:23] Shell.ssd_write()              : read 11, content 0xB6ED8547, for_script is True
[2025-08-07 14:19:23] Shell.ssd_write()              : [Write] Done - 11, 0xB6ED8547
[2025-08-07 14:19:23] Shell.ssd_read()               : read 7, for_script is True
[2025-08-07 14:19:23] Shell.read_output()            : function executed
[2025-08-07 14:19:23] Shell.read_output()            : {'0': '0x946AC32C'}
[2025-08-07 14:19:23] Shell.ssd_read()               : [Read] LBA 7 : 0x946AC32C
[2025-08-07 14:19:23] Shell.ssd_read()               : read 8, for_script is True
[2025-08-07 14:19:23] Shell.read_output()            : function executed
[2025-08-07 14:19:23] Shell.read_output()            : {'0': '0x7172CB35'}
[2025-08-07 14:19:23] Shell.ssd_read()               : [Read] LBA 8 : 0x7172CB35
[2025-08-07 14:19:23] Shell.ssd_read()               : read 9, for_script is True
[2025-08-07 14:19:23] Shell.read_output()            : function executed
[2025-08-07 14:19:23] Shell.read_output()            : {'0': '0x85BED93A'}
[2025-08-07 14:19:23] Shell.ssd_read()               : [Read] LBA 9 : 0x85BED93A
[2025-08-07 14:19:23] Shell.ssd_read()               : read 10, for_script is True
[2025-08-07 14:19:23] Shell.read_output()            : function executed
[2025-08-07 14:19:23] Shell.read_output()            : {'0': '0x6578233D'}
[2025-08-07 14:19:23] Shell.ssd_read()               : [Read] LBA 10 : 0x6578233D
[2025-08-07 14:19:23] Shell.ssd_read()               : read 11, for_script is True
[2025-08-07 14:19:23] Shell.read_output()            : function executed
[2025-08-07 14:19:23] Shell.read_output()            : {'0': '0xB6ED8547'}
[2025-08-07 14:19:23] Shell.ssd_read()               : [Read] LBA 11 : 0xB6ED8547
[2025-08-07 14:19:23] Shell.ssd_write()              : read 8, content 0xE970D59B, for_script is True
[2025-08-07 14:19:23] Shell.ssd_write()              : [Write] Done - 8, 0xE970D59B
[2025-08-07 14:19:23] Shell.ssd_write()              : read 9, content 0xC493A5A3, for_script is True
[2025-08-07 14:19:23] Shell.ssd_write()              : [Write] Done - 9, 0xC493A5A3
[2025-08-07 14:19:23] Shell.ssd_write()              : read 10, content 0xBDF953B0, for_script is True
[2025-08-07 14:19:23] Shell.ssd_write()              : [Write] Done - 10, 0xBDF953B0
[2025-08-07 14:19:23] Shell.ssd_write()              : read 11, content 0x95225DB2, for_script is True
[2025-08-07 14:19:23] Shell.ssd_write()              : [Write] Done - 11, 0x95225DB2
[2025-08-07 14:19:23] Shell.ssd_write()              : read 12, content 0x51302FBF, for_script is True
[2025-08-07 14:19:24] Shell.ssd_write()              : [Write] Done - 12, 0x51302FBF
[2025-08-07 14:19:24] Shell.ssd_read()               : read 8, for_script is True
[2025-08-07 14:19:24] Shell.read_output()            : function executed
[2025-08-07 14:19:24] Shell.read_output()            : {'0': '0xE970D59B'}
[2025-08-07 14:19:24] Shell.ssd_read()               : [Read] LBA 8 : 0xE970D59B
[2025-08-07 14:19:24] Shell.ssd_read()               : read 9, for_script is True
[2025-08-07 14:19:24] Shell.read_output()            : function executed
[2025-08-07 14:19:24] Shell.read_output()            : {'0': '0xC493A5A3'}
[2025-08-07 14:19:24] Shell.ssd_read()               : [Read] LBA 9 : 0xC493A5A3
[2025-08-07 14:19:24] Shell.ssd_read()               : read 10, for_script is True
[2025-08-07 14:19:24] Shell.read_output()            : function executed
[2025-08-07 14:19:24] Shell.read_output()            : {'0': '0xBDF953B0'}
[2025-08-07 14:19:24] Shell.ssd_read()               : [Read] LBA 10 : 0xBDF953B0
[2025-08-07 14:19:24] Shell.ssd_read()               : read 11, for_script is True
[2025-08-07 14:19:24] Shell.read_output()            : function executed
[2025-08-07 14:19:24] Shell.read_output()            : {'0': '0x95225DB2'}
[2025-08-07 14:19:24] Shell.ssd_read()               : [Read] LBA 11 : 0x95225DB2
[2025-08-07 14:19:24] Shell.ssd_read()               : read 12, for_script is True
[2025-08-07 14:19:24] Shell.read_output()            : function executed
[2025-08-07 14:19:24] Shell.read_output()            : {'0': '0x51302FBF'}
[2025-08-07 14:19:24] Shell.ssd_read()               : [Read] LBA 12 : 0x51302FBF
[2025-08-07 14:19:24] Shell.ssd_write()              : read 9, content 0x4BA9EFD3, for_script is True
[2025-08-07 14:19:24] Shell.ssd_write()              : [Write] Done - 9, 0x4BA9EFD3
[2025-08-07 14:19:24] Shell.ssd_write()              : read 10, content 0x16AFADD9, for_script is True
[2025-08-07 14:19:24] Shell.ssd_write()              : [Write] Done - 10, 0x16AFADD9
[2025-08-07 14:19:24] Shell.ssd_write()              : read 11, content 0xCBF241DD, for_script is True
[2025-08-07 14:19:24] Shell.ssd_write()              : [Write] Done - 11, 0xCBF241DD
[2025-08-07 14:19:24] Shell.ssd_write()              : read 12, content 0xA83CD3DD, for_script is True
[2025-08-07 14:19:24] Shell.ssd_write()              : [Write] Done - 12, 0xA83CD3DD
[2025-08-07 14:19:24] Shell.ssd_write()              : read 13, content 0xD15B87DF, for_script is True
[2025-08-07 14:19:24] Shell.ssd_write()              : [Write] Done - 13, 0xD15B87DF
[2025-08-07 14:19:24] Shell.ssd_read()               : read 9, for_script is True
