[2025-08-07 14:15:32] Shell.ssd_write()              : [Write] Done - 2, 0x3AB3860D
[2025-08-07 14:15:32] Shell.ssd_write()              : read 3, content 0x07FC8210, for_script is True
[2025-08-07 14:15:32] Shell.ssd_write()              : [Write] Done - 3, 0x07FC8210
[2025-08-07 14:15:32] Shell.ssd_write()              : read 4, content 0x5CE18413, for_script is True
[2025-08-07 14:15:32] Shell.ssd_write()              : [Write] Done - 4, 0x5CE18413
[2025-08-07 14:15:32] Shell.ssd_read()               : read 0, for_script is True
[2025-08-07 14:15:32] Shell.read_output()            : function executed
[2025-08-07 14:15:32] Shell.read_output()            : {'0': '0xD404E000'}
[2025-08-07 14:15:32] Shell.ssd_read()               : [Read] LBA 0 : 0xD404E000
[2025-08-07 14:15:32] Shell.ssd_read()               : read 1, for_script is True
[2025-08-07 14:15:32] Shell.read_output()            : function executed
[2025-08-07 14:15:32] Shell.read_output()            : {'0': '0xD7B58808'}
[2025-08-07 14:15:32] Shell.ssd_read()               : [Read] LBA 1 : 0xD7B58808
[2025-08-07 14:15:32] Shell.ssd_read()               : read 2, for_script is True
[2025-08-07 14:15:32] Shell.read_output()            : function executed
[2025-08-07 14:15:32] Shell.read_output()            : {'0': '0x3AB3860D'}
[2025-08-07 14:15:32] Shell.ssd_read()               : [Read] LBA 2 : 0x3AB3860D
[2025-08-07 14:15:32] Shell.ssd_read()               : read 3, for_script is True
[2025-08-07 14:15:32] Shell.read_output()            : function executed
[2025-08-07 14:15:32] Shell.read_output()            : {'0': '0x07FC8210'}
[2025-08-07 14:15:32] Shell.ssd_read()               : [Read] LBA 3 : 0x07FC8210
[2025-08-07 14:15:32] Shell.ssd_read()               : read 4, for_script is True
[2025-08-07 14:15:32] Shell.read_output()            : function executed
[2025-08-07 14:15:32] Shell.read_output()            : {'0': '0x5CE18413'}
[2025-08-07 14:15:32] Shell.ssd_read()               : [Read] LBA 4 : 0x5CE18413
[2025-08-07 14:15:32] Shell.ssd_write()              : read 1, content 0xB313502B, for_script is True
[2025-08-07 14:15:32] Shell.ssd_write()              : [Write] Done - 1, 0xB313502B
[2025-08-07 14:15:32] Shell.ssd_write()              : read 2, content 0xA91AFE36, for_script is True
[2025-08-07 14:15:32] Shell.ssd_write()              : [Write] Done - 2, 0xA91AFE36
[2025-08-07 14:15:32] Shell.ssd_write()              : read 3, content 0x39A29837, for_script is True
[2025-08-07 14:15:32] Shell.ssd_write()              : [Write] Done - 3, 0x39A29837
[2025-08-07 14:15:32] Shell.ssd_write()              : read 4, content 0xC3E1F83D, for_script is True
[2025-08-07 14:15:32] Shell.ssd_write()              : [Write] Done - 4, 0xC3E1F83D
[2025-08-07 14:15:32] Shell.ssd_write()              : read 5, content 0xC3E3F241, for_script is True
[2025-08-07 14:15:32] Shell.ssd_write()              : [Write] Done - 5, 0xC3E3F241
[2025-08-07 14:15:32] Shell.ssd_read()               : read 1, for_script is True
[2025-08-07 14:15:32] Shell.read_output()            : function executed
[2025-08-07 14:15:32] Shell.read_output()            : {'0': '0xB313502B'}
[2025-08-07 14:15:32] Shell.ssd_read()               : [Read] LBA 1 : 0xB313502B
[2025-08-07 14:15:32] Shell.ssd_read()               : read 2, for_script is True
[2025-08-07 14:15:33] Shell.read_output()            : function executed
[2025-08-07 14:15:33] Shell.read_output()            : {'0': '0xA91AFE36'}
[2025-08-07 14:15:33] Shell.ssd_read()               : [Read] LBA 2 : 0xA91AFE36
[2025-08-07 14:15:33] Shell.ssd_read()               : read 3, for_script is True
[2025-08-07 14:15:33] Shell.read_output()            : function executed
[2025-08-07 14:15:33] Shell.read_output()            : {'0': '0x39A29837'}
[2025-08-07 14:15:33] Shell.ssd_read()               : [Read] LBA 3 : 0x39A29837
[2025-08-07 14:15:33] Shell.ssd_read()               : read 4, for_script is True
[2025-08-07 14:15:33] Shell.read_output()            : function executed
[2025-08-07 14:15:33] Shell.read_output()            : {'0': '0xC3E1F83D'}
[2025-08-07 14:15:33] Shell.ssd_read()               : [Read] LBA 4 : 0xC3E1F83D
[2025-08-07 14:15:33] Shell.ssd_read()               : read 5, for_script is True
[2025-08-07 14:15:33] Shell.read_output()            : function executed
[2025-08-07 14:15:33] Shell.read_output()            : {'0': '0xC3E3F241'}
[2025-08-07 14:15:33] Shell.ssd_read()               : [Read] LBA 5 : 0xC3E3F241
[2025-08-07 14:15:33] Shell.ssd_write()              : read 2, content 0x784F1274, for_script is True
[2025-08-07 14:15:33] Shell.ssd_write()              : [Write] Done - 2, 0x784F1274
[2025-08-07 14:15:33] Shell.ssd_write()              : read 3, content 0x32A51E78, for_script is True
[2025-08-07 14:15:33] Shell.ssd_write()              : [Write] Done - 3, 0x32A51E78
[2025-08-07 14:15:33] Shell.ssd_write()              : read 4, content 0xB600407F, for_script is True
[2025-08-07 14:15:33] Shell.ssd_write()              : [Write] Done - 4, 0xB600407F
[2025-08-07 14:15:33] Shell.ssd_write()              : read 5, content 0x57E16A80, for_script is True
[2025-08-07 14:15:33] Shell.ssd_write()              : [Write] Done - 5, 0x57E16A80
[2025-08-07 14:15:33] Shell.ssd_write()              : read 6, content 0x7A372A8A, for_script is True
[2025-08-07 14:15:33] Shell.ssd_write()              : [Write] Done - 6, 0x7A372A8A
[2025-08-07 14:15:33] Shell.ssd_read()               : read 2, for_script is True
[2025-08-07 14:15:33] Shell.read_output()            : function executed
[2025-08-07 14:15:33] Shell.read_output()            : {'0': '0x784F1274'}
[2025-08-07 14:15:33] Shell.ssd_read()               : [Read] LBA 2 : 0x784F1274
[2025-08-07 14:15:33] Shell.ssd_read()               : read 3, for_script is True
[2025-08-07 14:15:33] Shell.read_output()            : function executed
[2025-08-07 14:15:33] Shell.read_output()            : {'0': '0x32A51E78'}
[2025-08-07 14:15:33] Shell.ssd_read()               : [Read] LBA 3 : 0x32A51E78
[2025-08-07 14:15:33] Shell.ssd_read()               : read 4, for_script is True
[2025-08-07 14:15:33] Shell.read_output()            : function executed
[2025-08-07 14:15:33] Shell.read_output()            : {'0': '0xB600407F'}
[2025-08-07 14:15:33] Shell.ssd_read()               : [Read] LBA 4 : 0xB600407F
[2025-08-07 14:15:33] Shell.ssd_read()               : read 5, for_script is True
[2025-08-07 14:15:33] Shell.read_output()            : function executed
[2025-08-07 14:15:33] Shell.read_output()            : {'0': '0x57E16A80'}
[2025-08-07 14:15:33] Shell.ssd_read()               : [Read] LBA 5 : 0x57E16A80
[2025-08-07 14:15:33] Shell.ssd_read()               : read 6, for_script is True
[2025-08-07 14:15:33] Shell.read_output()            : function executed
[2025-08-07 14:15:33] Shell.read_output()            : {'0': '0x7A372A8A'}
[2025-08-07 14:15:33] Shell.ssd_read()               : [Read] LBA 6 : 0x7A372A8A
[2025-08-07 14:15:33] Shell.ssd_write()              : read 3, content 0xB47A209B, for_script is True
[2025-08-07 14:15:33] Shell.ssd_write()              : [Write] Done - 3, 0xB47A209B
[2025-08-07 14:15:33] Shell.ssd_write()              : read 4, content 0x697B509E, for_script is True
[2025-08-07 14:15:33] Shell.ssd_write()              : [Write] Done - 4, 0x697B509E
[2025-08-07 14:15:33] Shell.ssd_write()              : read 5, content 0x63763CA2, for_script is True
[2025-08-07 14:15:33] Shell.ssd_write()              : [Write] Done - 5, 0x63763CA2
[2025-08-07 14:15:33] Shell.ssd_write()              : read 6, content 0x0A12B2A8, for_script is True
[2025-08-07 14:15:33] Shell.ssd_write()              : [Write] Done - 6, 0x0A12B2A8
[2025-08-07 14:15:33] Shell.ssd_write()              : read 7, content 0x2CAB8EA9, for_script is True
[2025-08-07 14:15:34] Shell.ssd_write()              : [Write] Done - 7, 0x2CAB8EA9
[2025-08-07 14:15:34] Shell.ssd_read()               : read 3, for_script is True
[2025-08-07 14:15:34] Shell.read_output()            : function executed
[2025-08-07 14:15:34] Shell.read_output()            : {'0': '0xB47A209B'}
[2025-08-07 14:15:34] Shell.ssd_read()               : [Read] LBA 3 : 0xB47A209B
[2025-08-07 14:15:34] Shell.ssd_read()               : read 4, for_script is True
[2025-08-07 14:15:34] Shell.read_output()            : function executed
[2025-08-07 14:15:34] Shell.read_output()            : {'0': '0x697B509E'}
[2025-08-07 14:15:34] Shell.ssd_read()               : [Read] LBA 4 : 0x697B509E
[2025-08-07 14:15:34] Shell.ssd_read()               : read 5, for_script is True
[2025-08-07 14:15:34] Shell.read_output()            : function executed
[2025-08-07 14:15:34] Shell.read_output()            : {'0': '0x63763CA2'}
[2025-08-07 14:15:34] Shell.ssd_read()               : [Read] LBA 5 : 0x63763CA2
[2025-08-07 14:15:34] Shell.ssd_read()               : read 6, for_script is True
[2025-08-07 14:15:34] Shell.read_output()            : function executed
[2025-08-07 14:15:34] Shell.read_output()            : {'0': '0x0A12B2A8'}
[2025-08-07 14:15:34] Shell.ssd_read()               : [Read] LBA 6 : 0x0A12B2A8
[2025-08-07 14:15:34] Shell.ssd_read()               : read 7, for_script is True
[2025-08-07 14:15:34] Shell.read_output()            : function executed
[2025-08-07 14:15:34] Shell.read_output()            : {'0': '0x2CAB8EA9'}
[2025-08-07 14:15:34] Shell.ssd_read()               : [Read] LBA 7 : 0x2CAB8EA9
[2025-08-07 14:15:34] Shell.ssd_write()              : read 4, content 0x40B49AC0, for_script is True
[2025-08-07 14:15:34] Shell.ssd_write()              : [Write] Done - 4, 0x40B49AC0
[2025-08-07 14:15:34] Shell.ssd_write()              : read 5, content 0xBAD662C1, for_script is True
[2025-08-07 14:15:34] Shell.ssd_write()              : [Write] Done - 5, 0xBAD662C1
[2025-08-07 14:15:34] Shell.ssd_write()              : read 6, content 0x0F4D76C4, for_script is True
[2025-08-07 14:15:34] Shell.ssd_write()              : [Write] Done - 6, 0x0F4D76C4
[2025-08-07 14:15:34] Shell.ssd_write()              : read 7, content 0x0F0888C5, for_script is True
