[2025-08-07 14:17:59] Shell.read_output()            : function executed
[2025-08-07 14:17:59] Shell.read_output()            : {'0': '0x7D69A16B'}
[2025-08-07 14:17:59] Shell.ssd_read()               : [Read] LBA 8 : 0x7D69A16B
[2025-08-07 14:17:59] Shell.ssd_read()               : read 9, for_script is True
[2025-08-07 14:17:59] Shell.read_output()            : function executed
[2025-08-07 14:17:59] Shell.read_output()            : {'0': '0xAB1CFB7E'}
[2025-08-07 14:17:59] Shell.ssd_read()               : [Read] LBA 9 : 0xAB1CFB7E
[2025-08-07 14:17:59] Shell.ssd_read()               : read 10, for_script is True
[2025-08-07 14:17:59] Shell.read_output()            : function executed
[2025-08-07 14:17:59] Shell.read_output()            : {'0': '0xB95FDD7F'}
[2025-08-07 14:17:59] Shell.ssd_read()               : [Read] LBA 10 : 0xB95FDD7F
[2025-08-07 14:17:59] Shell.ssd_read()               : read 11, for_script is True
[2025-08-07 14:17:59] Shell.read_output()            : function executed
[2025-08-07 14:17:59] Shell.read_output()            : {'0': '0x6DC54D7F'}
[2025-08-07 14:17:59] Shell.ssd_read()               : [Read] LBA 11 : 0x6DC54D7F
[2025-08-07 14:17:59] Shell.ssd_write()              : read 8, content 0xCEC73587, for_script is True
[2025-08-07 14:17:59] Shell.ssd_write()              : [Write] Done - 8, 0xCEC73587
[2025-08-07 14:17:59] Shell.ssd_write()              : read 9, content 0xCBAC1B92, for_script is True
[2025-08-07 14:17:59] Shell.ssd_write()              : [Write] Done - 9, 0xCBAC1B92
[2025-08-07 14:17:59] Shell.ssd_write()              : read 10, content 0x25099196, for_script is True
[2025-08-07 14:17:59] Shell.ssd_write()              : [Write] Done - 10, 0x25099196
[2025-08-07 14:17:59] Shell.ssd_write()              : read 11, content 0x12C24997, for_script is True
[2025-08-07 14:18:00] Shell.ssd_write()              : [Write] Done - 11, 0x12C24997
[2025-08-07 14:18:00] Shell.ssd_write()              : read 12, content 0x083BCD9B, for_script is True
[2025-08-07 14:18:00] Shell.ssd_write()              : [Write] Done - 12, 0x083BCD9B
[2025-08-07 14:18:00] Shell.ssd_read()               : read 8, for_script is True
[2025-08-07 14:18:00] Shell.read_output()            : function executed
[2025-08-07 14:18:00] Shell.read_output()            : {'0': '0xCEC73587'}
[2025-08-07 14:18:00] Shell.ssd_read()               : [Read] LBA 8 : 0xCEC73587
[2025-08-07 14:18:00] Shell.ssd_read()               : read 9, for_script is True
[2025-08-07 14:18:00] Shell.read_output()            : function executed
[2025-08-07 14:18:00] Shell.read_output()            : {'0': '0xCBAC1B92'}
[2025-08-07 14:18:00] Shell.ssd_read()               : [Read] LBA 9 : 0xCBAC1B92
[2025-08-07 14:18:00] Shell.ssd_read()               : read 10, for_script is True
[2025-08-07 14:18:00] Shell.read_output()            : function executed
[2025-08-07 14:18:00] Shell.read_output()            : {'0': '0x25099196'}
[2025-08-07 14:18:00] Shell.ssd_read()               : [Read] LBA 10 : 0x25099196
[2025-08-07 14:18:00] Shell.ssd_read()               : read 11, for_script is True
[2025-08-07 14:18:00] Shell.read_output()            : function executed
[2025-08-07 14:18:00] Shell.read_output()            : {'0': '0x12C24997'}
[2025-08-07 14:18:00] Shell.ssd_read()               : [Read] LBA 11 : 0x12C24997
[2025-08-07 14:18:00] Shell.ssd_read()               : read 12, for_script is True
[2025-08-07 14:18:00] Shell.read_output()            : function executed
[2025-08-07 14:18:00] Shell.read_output()            : {'0': '0x083BCD9B'}
[2025-08-07 14:18:00] Shell.ssd_read()               : [Read] LBA 12 : 0x083BCD9B
[2025-08-07 14:18:00] Shell.ssd_write()              : read 9, content 0x6DBCC3D5, for_script is True
[2025-08-07 14:18:00] Shell.ssd_write()              : [Write] Done - 9, 0x6DBCC3D5
[2025-08-07 14:18:00] Shell.ssd_write()              : read 10, content 0x8B1E9DE6, for_script is True
[2025-08-07 14:18:00] Shell.ssd_write()              : [Write] Done - 10, 0x8B1E9DE6
[2025-08-07 14:18:00] Shell.ssd_write()              : read 11, content 0x32CFBBE8, for_script is True
[2025-08-07 14:18:00] Shell.ssd_write()              : [Write] Done - 11, 0x32CFBBE8
[2025-08-07 14:18:00] Shell.ssd_write()              : read 12, content 0xA7FEAFEB, for_script is True
[2025-08-07 14:18:00] Shell.ssd_write()              : [Write] Done - 12, 0xA7FEAFEB
[2025-08-07 14:18:00] Shell.ssd_write()              : read 13, content 0xBCFA49EE, for_script is True
[2025-08-07 14:18:00] Shell.ssd_write()              : [Write] Done - 13, 0xBCFA49EE
[2025-08-07 14:18:00] Shell.ssd_read()               : read 9, for_script is True
[2025-08-07 14:18:00] Shell.read_output()            : function executed
[2025-08-07 14:18:00] Shell.read_output()            : {'0': '0x6DBCC3D5'}
[2025-08-07 14:18:00] Shell.ssd_read()               : [Read] LBA 9 : 0x6DBCC3D5
[2025-08-07 14:18:00] Shell.ssd_read()               : read 10, for_script is True
[2025-08-07 14:18:00] Shell.read_output()            : function executed
[2025-08-07 14:18:00] Shell.read_output()            : {'0': '0x8B1E9DE6'}
[2025-08-07 14:18:00] Shell.ssd_read()               : [Read] LBA 10 : 0x8B1E9DE6
[2025-08-07 14:18:00] Shell.ssd_read()               : read 11, for_script is True
[2025-08-07 14:18:00] Shell.read_output()            : function executed
[2025-08-07 14:18:00] Shell.read_output()            : {'0': '0x32CFBBE8'}
[2025-08-07 14:18:00] Shell.ssd_read()               : [Read] LBA 11 : 0x32CFBBE8
[2025-08-07 14:18:00] Shell.ssd_read()               : read 12, for_script is True
[2025-08-07 14:18:00] Shell.read_output()            : function executed
[2025-08-07 14:18:00] Shell.read_output()            : {'0': '0xA7FEAFEB'}
[2025-08-07 14:18:00] Shell.ssd_read()               : [Read] LBA 12 : 0xA7FEAFEB
[2025-08-07 14:18:00] Shell.ssd_read()               : read 13, for_script is True
[2025-08-07 14:18:00] Shell.read_output()            : function executed
[2025-08-07 14:18:00] Shell.read_output()            : {'0': '0xBCFA49EE'}
[2025-08-07 14:18:00] Shell.ssd_read()               : [Read] LBA 13 : 0xBCFA49EE
[2025-08-07 14:19:19] Shell.read_command()           : wait command, preset command: 1_FullWriteAndReadCompare
[2025-08-07 14:19:19] Shell.read_command()           : input command: 1_FullWriteAndReadCompare
[2025-08-07 14:19:19] Shell.valid_check()            : command_args: ['1_FullWriteAndReadCompare']
[2025-08-07 14:19:19] Shell.is_valid_format()        : command_args: ['1_FullWriteAndReadCompare']
[2025-08-07 14:19:19] Shell.is_invalid_command()     : command_args: ['1_FullWriteAndReadCompare']
[2025-08-07 14:19:19] Shell.is_invalid_command()     : return False
[2025-08-07 14:19:19] Shell.is_invalid_para_length() : command_args: ['1_FullWriteAndReadCompare']
[2025-08-07 14:19:19] Shell.run_command()            : run command with 1_FullWriteAndReadCompare
[2025-08-07 14:19:19] Shell.script_1()               : script1 executed
[2025-08-07 14:19:19] Shell.ssd_write()              : read 0, content 0xDD8CB20C, for_script is True
[2025-08-07 14:19:19] Shell.ssd_write()              : [Write] Done - 0, 0xDD8CB20C
[2025-08-07 14:19:19] Shell.ssd_write()              : read 1, content 0x2C55B20D, for_script is True
[2025-08-07 14:19:19] Shell.ssd_write()              : [Write] Done - 1, 0x2C55B20D
[2025-08-07 14:19:19] Shell.ssd_write()              : read 2, content 0xEDD0080E, for_script is True
[2025-08-07 14:19:19] Shell.ssd_write()              : [Write] Done - 2, 0xEDD0080E
[2025-08-07 14:19:19] Shell.ssd_write()              : read 3, content 0xA857F812, for_script is True
[2025-08-07 14:19:19] Shell.ssd_write()              : [Write] Done - 3, 0xA857F812
[2025-08-07 14:19:19] Shell.ssd_write()              : read 4, content 0x74013A12, for_script is True
[2025-08-07 14:19:19] Shell.ssd_write()              : [Write] Done - 4, 0x74013A12
[2025-08-07 14:19:19] Shell.ssd_read()               : read 0, for_script is True
[2025-08-07 14:19:19] Shell.read_output()            : function executed
[2025-08-07 14:19:19] Shell.read_output()            : {'0': '0xDD8CB20C'}
[2025-08-07 14:19:19] Shell.ssd_read()               : [Read] LBA 0 : 0xDD8CB20C
[2025-08-07 14:19:19] Shell.ssd_read()               : read 1, for_script is True
[2025-08-07 14:19:19] Shell.read_output()            : function executed
[2025-08-07 14:19:19] Shell.read_output()            : {'0': '0x2C55B20D'}
[2025-08-07 14:19:19] Shell.ssd_read()               : [Read] LBA 1 : 0x2C55B20D
[2025-08-07 14:19:19] Shell.ssd_read()               : read 2, for_script is True
[2025-08-07 14:19:19] Shell.read_output()            : function executed
[2025-08-07 14:19:19] Shell.read_output()            : {'0': '0xEDD0080E'}
[2025-08-07 14:19:19] Shell.ssd_read()               : [Read] LBA 2 : 0xEDD0080E
[2025-08-07 14:19:19] Shell.ssd_read()               : read 3, for_script is True
[2025-08-07 14:19:19] Shell.read_output()            : function executed
[2025-08-07 14:19:19] Shell.read_output()            : {'0': '0xA857F812'}
[2025-08-07 14:19:19] Shell.ssd_read()               : [Read] LBA 3 : 0xA857F812
[2025-08-07 14:19:19] Shell.ssd_read()               : read 4, for_script is True
[2025-08-07 14:19:19] Shell.read_output()            : function executed
[2025-08-07 14:19:19] Shell.read_output()            : {'0': '0x74013A12'}
[2025-08-07 14:19:19] Shell.ssd_read()               : [Read] LBA 4 : 0x74013A12
[2025-08-07 14:19:19] Shell.ssd_write()              : read 1, content 0x4AA25E28, for_script is True
[2025-08-07 14:19:19] Shell.ssd_write()              : [Write] Done - 1, 0x4AA25E28
[2025-08-07 14:19:19] Shell.ssd_write()              : read 2, content 0x4BB29432, for_script is True
[2025-08-07 14:19:19] Shell.ssd_write()              : [Write] Done - 2, 0x4BB29432
[2025-08-07 14:19:19] Shell.ssd_write()              : read 3, content 0xFE85A637, for_script is True
[2025-08-07 14:19:19] Shell.ssd_write()              : [Write] Done - 3, 0xFE85A637
[2025-08-07 14:19:19] Shell.ssd_write()              : read 4, content 0x20D0083B, for_script is True
