[2025-08-07 14:16:15] Shell.ssd_read()               : [Read] LBA 7 : 0x122A32C6
[2025-08-07 14:16:15] Shell.ssd_write()              : read 4, content 0xF65EB6D9, for_script is True
[2025-08-07 14:16:15] Shell.ssd_write()              : [Write] Done - 4, 0xF65EB6D9
[2025-08-07 14:16:15] Shell.ssd_write()              : read 5, content 0x15D3A6E4, for_script is True
[2025-08-07 14:16:15] Shell.ssd_write()              : [Write] Done - 5, 0x15D3A6E4
[2025-08-07 14:16:15] Shell.ssd_write()              : read 6, content 0xAB5118E7, for_script is True
[2025-08-07 14:16:15] Shell.ssd_write()              : [Write] Done - 6, 0xAB5118E7
[2025-08-07 14:16:15] Shell.ssd_write()              : read 7, content 0xF56A1EF0, for_script is True
[2025-08-07 14:16:15] Shell.ssd_write()              : [Write] Done - 7, 0xF56A1EF0
[2025-08-07 14:16:15] Shell.ssd_write()              : read 8, content 0xD76EE8F6, for_script is True
[2025-08-07 14:16:15] Shell.ssd_write()              : [Write] Done - 8, 0xD76EE8F6
[2025-08-07 14:16:15] Shell.ssd_read()               : read 4, for_script is True
[2025-08-07 14:16:15] Shell.read_output()            : function executed
[2025-08-07 14:16:15] Shell.read_output()            : {'0': '0xF65EB6D9'}
[2025-08-07 14:16:15] Shell.ssd_read()               : [Read] LBA 4 : 0xF65EB6D9
[2025-08-07 14:16:15] Shell.ssd_read()               : read 5, for_script is True
[2025-08-07 14:16:15] Shell.read_output()            : function executed
[2025-08-07 14:16:15] Shell.read_output()            : {'0': '0x15D3A6E4'}
[2025-08-07 14:16:15] Shell.ssd_read()               : [Read] LBA 5 : 0x15D3A6E4
[2025-08-07 14:16:15] Shell.ssd_read()               : read 6, for_script is True
[2025-08-07 14:16:15] Shell.read_output()            : function executed
[2025-08-07 14:16:15] Shell.read_output()            : {'0': '0xAB5118E7'}
[2025-08-07 14:16:15] Shell.ssd_read()               : [Read] LBA 6 : 0xAB5118E7
[2025-08-07 14:16:15] Shell.ssd_read()               : read 7, for_script is True
[2025-08-07 14:16:15] Shell.read_output()            : function executed
[2025-08-07 14:16:15] Shell.read_output()            : {'0': '0xF56A1EF0'}
[2025-08-07 14:16:15] Shell.ssd_read()               : [Read] LBA 7 : 0xF56A1EF0
[2025-08-07 14:16:15] Shell.ssd_read()               : read 8, for_script is True
[2025-08-07 14:16:16] Shell.read_output()            : function executed
[2025-08-07 14:16:16] Shell.read_output()            : {'0': '0xD76EE8F6'}
[2025-08-07 14:16:16] Shell.ssd_read()               : [Read] LBA 8 : 0xD76EE8F6
[2025-08-07 14:16:16] Shell.ssd_write()              : read 5, content 0x7DBA7F18, for_script is True
[2025-08-07 14:16:16] Shell.ssd_write()              : [Write] Done - 5, 0x7DBA7F18
[2025-08-07 14:16:16] Shell.ssd_write()              : read 6, content 0xE8811B1C, for_script is True
[2025-08-07 14:16:16] Shell.ssd_write()              : [Write] Done - 6, 0xE8811B1C
[2025-08-07 14:16:16] Shell.ssd_write()              : read 7, content 0x4D53D721, for_script is True
[2025-08-07 14:16:16] Shell.ssd_write()              : [Write] Done - 7, 0x4D53D721
[2025-08-07 14:16:16] Shell.ssd_write()              : read 8, content 0x787C3926, for_script is True
[2025-08-07 14:16:16] Shell.ssd_write()              : [Write] Done - 8, 0x787C3926
[2025-08-07 14:16:16] Shell.ssd_write()              : read 9, content 0xEB40D12A, for_script is True
[2025-08-07 14:16:16] Shell.ssd_write()              : [Write] Done - 9, 0xEB40D12A
[2025-08-07 14:16:16] Shell.ssd_read()               : read 5, for_script is True
[2025-08-07 14:16:16] Shell.read_output()            : function executed
[2025-08-07 14:16:16] Shell.read_output()            : {'0': '0x7DBA7F18'}
[2025-08-07 14:16:16] Shell.ssd_read()               : [Read] LBA 5 : 0x7DBA7F18
[2025-08-07 14:16:16] Shell.ssd_read()               : read 6, for_script is True
[2025-08-07 14:16:16] Shell.read_output()            : function executed
[2025-08-07 14:16:16] Shell.read_output()            : {'0': '0xE8811B1C'}
[2025-08-07 14:16:16] Shell.ssd_read()               : [Read] LBA 6 : 0xE8811B1C
[2025-08-07 14:16:16] Shell.ssd_read()               : read 7, for_script is True
[2025-08-07 14:16:16] Shell.read_output()            : function executed
[2025-08-07 14:16:16] Shell.read_output()            : {'0': '0x4D53D721'}
[2025-08-07 14:16:16] Shell.ssd_read()               : [Read] LBA 7 : 0x4D53D721
[2025-08-07 14:16:16] Shell.ssd_read()               : read 8, for_script is True
[2025-08-07 14:16:16] Shell.read_output()            : function executed
[2025-08-07 14:16:16] Shell.read_output()            : {'0': '0x787C3926'}
[2025-08-07 14:16:16] Shell.ssd_read()               : [Read] LBA 8 : 0x787C3926
[2025-08-07 14:16:16] Shell.ssd_read()               : read 9, for_script is True
[2025-08-07 14:16:16] Shell.read_output()            : function executed
[2025-08-07 14:16:16] Shell.read_output()            : {'0': '0xEB40D12A'}
[2025-08-07 14:16:16] Shell.ssd_read()               : [Read] LBA 9 : 0xEB40D12A
[2025-08-07 14:16:16] Shell.ssd_write()              : read 6, content 0x529A6356, for_script is True
[2025-08-07 14:16:16] Shell.ssd_write()              : [Write] Done - 6, 0x529A6356
[2025-08-07 14:16:16] Shell.ssd_write()              : read 7, content 0x6DFF2159, for_script is True
[2025-08-07 14:16:16] Shell.ssd_write()              : [Write] Done - 7, 0x6DFF2159
[2025-08-07 14:16:16] Shell.ssd_write()              : read 8, content 0x30AD5F5C, for_script is True
[2025-08-07 14:16:16] Shell.ssd_write()              : [Write] Done - 8, 0x30AD5F5C
[2025-08-07 14:16:16] Shell.ssd_write()              : read 9, content 0xEDA14D60, for_script is True
[2025-08-07 14:16:16] Shell.ssd_write()              : [Write] Done - 9, 0xEDA14D60
[2025-08-07 14:16:16] Shell.ssd_write()              : read 10, content 0x01A8A163, for_script is True
[2025-08-07 14:16:16] Shell.ssd_write()              : [Write] Done - 10, 0x01A8A163
[2025-08-07 14:16:16] Shell.ssd_read()               : read 6, for_script is True
[2025-08-07 14:16:16] Shell.read_output()            : function executed
[2025-08-07 14:16:16] Shell.read_output()            : {'0': '0x529A6356'}
[2025-08-07 14:16:16] Shell.ssd_read()               : [Read] LBA 6 : 0x529A6356
[2025-08-07 14:16:16] Shell.ssd_read()               : read 7, for_script is True
[2025-08-07 14:16:17] Shell.read_output()            : function executed
[2025-08-07 14:16:17] Shell.read_output()            : {'0': '0x6DFF2159'}
[2025-08-07 14:16:17] Shell.ssd_read()               : [Read] LBA 7 : 0x6DFF2159
[2025-08-07 14:16:17] Shell.ssd_read()               : read 8, for_script is True
[2025-08-07 14:16:17] Shell.read_output()            : function executed
[2025-08-07 14:16:17] Shell.read_output()            : {'0': '0x30AD5F5C'}
[2025-08-07 14:16:17] Shell.ssd_read()               : [Read] LBA 8 : 0x30AD5F5C
[2025-08-07 14:16:17] Shell.ssd_read()               : read 9, for_script is True
[2025-08-07 14:16:17] Shell.read_output()            : function executed
[2025-08-07 14:16:17] Shell.read_output()            : {'0': '0xEDA14D60'}
[2025-08-07 14:16:17] Shell.ssd_read()               : [Read] LBA 9 : 0xEDA14D60
[2025-08-07 14:16:17] Shell.ssd_read()               : read 10, for_script is True
[2025-08-07 14:16:17] Shell.read_output()            : function executed
[2025-08-07 14:16:17] Shell.read_output()            : {'0': '0x01A8A163'}
[2025-08-07 14:16:17] Shell.ssd_read()               : [Read] LBA 10 : 0x01A8A163
[2025-08-07 14:16:17] Shell.ssd_write()              : read 7, content 0x901DE37D, for_script is True
[2025-08-07 14:16:17] Shell.ssd_write()              : [Write] Done - 7, 0x901DE37D
[2025-08-07 14:16:17] Shell.ssd_write()              : read 8, content 0xC2817F7F, for_script is True
[2025-08-07 14:16:17] Shell.ssd_write()              : [Write] Done - 8, 0xC2817F7F
[2025-08-07 14:16:17] Shell.ssd_write()              : read 9, content 0xC75A7780, for_script is True
[2025-08-07 14:16:17] Shell.ssd_write()              : [Write] Done - 9, 0xC75A7780
[2025-08-07 14:16:17] Shell.ssd_write()              : read 10, content 0x1C248185, for_script is True
[2025-08-07 14:16:17] Shell.ssd_write()              : [Write] Done - 10, 0x1C248185
[2025-08-07 14:16:17] Shell.ssd_write()              : read 11, content 0xBDC5D58C, for_script is True
[2025-08-07 14:16:17] Shell.ssd_write()              : [Write] Done - 11, 0xBDC5D58C
[2025-08-07 14:16:17] Shell.ssd_read()               : read 7, for_script is True
[2025-08-07 14:16:17] Shell.read_output()            : function executed
[2025-08-07 14:16:17] Shell.read_output()            : {'0': '0x901DE37D'}
[2025-08-07 14:16:17] Shell.ssd_read()               : [Read] LBA 7 : 0x901DE37D
[2025-08-07 14:16:17] Shell.ssd_read()               : read 8, for_script is True
[2025-08-07 14:16:17] Shell.read_output()            : function executed
[2025-08-07 14:16:17] Shell.read_output()            : {'0': '0xC2817F7F'}
[2025-08-07 14:16:17] Shell.ssd_read()               : [Read] LBA 8 : 0xC2817F7F
[2025-08-07 14:16:17] Shell.ssd_read()               : read 9, for_script is True
[2025-08-07 14:16:17] Shell.read_output()            : function executed
[2025-08-07 14:16:17] Shell.read_output()            : {'0': '0xC75A7780'}
[2025-08-07 14:16:17] Shell.ssd_read()               : [Read] LBA 9 : 0xC75A7780
[2025-08-07 14:16:17] Shell.ssd_read()               : read 10, for_script is True
[2025-08-07 14:16:17] Shell.read_output()            : function executed
[2025-08-07 14:16:17] Shell.read_output()            : {'0': '0x1C248185'}
[2025-08-07 14:16:17] Shell.ssd_read()               : [Read] LBA 10 : 0x1C248185
[2025-08-07 14:16:17] Shell.ssd_read()               : read 11, for_script is True
[2025-08-07 14:16:17] Shell.read_output()            : function executed
[2025-08-07 14:16:17] Shell.read_output()            : {'0': '0xBDC5D58C'}
[2025-08-07 14:16:17] Shell.ssd_read()               : [Read] LBA 11 : 0xBDC5D58C
[2025-08-07 14:16:17] Shell.ssd_write()              : read 8, content 0x592C179D, for_script is True
