[2025-08-07 14:16:40] Shell.ssd_read()               : read 9, for_script is True
[2025-08-07 14:16:40] Shell.read_output()            : function executed
[2025-08-07 14:16:40] Shell.read_output()            : {'0': '0x0A92DB2A'}
[2025-08-07 14:16:40] Shell.ssd_read()               : [Read] LBA 9 : 0x0A92DB2A
[2025-08-07 14:16:40] Shell.ssd_write()              : read 6, content 0xA8A3654F, for_script is True
[2025-08-07 14:16:40] Shell.ssd_write()              : [Write] Done - 6, 0xA8A3654F
[2025-08-07 14:16:40] Shell.ssd_write()              : read 7, content 0x85B17356, for_script is True
[2025-08-07 14:16:40] Shell.ssd_write()              : [Write] Done - 7, 0x85B17356
[2025-08-07 14:16:40] Shell.ssd_write()              : read 8, content 0x53C3B159, for_script is True
[2025-08-07 14:16:40] Shell.ssd_write()              : [Write] Done - 8, 0x53C3B159
[2025-08-07 14:16:40] Shell.ssd_write()              : read 9, content 0xCD3A3F60, for_script is True
[2025-08-07 14:16:40] Shell.ssd_write()              : [Write] Done - 9, 0xCD3A3F60
[2025-08-07 14:16:40] Shell.ssd_write()              : read 10, content 0x2449F562, for_script is True
[2025-08-07 14:16:40] Shell.ssd_write()              : [Write] Done - 10, 0x2449F562
[2025-08-07 14:16:40] Shell.ssd_read()               : read 6, for_script is True
[2025-08-07 14:16:40] Shell.read_output()            : function executed
[2025-08-07 14:16:40] Shell.read_output()            : {'0': '0xA8A3654F'}
[2025-08-07 14:16:40] Shell.ssd_read()               : [Read] LBA 6 : 0xA8A3654F
[2025-08-07 14:16:40] Shell.ssd_read()               : read 7, for_script is True
[2025-08-07 14:16:40] Shell.read_output()            : function executed
[2025-08-07 14:16:40] Shell.read_output()            : {'0': '0x85B17356'}
[2025-08-07 14:16:40] Shell.ssd_read()               : [Read] LBA 7 : 0x85B17356
[2025-08-07 14:16:40] Shell.ssd_read()               : read 8, for_script is True
[2025-08-07 14:16:40] Shell.read_output()            : function executed
[2025-08-07 14:16:40] Shell.read_output()            : {'0': '0x53C3B159'}
[2025-08-07 14:16:40] Shell.ssd_read()               : [Read] LBA 8 : 0x53C3B159
[2025-08-07 14:16:40] Shell.ssd_read()               : read 9, for_script is True
[2025-08-07 14:16:41] Shell.read_output()            : function executed
[2025-08-07 14:16:41] Shell.read_output()            : {'0': '0xCD3A3F60'}
[2025-08-07 14:16:41] Shell.ssd_read()               : [Read] LBA 9 : 0xCD3A3F60
[2025-08-07 14:16:41] Shell.ssd_read()               : read 10, for_script is True
[2025-08-07 14:16:41] Shell.read_output()            : function executed
[2025-08-07 14:16:41] Shell.read_output()            : {'0': '0x2449F562'}
[2025-08-07 14:16:41] Shell.ssd_read()               : [Read] LBA 10 : 0x2449F562
[2025-08-07 14:16:41] Shell.ssd_write()              : read 7, content 0x3A91CB72, for_script is True
[2025-08-07 14:16:41] Shell.ssd_write()              : [Write] Done - 7, 0x3A91CB72
[2025-08-07 14:16:41] Shell.ssd_write()              : read 8, content 0x4EA43973, for_script is True
[2025-08-07 14:16:41] Shell.ssd_write()              : [Write] Done - 8, 0x4EA43973
[2025-08-07 14:16:41] Shell.ssd_write()              : read 9, content 0xB889A97F, for_script is True
[2025-08-07 14:16:41] Shell.ssd_write()              : [Write] Done - 9, 0xB889A97F
[2025-08-07 14:16:41] Shell.ssd_write()              : read 10, content 0x8A457D85, for_script is True
[2025-08-07 14:16:41] Shell.ssd_write()              : [Write] Done - 10, 0x8A457D85
[2025-08-07 14:16:41] Shell.ssd_write()              : read 11, content 0x43E0E585, for_script is True
[2025-08-07 14:16:41] Shell.ssd_write()              : [Write] Done - 11, 0x43E0E585
[2025-08-07 14:16:41] Shell.ssd_read()               : read 7, for_script is True
[2025-08-07 14:16:41] Shell.read_output()            : function executed
[2025-08-07 14:16:41] Shell.read_output()            : {'0': '0x3A91CB72'}
[2025-08-07 14:16:41] Shell.ssd_read()               : [Read] LBA 7 : 0x3A91CB72
[2025-08-07 14:16:41] Shell.ssd_read()               : read 8, for_script is True
[2025-08-07 14:16:41] Shell.read_output()            : function executed
[2025-08-07 14:16:41] Shell.read_output()            : {'0': '0x4EA43973'}
[2025-08-07 14:16:41] Shell.ssd_read()               : [Read] LBA 8 : 0x4EA43973
[2025-08-07 14:16:41] Shell.ssd_read()               : read 9, for_script is True
[2025-08-07 14:16:41] Shell.read_output()            : function executed
[2025-08-07 14:16:41] Shell.read_output()            : {'0': '0xB889A97F'}
[2025-08-07 14:16:41] Shell.ssd_read()               : [Read] LBA 9 : 0xB889A97F
[2025-08-07 14:16:41] Shell.ssd_read()               : read 10, for_script is True
[2025-08-07 14:16:41] Shell.read_output()            : function executed
[2025-08-07 14:16:41] Shell.read_output()            : {'0': '0x8A457D85'}
[2025-08-07 14:16:41] Shell.ssd_read()               : [Read] LBA 10 : 0x8A457D85
[2025-08-07 14:16:41] Shell.ssd_read()               : read 11, for_script is True
[2025-08-07 14:16:41] Shell.read_output()            : function executed
[2025-08-07 14:16:41] Shell.read_output()            : {'0': '0x43E0E585'}
[2025-08-07 14:16:41] Shell.ssd_read()               : [Read] LBA 11 : 0x43E0E585
[2025-08-07 14:16:41] Shell.ssd_write()              : read 8, content 0xAA0623A2, for_script is True
[2025-08-07 14:16:41] Shell.ssd_write()              : [Write] Done - 8, 0xAA0623A2
[2025-08-07 14:16:41] Shell.ssd_write()              : read 9, content 0x658A25A6, for_script is True
[2025-08-07 14:16:41] Shell.ssd_write()              : [Write] Done - 9, 0x658A25A6
[2025-08-07 14:16:41] Shell.ssd_write()              : read 10, content 0xF22AFDAC, for_script is True
[2025-08-07 14:16:41] Shell.ssd_write()              : [Write] Done - 10, 0xF22AFDAC
[2025-08-07 14:16:41] Shell.ssd_write()              : read 11, content 0x5C38F1AE, for_script is True
[2025-08-07 14:16:41] Shell.ssd_write()              : [Write] Done - 11, 0x5C38F1AE
[2025-08-07 14:16:41] Shell.ssd_write()              : read 12, content 0x31BA43B5, for_script is True
[2025-08-07 14:16:41] Shell.ssd_write()              : [Write] Done - 12, 0x31BA43B5
[2025-08-07 14:16:41] Shell.ssd_read()               : read 8, for_script is True
[2025-08-07 14:16:41] Shell.read_output()            : function executed
[2025-08-07 14:16:41] Shell.read_output()            : {'0': '0xAA0623A2'}
[2025-08-07 14:16:41] Shell.ssd_read()               : [Read] LBA 8 : 0xAA0623A2
[2025-08-07 14:16:41] Shell.ssd_read()               : read 9, for_script is True
[2025-08-07 14:16:42] Shell.read_output()            : function executed
[2025-08-07 14:16:42] Shell.read_output()            : {'0': '0x658A25A6'}
[2025-08-07 14:16:42] Shell.ssd_read()               : [Read] LBA 9 : 0x658A25A6
[2025-08-07 14:16:42] Shell.ssd_read()               : read 10, for_script is True
[2025-08-07 14:16:42] Shell.read_output()            : function executed
[2025-08-07 14:16:42] Shell.read_output()            : {'0': '0xF22AFDAC'}
[2025-08-07 14:16:42] Shell.ssd_read()               : [Read] LBA 10 : 0xF22AFDAC
[2025-08-07 14:16:42] Shell.ssd_read()               : read 11, for_script is True
[2025-08-07 14:16:42] Shell.read_output()            : function executed
[2025-08-07 14:16:42] Shell.read_output()            : {'0': '0x5C38F1AE'}
[2025-08-07 14:16:42] Shell.ssd_read()               : [Read] LBA 11 : 0x5C38F1AE
[2025-08-07 14:16:42] Shell.ssd_read()               : read 12, for_script is True
[2025-08-07 14:16:42] Shell.read_output()            : function executed
[2025-08-07 14:16:42] Shell.read_output()            : {'0': '0x31BA43B5'}
[2025-08-07 14:16:42] Shell.ssd_read()               : [Read] LBA 12 : 0x31BA43B5
[2025-08-07 14:16:42] Shell.ssd_write()              : read 9, content 0x1357CDD8, for_script is True
[2025-08-07 14:16:42] Shell.ssd_write()              : [Write] Done - 9, 0x1357CDD8
[2025-08-07 14:16:42] Shell.ssd_write()              : read 10, content 0x723361D8, for_script is True
[2025-08-07 14:16:42] Shell.ssd_write()              : [Write] Done - 10, 0x723361D8
[2025-08-07 14:16:42] Shell.ssd_write()              : read 11, content 0x026DEBDE, for_script is True
[2025-08-07 14:16:42] Shell.ssd_write()              : [Write] Done - 11, 0x026DEBDE
[2025-08-07 14:16:42] Shell.ssd_write()              : read 12, content 0xDD6113DF, for_script is True
[2025-08-07 14:16:42] Shell.ssd_write()              : [Write] Done - 12, 0xDD6113DF
[2025-08-07 14:16:42] Shell.ssd_write()              : read 13, content 0xEE93ABE0, for_script is True
[2025-08-07 14:16:42] Shell.ssd_write()              : [Write] Done - 13, 0xEE93ABE0
[2025-08-07 14:16:42] Shell.ssd_read()               : read 9, for_script is True
[2025-08-07 14:16:42] Shell.read_output()            : function executed
[2025-08-07 14:16:42] Shell.read_output()            : {'0': '0x1357CDD8'}
[2025-08-07 14:16:42] Shell.ssd_read()               : [Read] LBA 9 : 0x1357CDD8
[2025-08-07 14:16:42] Shell.ssd_read()               : read 10, for_script is True
[2025-08-07 14:16:42] Shell.read_output()            : function executed
[2025-08-07 14:16:42] Shell.read_output()            : {'0': '0x723361D8'}
[2025-08-07 14:16:42] Shell.ssd_read()               : [Read] LBA 10 : 0x723361D8
[2025-08-07 14:16:42] Shell.ssd_read()               : read 11, for_script is True
[2025-08-07 14:16:42] Shell.read_output()            : function executed
[2025-08-07 14:16:42] Shell.read_output()            : {'0': '0x026DEBDE'}
[2025-08-07 14:16:42] Shell.ssd_read()               : [Read] LBA 11 : 0x026DEBDE
[2025-08-07 14:16:42] Shell.ssd_read()               : read 12, for_script is True
[2025-08-07 14:16:42] Shell.read_output()            : function executed
[2025-08-07 14:16:42] Shell.read_output()            : {'0': '0xDD6113DF'}
[2025-08-07 14:16:42] Shell.ssd_read()               : [Read] LBA 12 : 0xDD6113DF
[2025-08-07 14:16:42] Shell.ssd_read()               : read 13, for_script is True
[2025-08-07 14:16:42] Shell.read_output()            : function executed
