[2025-08-07 14:16:38] Shell.read_output()            : function executed
[2025-08-07 14:16:38] Shell.read_output()            : {'0': '0xC2102A58'}
[2025-08-07 14:16:38] Shell.ssd_read()               : [Read] LBA 4 : 0xC2102A58
[2025-08-07 14:16:38] Shell.ssd_read()               : read 5, for_script is True
[2025-08-07 14:16:38] Shell.read_output()            : function executed
[2025-08-07 14:16:38] Shell.read_output()            : {'0': '0x5222265B'}
[2025-08-07 14:16:38] Shell.ssd_read()               : [Read] LBA 5 : 0x5222265B
[2025-08-07 14:16:38] Shell.ssd_write()              : read 2, content 0xEF35007E, for_script is True
[2025-08-07 14:16:38] Shell.ssd_write()              : [Write] Done - 2, 0xEF35007E
[2025-08-07 14:16:38] Shell.ssd_write()              : read 3, content 0xFEDE0A82, for_script is True
[2025-08-07 14:16:38] Shell.ssd_write()              : [Write] Done - 3, 0xFEDE0A82
[2025-08-07 14:16:38] Shell.ssd_write()              : read 4, content 0x3289E687, for_script is True
[2025-08-07 14:16:38] Shell.ssd_write()              : [Write] Done - 4, 0x3289E687
[2025-08-07 14:16:38] Shell.ssd_write()              : read 5, content 0x129DC28D, for_script is True
[2025-08-07 14:16:38] Shell.ssd_write()              : [Write] Done - 5, 0x129DC28D
[2025-08-07 14:16:38] Shell.ssd_write()              : read 6, content 0x4D7CAA8E, for_script is True
[2025-08-07 14:16:38] Shell.ssd_write()              : [Write] Done - 6, 0x4D7CAA8E
[2025-08-07 14:16:38] Shell.ssd_read()               : read 2, for_script is True
[2025-08-07 14:16:38] Shell.read_output()            : function executed
[2025-08-07 14:16:38] Shell.read_output()            : {'0': '0xEF35007E'}
[2025-08-07 14:16:38] Shell.ssd_read()               : [Read] LBA 2 : 0xEF35007E
[2025-08-07 14:16:38] Shell.ssd_read()               : read 3, for_script is True
[2025-08-07 14:16:38] Shell.read_output()            : function executed
[2025-08-07 14:16:38] Shell.read_output()            : {'0': '0xFEDE0A82'}
[2025-08-07 14:16:38] Shell.ssd_read()               : [Read] LBA 3 : 0xFEDE0A82
[2025-08-07 14:16:38] Shell.ssd_read()               : read 4, for_script is True
[2025-08-07 14:16:38] Shell.read_output()            : function executed
[2025-08-07 14:16:38] Shell.read_output()            : {'0': '0x3289E687'}
[2025-08-07 14:16:38] Shell.ssd_read()               : [Read] LBA 4 : 0x3289E687
[2025-08-07 14:16:38] Shell.ssd_read()               : read 5, for_script is True
[2025-08-07 14:16:38] Shell.read_output()            : function executed
[2025-08-07 14:16:38] Shell.read_output()            : {'0': '0x129DC28D'}
[2025-08-07 14:16:38] Shell.ssd_read()               : [Read] LBA 5 : 0x129DC28D
[2025-08-07 14:16:38] Shell.ssd_read()               : read 6, for_script is True
[2025-08-07 14:16:38] Shell.read_output()            : function executed
[2025-08-07 14:16:38] Shell.read_output()            : {'0': '0x4D7CAA8E'}
[2025-08-07 14:16:38] Shell.ssd_read()               : [Read] LBA 6 : 0x4D7CAA8E
[2025-08-07 14:16:38] Shell.ssd_write()              : read 3, content 0xB1FAD6A7, for_script is True
[2025-08-07 14:16:38] Shell.ssd_write()              : [Write] Done - 3, 0xB1FAD6A7
[2025-08-07 14:16:38] Shell.ssd_write()              : read 4, content 0xDC8B94AC, for_script is True
[2025-08-07 14:16:38] Shell.ssd_write()              : [Write] Done - 4, 0xDC8B94AC
[2025-08-07 14:16:38] Shell.ssd_write()              : read 5, content 0x490962AE, for_script is True
[2025-08-07 14:16:39] Shell.ssd_write()              : [Write] Done - 5, 0x490962AE
[2025-08-07 14:16:39] Shell.ssd_write()              : read 6, content 0xD8BEB2B0, for_script is True
[2025-08-07 14:16:39] Shell.ssd_write()              : [Write] Done - 6, 0xD8BEB2B0
[2025-08-07 14:16:39] Shell.ssd_write()              : read 7, content 0xEF568AB4, for_script is True
[2025-08-07 14:16:39] Shell.ssd_write()              : [Write] Done - 7, 0xEF568AB4
[2025-08-07 14:16:39] Shell.ssd_read()               : read 3, for_script is True
[2025-08-07 14:16:39] Shell.read_output()            : function executed
[2025-08-07 14:16:39] Shell.read_output()            : {'0': '0xB1FAD6A7'}
[2025-08-07 14:16:39] Shell.ssd_read()               : [Read] LBA 3 : 0xB1FAD6A7
[2025-08-07 14:16:39] Shell.ssd_read()               : read 4, for_script is True
[2025-08-07 14:16:39] Shell.read_output()            : function executed
[2025-08-07 14:16:39] Shell.read_output()            : {'0': '0xDC8B94AC'}
[2025-08-07 14:16:39] Shell.ssd_read()               : [Read] LBA 4 : 0xDC8B94AC
[2025-08-07 14:16:39] Shell.ssd_read()               : read 5, for_script is True
[2025-08-07 14:16:39] Shell.read_output()            : function executed
[2025-08-07 14:16:39] Shell.read_output()            : {'0': '0x490962AE'}
[2025-08-07 14:16:39] Shell.ssd_read()               : [Read] LBA 5 : 0x490962AE
[2025-08-07 14:16:39] Shell.ssd_read()               : read 6, for_script is True
[2025-08-07 14:16:39] Shell.read_output()            : function executed
[2025-08-07 14:16:39] Shell.read_output()            : {'0': '0xD8BEB2B0'}
[2025-08-07 14:16:39] Shell.ssd_read()               : [Read] LBA 6 : 0xD8BEB2B0
[2025-08-07 14:16:39] Shell.ssd_read()               : read 7, for_script is True
[2025-08-07 14:16:39] Shell.read_output()            : function executed
[2025-08-07 14:16:39] Shell.read_output()            : {'0': '0xEF568AB4'}
[2025-08-07 14:16:39] Shell.ssd_read()               : [Read] LBA 7 : 0xEF568AB4
[2025-08-07 14:16:39] Shell.ssd_write()              : read 4, content 0x68E90ED9, for_script is True
[2025-08-07 14:16:39] Shell.ssd_write()              : [Write] Done - 4, 0x68E90ED9
[2025-08-07 14:16:39] Shell.ssd_write()              : read 5, content 0x947338DC, for_script is True
[2025-08-07 14:16:39] Shell.ssd_write()              : [Write] Done - 5, 0x947338DC
[2025-08-07 14:16:39] Shell.ssd_write()              : read 6, content 0x319124DD, for_script is True
[2025-08-07 14:16:39] Shell.ssd_write()              : [Write] Done - 6, 0x319124DD
[2025-08-07 14:16:39] Shell.ssd_write()              : read 7, content 0x8A1464E4, for_script is True
[2025-08-07 14:16:39] Shell.ssd_write()              : [Write] Done - 7, 0x8A1464E4
[2025-08-07 14:16:39] Shell.ssd_write()              : read 8, content 0x892132EF, for_script is True
[2025-08-07 14:16:39] Shell.ssd_write()              : [Write] Done - 8, 0x892132EF
[2025-08-07 14:16:39] Shell.ssd_read()               : read 4, for_script is True
[2025-08-07 14:16:39] Shell.read_output()            : function executed
[2025-08-07 14:16:39] Shell.read_output()            : {'0': '0x68E90ED9'}
[2025-08-07 14:16:39] Shell.ssd_read()               : [Read] LBA 4 : 0x68E90ED9
[2025-08-07 14:16:39] Shell.ssd_read()               : read 5, for_script is True
[2025-08-07 14:16:39] Shell.read_output()            : function executed
[2025-08-07 14:16:39] Shell.read_output()            : {'0': '0x947338DC'}
[2025-08-07 14:16:39] Shell.ssd_read()               : [Read] LBA 5 : 0x947338DC
[2025-08-07 14:16:39] Shell.ssd_read()               : read 6, for_script is True
[2025-08-07 14:16:39] Shell.read_output()            : function executed
[2025-08-07 14:16:39] Shell.read_output()            : {'0': '0x319124DD'}
[2025-08-07 14:16:39] Shell.ssd_read()               : [Read] LBA 6 : 0x319124DD
[2025-08-07 14:16:39] Shell.ssd_read()               : read 7, for_script is True
[2025-08-07 14:16:39] Shell.read_output()            : function executed
[2025-08-07 14:16:39] Shell.read_output()            : {'0': '0x8A1464E4'}
[2025-08-07 14:16:39] Shell.ssd_read()               : [Read] LBA 7 : 0x8A1464E4
[2025-08-07 14:16:39] Shell.ssd_read()               : read 8, for_script is True
[2025-08-07 14:16:39] Shell.read_output()            : function executed
[2025-08-07 14:16:39] Shell.read_output()            : {'0': '0x892132EF'}
[2025-08-07 14:16:39] Shell.ssd_read()               : [Read] LBA 8 : 0x892132EF
[2025-08-07 14:16:39] Shell.ssd_write()              : read 5, content 0xABBA9F00, for_script is True
[2025-08-07 14:16:40] Shell.ssd_write()              : [Write] Done - 5, 0xABBA9F00
[2025-08-07 14:16:40] Shell.ssd_write()              : read 6, content 0x26F1AF0A, for_script is True
[2025-08-07 14:16:40] Shell.ssd_write()              : [Write] Done - 6, 0x26F1AF0A
[2025-08-07 14:16:40] Shell.ssd_write()              : read 7, content 0x249F2B20, for_script is True
[2025-08-07 14:16:40] Shell.ssd_write()              : [Write] Done - 7, 0x249F2B20
[2025-08-07 14:16:40] Shell.ssd_write()              : read 8, content 0x8298F126, for_script is True
[2025-08-07 14:16:40] Shell.ssd_write()              : [Write] Done - 8, 0x8298F126
[2025-08-07 14:16:40] Shell.ssd_write()              : read 9, content 0x0A92DB2A, for_script is True
[2025-08-07 14:16:40] Shell.ssd_write()              : [Write] Done - 9, 0x0A92DB2A
[2025-08-07 14:16:40] Shell.ssd_read()               : read 5, for_script is True
[2025-08-07 14:16:40] Shell.read_output()            : function executed
[2025-08-07 14:16:40] Shell.read_output()            : {'0': '0xABBA9F00'}
[2025-08-07 14:16:40] Shell.ssd_read()               : [Read] LBA 5 : 0xABBA9F00
[2025-08-07 14:16:40] Shell.ssd_read()               : read 6, for_script is True
[2025-08-07 14:16:40] Shell.read_output()            : function executed
[2025-08-07 14:16:40] Shell.read_output()            : {'0': '0x26F1AF0A'}
[2025-08-07 14:16:40] Shell.ssd_read()               : [Read] LBA 6 : 0x26F1AF0A
[2025-08-07 14:16:40] Shell.ssd_read()               : read 7, for_script is True
[2025-08-07 14:16:40] Shell.read_output()            : function executed
[2025-08-07 14:16:40] Shell.read_output()            : {'0': '0x249F2B20'}
[2025-08-07 14:16:40] Shell.ssd_read()               : [Read] LBA 7 : 0x249F2B20
[2025-08-07 14:16:40] Shell.ssd_read()               : read 8, for_script is True
[2025-08-07 14:16:40] Shell.read_output()            : function executed
[2025-08-07 14:16:40] Shell.read_output()            : {'0': '0x8298F126'}
[2025-08-07 14:16:40] Shell.ssd_read()               : [Read] LBA 8 : 0x8298F126
