[2025-08-07 14:17:57] Shell.read_output()            : {'0': '0x9F01CAC0'}
[2025-08-07 14:17:57] Shell.ssd_read()               : [Read] LBA 3 : 0x9F01CAC0
[2025-08-07 14:17:57] Shell.ssd_read()               : read 4, for_script is True
[2025-08-07 14:17:57] Shell.read_output()            : function executed
[2025-08-07 14:17:57] Shell.read_output()            : {'0': '0xA6BD64C1'}
[2025-08-07 14:17:57] Shell.ssd_read()               : [Read] LBA 4 : 0xA6BD64C1
[2025-08-07 14:17:57] Shell.ssd_read()               : read 5, for_script is True
[2025-08-07 14:17:57] Shell.read_output()            : function executed
[2025-08-07 14:17:57] Shell.read_output()            : {'0': '0xA7BEA8C0'}
[2025-08-07 14:17:57] Shell.ssd_read()               : [Read] LBA 5 : 0xA7BEA8C0
[2025-08-07 14:17:57] Shell.ssd_read()               : read 6, for_script is True
[2025-08-07 14:17:57] Shell.read_output()            : function executed
[2025-08-07 14:17:57] Shell.read_output()            : {'0': '0x9D3210C0'}
[2025-08-07 14:17:57] Shell.ssd_read()               : [Read] LBA 6 : 0x9D3210C0
[2025-08-07 14:17:57] Shell.ssd_read()               : read 7, for_script is True
[2025-08-07 14:17:57] Shell.read_output()            : function executed
[2025-08-07 14:17:57] Shell.read_output()            : {'0': '0x8D4D0CCB'}
[2025-08-07 14:17:57] Shell.ssd_read()               : [Read] LBA 7 : 0x8D4D0CCB
[2025-08-07 14:17:57] Shell.ssd_write()              : read 4, content 0xD62E44E0, for_script is True
[2025-08-07 14:17:57] Shell.ssd_write()              : [Write] Done - 4, 0xD62E44E0
[2025-08-07 14:17:57] Shell.ssd_write()              : read 5, content 0xBBBEDAE5, for_script is True
[2025-08-07 14:17:57] Shell.ssd_write()              : [Write] Done - 5, 0xBBBEDAE5
[2025-08-07 14:17:57] Shell.ssd_write()              : read 6, content 0x6532D8EC, for_script is True
[2025-08-07 14:17:57] Shell.ssd_write()              : [Write] Done - 6, 0x6532D8EC
[2025-08-07 14:17:57] Shell.ssd_write()              : read 7, content 0x87744AF0, for_script is True
[2025-08-07 14:17:57] Shell.ssd_write()              : [Write] Done - 7, 0x87744AF0
[2025-08-07 14:17:57] Shell.ssd_write()              : read 8, content 0x2AC28CFF, for_script is True
[2025-08-07 14:17:57] Shell.ssd_write()              : [Write] Done - 8, 0x2AC28CFF
[2025-08-07 14:17:57] Shell.ssd_read()               : read 4, for_script is True
[2025-08-07 14:17:57] Shell.read_output()            : function executed
[2025-08-07 14:17:57] Shell.read_output()            : {'0': '0xD62E44E0'}
[2025-08-07 14:17:57] Shell.ssd_read()               : [Read] LBA 4 : 0xD62E44E0
[2025-08-07 14:17:57] Shell.ssd_read()               : read 5, for_script is True
[2025-08-07 14:17:58] Shell.read_output()            : function executed
[2025-08-07 14:17:58] Shell.read_output()            : {'0': '0xBBBEDAE5'}
[2025-08-07 14:17:58] Shell.ssd_read()               : [Read] LBA 5 : 0xBBBEDAE5
[2025-08-07 14:17:58] Shell.ssd_read()               : read 6, for_script is True
[2025-08-07 14:17:58] Shell.read_output()            : function executed
[2025-08-07 14:17:58] Shell.read_output()            : {'0': '0x6532D8EC'}
[2025-08-07 14:17:58] Shell.ssd_read()               : [Read] LBA 6 : 0x6532D8EC
[2025-08-07 14:17:58] Shell.ssd_read()               : read 7, for_script is True
[2025-08-07 14:17:58] Shell.read_output()            : function executed
[2025-08-07 14:17:58] Shell.read_output()            : {'0': '0x87744AF0'}
[2025-08-07 14:17:58] Shell.ssd_read()               : [Read] LBA 7 : 0x87744AF0
[2025-08-07 14:17:58] Shell.ssd_read()               : read 8, for_script is True
[2025-08-07 14:17:58] Shell.read_output()            : function executed
[2025-08-07 14:17:58] Shell.read_output()            : {'0': '0x2AC28CFF'}
[2025-08-07 14:17:58] Shell.ssd_read()               : [Read] LBA 8 : 0x2AC28CFF
[2025-08-07 14:17:58] Shell.ssd_write()              : read 5, content 0x628F0916, for_script is True
[2025-08-07 14:17:58] Shell.ssd_write()              : [Write] Done - 5, 0x628F0916
[2025-08-07 14:17:58] Shell.ssd_write()              : read 6, content 0xFD9FA917, for_script is True
[2025-08-07 14:17:58] Shell.ssd_write()              : [Write] Done - 6, 0xFD9FA917
[2025-08-07 14:17:58] Shell.ssd_write()              : read 7, content 0x72910116, for_script is True
[2025-08-07 14:17:58] Shell.ssd_write()              : [Write] Done - 7, 0x72910116
[2025-08-07 14:17:58] Shell.ssd_write()              : read 8, content 0x9181C717, for_script is True
[2025-08-07 14:17:58] Shell.ssd_write()              : [Write] Done - 8, 0x9181C717
[2025-08-07 14:17:58] Shell.ssd_write()              : read 9, content 0x7A952B1A, for_script is True
[2025-08-07 14:17:58] Shell.ssd_write()              : [Write] Done - 9, 0x7A952B1A
[2025-08-07 14:17:58] Shell.ssd_read()               : read 5, for_script is True
[2025-08-07 14:17:58] Shell.read_output()            : function executed
[2025-08-07 14:17:58] Shell.read_output()            : {'0': '0x628F0916'}
[2025-08-07 14:17:58] Shell.ssd_read()               : [Read] LBA 5 : 0x628F0916
[2025-08-07 14:17:58] Shell.ssd_read()               : read 6, for_script is True
[2025-08-07 14:17:58] Shell.read_output()            : function executed
[2025-08-07 14:17:58] Shell.read_output()            : {'0': '0xFD9FA917'}
[2025-08-07 14:17:58] Shell.ssd_read()               : [Read] LBA 6 : 0xFD9FA917
[2025-08-07 14:17:58] Shell.ssd_read()               : read 7, for_script is True
[2025-08-07 14:17:58] Shell.read_output()            : function executed
[2025-08-07 14:17:58] Shell.read_output()            : {'0': '0x72910116'}
[2025-08-07 14:17:58] Shell.ssd_read()               : [Read] LBA 7 : 0x72910116
[2025-08-07 14:17:58] Shell.ssd_read()               : read 8, for_script is True
[2025-08-07 14:17:58] Shell.read_output()            : function executed
[2025-08-07 14:17:58] Shell.read_output()            : {'0': '0x9181C717'}
[2025-08-07 14:17:58] Shell.ssd_read()               : [Read] LBA 8 : 0x9181C717
[2025-08-07 14:17:58] Shell.ssd_read()               : read 9, for_script is True
[2025-08-07 14:17:58] Shell.read_output()            : function executed
[2025-08-07 14:17:58] Shell.read_output()            : {'0': '0x7A952B1A'}
[2025-08-07 14:17:58] Shell.ssd_read()               : [Read] LBA 9 : 0x7A952B1A
[2025-08-07 14:17:58] Shell.ssd_write()              : read 6, content 0xCC355F3E, for_script is True
[2025-08-07 14:17:58] Shell.ssd_write()              : [Write] Done - 6, 0xCC355F3E
[2025-08-07 14:17:58] Shell.ssd_write()              : read 7, content 0x5DE4CD4C, for_script is True
[2025-08-07 14:17:58] Shell.ssd_write()              : [Write] Done - 7, 0x5DE4CD4C
[2025-08-07 14:17:58] Shell.ssd_write()              : read 8, content 0x3199DB4E, for_script is True
[2025-08-07 14:17:58] Shell.ssd_write()              : [Write] Done - 8, 0x3199DB4E
[2025-08-07 14:17:58] Shell.ssd_write()              : read 9, content 0x68601B51, for_script is True
[2025-08-07 14:17:58] Shell.ssd_write()              : [Write] Done - 9, 0x68601B51
[2025-08-07 14:17:58] Shell.ssd_write()              : read 10, content 0x8EBEAD58, for_script is True
[2025-08-07 14:17:58] Shell.ssd_write()              : [Write] Done - 10, 0x8EBEAD58
[2025-08-07 14:17:58] Shell.ssd_read()               : read 6, for_script is True
[2025-08-07 14:17:59] Shell.read_output()            : function executed
[2025-08-07 14:17:59] Shell.read_output()            : {'0': '0xCC355F3E'}
[2025-08-07 14:17:59] Shell.ssd_read()               : [Read] LBA 6 : 0xCC355F3E
[2025-08-07 14:17:59] Shell.ssd_read()               : read 7, for_script is True
[2025-08-07 14:17:59] Shell.read_output()            : function executed
[2025-08-07 14:17:59] Shell.read_output()            : {'0': '0x5DE4CD4C'}
[2025-08-07 14:17:59] Shell.ssd_read()               : [Read] LBA 7 : 0x5DE4CD4C
[2025-08-07 14:17:59] Shell.ssd_read()               : read 8, for_script is True
[2025-08-07 14:17:59] Shell.read_output()            : function executed
[2025-08-07 14:17:59] Shell.read_output()            : {'0': '0x3199DB4E'}
[2025-08-07 14:17:59] Shell.ssd_read()               : [Read] LBA 8 : 0x3199DB4E
[2025-08-07 14:17:59] Shell.ssd_read()               : read 9, for_script is True
[2025-08-07 14:17:59] Shell.read_output()            : function executed
[2025-08-07 14:17:59] Shell.read_output()            : {'0': '0x68601B51'}
[2025-08-07 14:17:59] Shell.ssd_read()               : [Read] LBA 9 : 0x68601B51
[2025-08-07 14:17:59] Shell.ssd_read()               : read 10, for_script is True
[2025-08-07 14:17:59] Shell.read_output()            : function executed
[2025-08-07 14:17:59] Shell.read_output()            : {'0': '0x8EBEAD58'}
[2025-08-07 14:17:59] Shell.ssd_read()               : [Read] LBA 10 : 0x8EBEAD58
[2025-08-07 14:17:59] Shell.ssd_write()              : read 7, content 0xFFDDCB6A, for_script is True
[2025-08-07 14:17:59] Shell.ssd_write()              : [Write] Done - 7, 0xFFDDCB6A
[2025-08-07 14:17:59] Shell.ssd_write()              : read 8, content 0x7D69A16B, for_script is True
[2025-08-07 14:17:59] Shell.ssd_write()              : [Write] Done - 8, 0x7D69A16B
[2025-08-07 14:17:59] Shell.ssd_write()              : read 9, content 0xAB1CFB7E, for_script is True
[2025-08-07 14:17:59] Shell.ssd_write()              : [Write] Done - 9, 0xAB1CFB7E
[2025-08-07 14:17:59] Shell.ssd_write()              : read 10, content 0xB95FDD7F, for_script is True
[2025-08-07 14:17:59] Shell.ssd_write()              : [Write] Done - 10, 0xB95FDD7F
[2025-08-07 14:17:59] Shell.ssd_write()              : read 11, content 0x6DC54D7F, for_script is True
[2025-08-07 14:17:59] Shell.ssd_write()              : [Write] Done - 11, 0x6DC54D7F
[2025-08-07 14:17:59] Shell.ssd_read()               : read 7, for_script is True
[2025-08-07 14:17:59] Shell.read_output()            : function executed
[2025-08-07 14:17:59] Shell.read_output()            : {'0': '0xFFDDCB6A'}
[2025-08-07 14:17:59] Shell.ssd_read()               : [Read] LBA 7 : 0xFFDDCB6A
[2025-08-07 14:17:59] Shell.ssd_read()               : read 8, for_script is True
