[2025-08-07 14:17:50] Shell.read_output()            : function executed
[2025-08-07 14:17:50] Shell.read_output()            : {'0': '0x80D23C35'}
[2025-08-07 14:17:50] Shell.ssd_read()               : [Read] LBA 2 : 0x80D23C35
[2025-08-07 14:17:50] Shell.ssd_read()               : read 3, for_script is True
[2025-08-07 14:17:50] Shell.read_output()            : function executed
[2025-08-07 14:17:50] Shell.read_output()            : {'0': '0xC0203637'}
[2025-08-07 14:17:50] Shell.ssd_read()               : [Read] LBA 3 : 0xC0203637
[2025-08-07 14:17:50] Shell.ssd_read()               : read 4, for_script is True
[2025-08-07 14:17:50] Shell.read_output()            : function executed
[2025-08-07 14:17:50] Shell.read_output()            : {'0': '0x2D7E5E3E'}
[2025-08-07 14:17:50] Shell.ssd_read()               : [Read] LBA 4 : 0x2D7E5E3E
[2025-08-07 14:17:50] Shell.ssd_read()               : read 5, for_script is True
[2025-08-07 14:17:50] Shell.read_output()            : function executed
[2025-08-07 14:17:50] Shell.read_output()            : {'0': '0x5BD46440'}
[2025-08-07 14:17:50] Shell.ssd_read()               : [Read] LBA 5 : 0x5BD46440
[2025-08-07 14:17:50] Shell.ssd_write()              : read 2, content 0xF9A83456, for_script is True
[2025-08-07 14:17:50] Shell.ssd_write()              : [Write] Done - 2, 0xF9A83456
[2025-08-07 14:17:50] Shell.ssd_write()              : read 3, content 0x0A362456, for_script is True
[2025-08-07 14:17:51] Shell.ssd_write()              : [Write] Done - 3, 0x0A362456
[2025-08-07 14:17:51] Shell.ssd_write()              : read 4, content 0xED84166E, for_script is True
[2025-08-07 14:17:51] Shell.ssd_write()              : [Write] Done - 4, 0xED84166E
[2025-08-07 14:17:51] Shell.ssd_write()              : read 5, content 0x92D2D670, for_script is True
[2025-08-07 14:17:51] Shell.ssd_write()              : [Write] Done - 5, 0x92D2D670
[2025-08-07 14:17:51] Shell.ssd_write()              : read 6, content 0xD4AD0276, for_script is True
[2025-08-07 14:17:51] Shell.ssd_write()              : [Write] Done - 6, 0xD4AD0276
[2025-08-07 14:17:51] Shell.ssd_read()               : read 2, for_script is True
[2025-08-07 14:17:51] Shell.read_output()            : function executed
[2025-08-07 14:17:51] Shell.read_output()            : {'0': '0xF9A83456'}
[2025-08-07 14:17:51] Shell.ssd_read()               : [Read] LBA 2 : 0xF9A83456
[2025-08-07 14:17:51] Shell.ssd_read()               : read 3, for_script is True
[2025-08-07 14:17:51] Shell.read_output()            : function executed
[2025-08-07 14:17:51] Shell.read_output()            : {'0': '0x0A362456'}
[2025-08-07 14:17:51] Shell.ssd_read()               : [Read] LBA 3 : 0x0A362456
[2025-08-07 14:17:51] Shell.ssd_read()               : read 4, for_script is True
[2025-08-07 14:17:51] Shell.read_output()            : function executed
[2025-08-07 14:17:51] Shell.read_output()            : {'0': '0xED84166E'}
[2025-08-07 14:17:51] Shell.ssd_read()               : [Read] LBA 4 : 0xED84166E
[2025-08-07 14:17:51] Shell.ssd_read()               : read 5, for_script is True
[2025-08-07 14:17:51] Shell.read_output()            : function executed
[2025-08-07 14:17:51] Shell.read_output()            : {'0': '0x92D2D670'}
[2025-08-07 14:17:51] Shell.ssd_read()               : [Read] LBA 5 : 0x92D2D670
[2025-08-07 14:17:51] Shell.ssd_read()               : read 6, for_script is True
[2025-08-07 14:17:51] Shell.read_output()            : function executed
[2025-08-07 14:17:51] Shell.read_output()            : {'0': '0xD4AD0276'}
[2025-08-07 14:17:51] Shell.ssd_read()               : [Read] LBA 6 : 0xD4AD0276
[2025-08-07 14:17:51] Shell.ssd_write()              : read 3, content 0x08F1C693, for_script is True
[2025-08-07 14:17:51] Shell.ssd_write()              : [Write] Done - 3, 0x08F1C693
[2025-08-07 14:17:51] Shell.ssd_write()              : read 4, content 0xC6002C96, for_script is True
[2025-08-07 14:17:51] Shell.ssd_write()              : [Write] Done - 4, 0xC6002C96
[2025-08-07 14:17:51] Shell.ssd_write()              : read 5, content 0x47118C98, for_script is True
[2025-08-07 14:17:51] Shell.ssd_write()              : [Write] Done - 5, 0x47118C98
[2025-08-07 14:17:51] Shell.ssd_write()              : read 6, content 0xA9F950A2, for_script is True
[2025-08-07 14:17:51] Shell.ssd_write()              : [Write] Done - 6, 0xA9F950A2
[2025-08-07 14:17:51] Shell.ssd_write()              : read 7, content 0x62C056A9, for_script is True
[2025-08-07 14:17:51] Shell.ssd_write()              : [Write] Done - 7, 0x62C056A9
[2025-08-07 14:17:51] Shell.ssd_read()               : read 3, for_script is True
[2025-08-07 14:17:51] Shell.read_output()            : function executed
[2025-08-07 14:17:51] Shell.read_output()            : {'0': '0x08F1C693'}
[2025-08-07 14:17:51] Shell.ssd_read()               : [Read] LBA 3 : 0x08F1C693
[2025-08-07 14:17:51] Shell.ssd_read()               : read 4, for_script is True
[2025-08-07 14:17:51] Shell.read_output()            : function executed
[2025-08-07 14:17:51] Shell.read_output()            : {'0': '0xC6002C96'}
[2025-08-07 14:17:51] Shell.ssd_read()               : [Read] LBA 4 : 0xC6002C96
[2025-08-07 14:17:51] Shell.ssd_read()               : read 5, for_script is True
[2025-08-07 14:17:51] Shell.read_output()            : function executed
[2025-08-07 14:17:51] Shell.read_output()            : {'0': '0x47118C98'}
[2025-08-07 14:17:51] Shell.ssd_read()               : [Read] LBA 5 : 0x47118C98
[2025-08-07 14:17:51] Shell.ssd_read()               : read 6, for_script is True
[2025-08-07 14:17:51] Shell.read_output()            : function executed
[2025-08-07 14:17:51] Shell.read_output()            : {'0': '0xA9F950A2'}
[2025-08-07 14:17:51] Shell.ssd_read()               : [Read] LBA 6 : 0xA9F950A2
[2025-08-07 14:17:51] Shell.ssd_read()               : read 7, for_script is True
[2025-08-07 14:17:52] Shell.read_output()            : function executed
[2025-08-07 14:17:52] Shell.read_output()            : {'0': '0x62C056A9'}
[2025-08-07 14:17:52] Shell.ssd_read()               : [Read] LBA 7 : 0x62C056A9
[2025-08-07 14:17:52] Shell.ssd_write()              : read 4, content 0x8F50AAD8, for_script is True
[2025-08-07 14:17:52] Shell.ssd_write()              : [Write] Done - 4, 0x8F50AAD8
[2025-08-07 14:17:52] Shell.ssd_write()              : read 5, content 0xFDF48AD9, for_script is True
[2025-08-07 14:17:52] Shell.ssd_write()              : [Write] Done - 5, 0xFDF48AD9
[2025-08-07 14:17:52] Shell.ssd_write()              : read 6, content 0x0142CEDB, for_script is True
[2025-08-07 14:17:52] Shell.ssd_write()              : [Write] Done - 6, 0x0142CEDB
[2025-08-07 14:17:52] Shell.ssd_write()              : read 7, content 0x6040A8E0, for_script is True
[2025-08-07 14:17:52] Shell.ssd_write()              : [Write] Done - 7, 0x6040A8E0
[2025-08-07 14:17:52] Shell.ssd_write()              : read 8, content 0x734D62E6, for_script is True
[2025-08-07 14:17:52] Shell.ssd_write()              : [Write] Done - 8, 0x734D62E6
[2025-08-07 14:17:52] Shell.ssd_read()               : read 4, for_script is True
[2025-08-07 14:17:52] Shell.read_output()            : function executed
[2025-08-07 14:17:52] Shell.read_output()            : {'0': '0x8F50AAD8'}
[2025-08-07 14:17:52] Shell.ssd_read()               : [Read] LBA 4 : 0x8F50AAD8
[2025-08-07 14:17:52] Shell.ssd_read()               : read 5, for_script is True
[2025-08-07 14:17:52] Shell.read_output()            : function executed
[2025-08-07 14:17:52] Shell.read_output()            : {'0': '0xFDF48AD9'}
[2025-08-07 14:17:52] Shell.ssd_read()               : [Read] LBA 5 : 0xFDF48AD9
[2025-08-07 14:17:52] Shell.ssd_read()               : read 6, for_script is True
[2025-08-07 14:17:52] Shell.read_output()            : function executed
[2025-08-07 14:17:52] Shell.read_output()            : {'0': '0x0142CEDB'}
[2025-08-07 14:17:52] Shell.ssd_read()               : [Read] LBA 6 : 0x0142CEDB
[2025-08-07 14:17:52] Shell.ssd_read()               : read 7, for_script is True
[2025-08-07 14:17:52] Shell.read_output()            : function executed
[2025-08-07 14:17:52] Shell.read_output()            : {'0': '0x6040A8E0'}
[2025-08-07 14:17:52] Shell.ssd_read()               : [Read] LBA 7 : 0x6040A8E0
[2025-08-07 14:17:52] Shell.ssd_read()               : read 8, for_script is True
[2025-08-07 14:17:52] Shell.read_output()            : function executed
[2025-08-07 14:17:52] Shell.read_output()            : {'0': '0x734D62E6'}
[2025-08-07 14:17:52] Shell.ssd_read()               : [Read] LBA 8 : 0x734D62E6
[2025-08-07 14:17:52] Shell.ssd_write()              : read 5, content 0x52CD6CFB, for_script is True
[2025-08-07 14:17:52] Shell.ssd_write()              : [Write] Done - 5, 0x52CD6CFB
[2025-08-07 14:17:52] Shell.ssd_write()              : read 6, content 0xDD14EB00, for_script is True
[2025-08-07 14:17:52] Shell.ssd_write()              : [Write] Done - 6, 0xDD14EB00
[2025-08-07 14:17:52] Shell.ssd_write()              : read 7, content 0xDE5F2902, for_script is True
[2025-08-07 14:17:52] Shell.ssd_write()              : [Write] Done - 7, 0xDE5F2902
[2025-08-07 14:17:52] Shell.ssd_write()              : read 8, content 0xB412B107, for_script is True
[2025-08-07 14:17:52] Shell.ssd_write()              : [Write] Done - 8, 0xB412B107
[2025-08-07 14:17:52] Shell.ssd_write()              : read 9, content 0xB7DDDB0F, for_script is True
[2025-08-07 14:17:52] Shell.ssd_write()              : [Write] Done - 9, 0xB7DDDB0F
[2025-08-07 14:17:52] Shell.ssd_read()               : read 5, for_script is True
[2025-08-07 14:17:52] Shell.read_output()            : function executed
[2025-08-07 14:17:52] Shell.read_output()            : {'0': '0x52CD6CFB'}
[2025-08-07 14:17:52] Shell.ssd_read()               : [Read] LBA 5 : 0x52CD6CFB
[2025-08-07 14:17:52] Shell.ssd_read()               : read 6, for_script is True
[2025-08-07 14:17:52] Shell.read_output()            : function executed
[2025-08-07 14:17:52] Shell.read_output()            : {'0': '0xDD14EB00'}
[2025-08-07 14:17:52] Shell.ssd_read()               : [Read] LBA 6 : 0xDD14EB00
