[2025-08-07 14:14:55] Shell.ssd_read()               : read 10, for_script is True
[2025-08-07 14:14:55] Shell.read_output()            : function executed
[2025-08-07 14:14:55] Shell.read_output()            : {'0': '0x5DECFFC0'}
[2025-08-07 14:14:55] Shell.ssd_read()               : [Read] LBA 10 : 0x5DECFFC0
[2025-08-07 14:14:55] Shell.ssd_read()               : read 11, for_script is True
[2025-08-07 14:14:55] Shell.read_output()            : function executed
[2025-08-07 14:14:55] Shell.read_output()            : {'0': '0xF77A5DC0'}
[2025-08-07 14:14:55] Shell.ssd_read()               : [Read] LBA 11 : 0xF77A5DC0
[2025-08-07 14:14:55] Shell.ssd_read()               : read 12, for_script is True
[2025-08-07 14:14:55] Shell.read_output()            : function executed
[2025-08-07 14:14:55] Shell.read_output()            : {'0': '0x1FF6D3C5'}
[2025-08-07 14:14:55] Shell.ssd_read()               : [Read] LBA 12 : 0x1FF6D3C5
[2025-08-07 14:14:55] Shell.ssd_write()              : read 9, content 0x3D5F7DD8, for_script is True
[2025-08-07 14:14:55] Shell.ssd_write()              : [Write] Done - 9, 0x3D5F7DD8
[2025-08-07 14:14:55] Shell.ssd_write()              : read 10, content 0x772C53D8, for_script is True
[2025-08-07 14:14:55] Shell.ssd_write()              : [Write] Done - 10, 0x772C53D8
[2025-08-07 14:14:55] Shell.ssd_write()              : read 11, content 0x82AD81DA, for_script is True
[2025-08-07 14:14:55] Shell.ssd_write()              : [Write] Done - 11, 0x82AD81DA
[2025-08-07 14:14:55] Shell.ssd_write()              : read 12, content 0xB7BBC7DB, for_script is True
[2025-08-07 14:14:55] Shell.ssd_write()              : [Write] Done - 12, 0xB7BBC7DB
[2025-08-07 14:14:55] Shell.ssd_write()              : read 13, content 0x1C4DCDDC, for_script is True
[2025-08-07 14:14:55] Shell.ssd_write()              : [Write] Done - 13, 0x1C4DCDDC
[2025-08-07 14:14:55] Shell.ssd_read()               : read 9, for_script is True
[2025-08-07 14:14:55] Shell.read_output()            : function executed
[2025-08-07 14:14:55] Shell.read_output()            : {'0': '0x3D5F7DD8'}
[2025-08-07 14:14:55] Shell.ssd_read()               : [Read] LBA 9 : 0x3D5F7DD8
[2025-08-07 14:14:55] Shell.ssd_read()               : read 10, for_script is True
[2025-08-07 14:14:55] Shell.read_output()            : function executed
[2025-08-07 14:14:55] Shell.read_output()            : {'0': '0x772C53D8'}
[2025-08-07 14:14:55] Shell.ssd_read()               : [Read] LBA 10 : 0x772C53D8
[2025-08-07 14:14:55] Shell.ssd_read()               : read 11, for_script is True
[2025-08-07 14:14:55] Shell.read_output()            : function executed
[2025-08-07 14:14:55] Shell.read_output()            : {'0': '0x82AD81DA'}
[2025-08-07 14:14:55] Shell.ssd_read()               : [Read] LBA 11 : 0x82AD81DA
[2025-08-07 14:14:55] Shell.ssd_read()               : read 12, for_script is True
[2025-08-07 14:14:56] Shell.read_output()            : function executed
[2025-08-07 14:14:56] Shell.read_output()            : {'0': '0xB7BBC7DB'}
[2025-08-07 14:14:56] Shell.ssd_read()               : [Read] LBA 12 : 0xB7BBC7DB
[2025-08-07 14:14:56] Shell.ssd_read()               : read 13, for_script is True
[2025-08-07 14:14:56] Shell.read_output()            : function executed
[2025-08-07 14:14:56] Shell.read_output()            : {'0': '0x1C4DCDDC'}
[2025-08-07 14:14:56] Shell.ssd_read()               : [Read] LBA 13 : 0x1C4DCDDC
[2025-08-07 14:15:26] Shell.read_command()           : wait command, preset command: 1_FullWriteAndReadCompare
[2025-08-07 14:15:26] Shell.read_command()           : input command: 1_FullWriteAndReadCompare
[2025-08-07 14:15:26] Shell.valid_check()            : command_args: ['1_FullWriteAndReadCompare']
[2025-08-07 14:15:26] Shell.is_valid_format()        : command_args: ['1_FullWriteAndReadCompare']
[2025-08-07 14:15:26] Shell.is_invalid_command()     : command_args: ['1_FullWriteAndReadCompare']
[2025-08-07 14:15:26] Shell.is_invalid_command()     : return False
[2025-08-07 14:15:26] Shell.is_invalid_para_length() : command_args: ['1_FullWriteAndReadCompare']
[2025-08-07 14:15:26] Shell.run_command()            : run command with 1_FullWriteAndReadCompare
[2025-08-07 14:15:26] Shell.script_1()               : script1 executed
[2025-08-07 14:15:26] Shell.ssd_write()              : read 0, content 0x9A1AC603, for_script is True
[2025-08-07 14:15:26] Shell.ssd_write()              : [Write] Done - 0, 0x9A1AC603
[2025-08-07 14:15:26] Shell.ssd_write()              : read 1, content 0xBDD8A207, for_script is True
[2025-08-07 14:15:26] Shell.ssd_write()              : [Write] Done - 1, 0xBDD8A207
[2025-08-07 14:15:26] Shell.ssd_write()              : read 2, content 0x235C880A, for_script is True
[2025-08-07 14:15:26] Shell.ssd_write()              : [Write] Done - 2, 0x235C880A
[2025-08-07 14:15:26] Shell.ssd_write()              : read 3, content 0x0559A40F, for_script is True
[2025-08-07 14:15:26] Shell.ssd_write()              : [Write] Done - 3, 0x0559A40F
[2025-08-07 14:15:26] Shell.ssd_write()              : read 4, content 0x24601A10, for_script is True
[2025-08-07 14:15:26] Shell.ssd_write()              : [Write] Done - 4, 0x24601A10
[2025-08-07 14:15:26] Shell.ssd_read()               : read 0, for_script is True
[2025-08-07 14:15:26] Shell.read_output()            : function executed
[2025-08-07 14:15:26] Shell.read_output()            : {'0': '0x9A1AC603'}
[2025-08-07 14:15:26] Shell.ssd_read()               : [Read] LBA 0 : 0x9A1AC603
[2025-08-07 14:15:26] Shell.ssd_read()               : read 1, for_script is True
[2025-08-07 14:15:26] Shell.read_output()            : function executed
[2025-08-07 14:15:26] Shell.read_output()            : {'0': '0xBDD8A207'}
[2025-08-07 14:15:26] Shell.ssd_read()               : [Read] LBA 1 : 0xBDD8A207
[2025-08-07 14:15:26] Shell.ssd_read()               : read 2, for_script is True
[2025-08-07 14:15:26] Shell.read_output()            : function executed
[2025-08-07 14:15:26] Shell.read_output()            : {'0': '0x235C880A'}
[2025-08-07 14:15:26] Shell.ssd_read()               : [Read] LBA 2 : 0x235C880A
[2025-08-07 14:15:26] Shell.ssd_read()               : read 3, for_script is True
[2025-08-07 14:15:27] Shell.read_output()            : function executed
[2025-08-07 14:15:27] Shell.read_output()            : {'0': '0x0559A40F'}
[2025-08-07 14:15:27] Shell.ssd_read()               : [Read] LBA 3 : 0x0559A40F
[2025-08-07 14:15:27] Shell.ssd_read()               : read 4, for_script is True
[2025-08-07 14:15:27] Shell.read_output()            : function executed
[2025-08-07 14:15:27] Shell.read_output()            : {'0': '0x24601A10'}
[2025-08-07 14:15:27] Shell.ssd_read()               : [Read] LBA 4 : 0x24601A10
[2025-08-07 14:15:27] Shell.ssd_write()              : read 1, content 0x8AD2382D, for_script is True
[2025-08-07 14:15:27] Shell.ssd_write()              : [Write] Done - 1, 0x8AD2382D
[2025-08-07 14:15:27] Shell.ssd_write()              : read 2, content 0xB5E6D032, for_script is True
[2025-08-07 14:15:27] Shell.ssd_write()              : [Write] Done - 2, 0xB5E6D032
[2025-08-07 14:15:27] Shell.ssd_write()              : read 3, content 0xFCCA0A35, for_script is True
[2025-08-07 14:15:27] Shell.ssd_write()              : [Write] Done - 3, 0xFCCA0A35
[2025-08-07 14:15:27] Shell.ssd_write()              : read 4, content 0xE974563A, for_script is True
[2025-08-07 14:15:27] Shell.ssd_write()              : [Write] Done - 4, 0xE974563A
[2025-08-07 14:15:27] Shell.ssd_write()              : read 5, content 0xE17AEC3C, for_script is True
[2025-08-07 14:15:27] Shell.ssd_write()              : [Write] Done - 5, 0xE17AEC3C
[2025-08-07 14:15:27] Shell.ssd_read()               : read 1, for_script is True
[2025-08-07 14:15:27] Shell.read_output()            : function executed
[2025-08-07 14:15:27] Shell.read_output()            : {'0': '0x8AD2382D'}
[2025-08-07 14:15:27] Shell.ssd_read()               : [Read] LBA 1 : 0x8AD2382D
[2025-08-07 14:15:27] Shell.ssd_read()               : read 2, for_script is True
[2025-08-07 14:15:27] Shell.read_output()            : function executed
[2025-08-07 14:15:27] Shell.read_output()            : {'0': '0xB5E6D032'}
[2025-08-07 14:15:27] Shell.ssd_read()               : [Read] LBA 2 : 0xB5E6D032
[2025-08-07 14:15:27] Shell.ssd_read()               : read 3, for_script is True
[2025-08-07 14:15:27] Shell.read_output()            : function executed
[2025-08-07 14:15:27] Shell.read_output()            : {'0': '0xFCCA0A35'}
[2025-08-07 14:15:27] Shell.ssd_read()               : [Read] LBA 3 : 0xFCCA0A35
[2025-08-07 14:15:27] Shell.ssd_read()               : read 4, for_script is True
[2025-08-07 14:15:27] Shell.read_output()            : function executed
[2025-08-07 14:15:27] Shell.read_output()            : {'0': '0xE974563A'}
[2025-08-07 14:15:27] Shell.ssd_read()               : [Read] LBA 4 : 0xE974563A
[2025-08-07 14:15:27] Shell.ssd_read()               : read 5, for_script is True
[2025-08-07 14:15:27] Shell.read_output()            : function executed
[2025-08-07 14:15:27] Shell.read_output()            : {'0': '0xE17AEC3C'}
[2025-08-07 14:15:27] Shell.ssd_read()               : [Read] LBA 5 : 0xE17AEC3C
[2025-08-07 14:15:27] Shell.ssd_write()              : read 2, content 0x80E14266, for_script is True
[2025-08-07 14:15:27] Shell.ssd_write()              : [Write] Done - 2, 0x80E14266
[2025-08-07 14:15:27] Shell.ssd_write()              : read 3, content 0xC5744869, for_script is True
[2025-08-07 14:15:27] Shell.ssd_write()              : [Write] Done - 3, 0xC5744869
[2025-08-07 14:15:27] Shell.ssd_write()              : read 4, content 0x7321DC6A, for_script is True
[2025-08-07 14:15:27] Shell.ssd_write()              : [Write] Done - 4, 0x7321DC6A
[2025-08-07 14:15:27] Shell.ssd_write()              : read 5, content 0xDA9B9C70, for_script is True
[2025-08-07 14:15:27] Shell.ssd_write()              : [Write] Done - 5, 0xDA9B9C70
[2025-08-07 14:15:27] Shell.ssd_write()              : read 6, content 0x15ED647F, for_script is True
[2025-08-07 14:15:27] Shell.ssd_write()              : [Write] Done - 6, 0x15ED647F
